[2023-11-25T13:39:28.261+0000] {processor.py:157} INFO - Started process (PID=57) to work on /home/airflow/.local/lib/python3.8/site-packages/airflow/example_dags/example_task_group_decorator.py
[2023-11-25T13:39:28.262+0000] {processor.py:829} INFO - Processing file /home/airflow/.local/lib/python3.8/site-packages/airflow/example_dags/example_task_group_decorator.py for tasks to queue
[2023-11-25T13:39:28.264+0000] {logging_mixin.py:154} INFO - [2023-11-25T13:39:28.264+0000] {dagbag.py:536} INFO - Filling up the DagBag from /home/airflow/.local/lib/python3.8/site-packages/airflow/example_dags/example_task_group_decorator.py
[2023-11-25T13:39:28.280+0000] {processor.py:839} INFO - DAG(s) dict_keys(['example_task_group_decorator']) retrieved from /home/airflow/.local/lib/python3.8/site-packages/airflow/example_dags/example_task_group_decorator.py
[2023-11-25T13:39:28.294+0000] {logging_mixin.py:154} INFO - [2023-11-25T13:39:28.294+0000] {dag.py:2941} INFO - Sync 1 DAGs
[2023-11-25T13:39:28.333+0000] {logging_mixin.py:154} INFO - [2023-11-25T13:39:28.332+0000] {dag.py:3722} INFO - Setting next_dagrun for example_task_group_decorator to 2023-11-24T13:39:28.332666+00:00, run_after=2023-11-25T13:39:28.332666+00:00
[2023-11-25T13:39:28.355+0000] {processor.py:179} INFO - Processing /home/airflow/.local/lib/python3.8/site-packages/airflow/example_dags/example_task_group_decorator.py took 0.097 seconds
[2023-11-25T13:39:58.860+0000] {processor.py:157} INFO - Started process (PID=111) to work on /home/airflow/.local/lib/python3.8/site-packages/airflow/example_dags/example_task_group_decorator.py
[2023-11-25T13:39:58.861+0000] {processor.py:829} INFO - Processing file /home/airflow/.local/lib/python3.8/site-packages/airflow/example_dags/example_task_group_decorator.py for tasks to queue
[2023-11-25T13:39:58.863+0000] {logging_mixin.py:154} INFO - [2023-11-25T13:39:58.863+0000] {dagbag.py:536} INFO - Filling up the DagBag from /home/airflow/.local/lib/python3.8/site-packages/airflow/example_dags/example_task_group_decorator.py
[2023-11-25T13:39:58.879+0000] {processor.py:839} INFO - DAG(s) dict_keys(['example_task_group_decorator']) retrieved from /home/airflow/.local/lib/python3.8/site-packages/airflow/example_dags/example_task_group_decorator.py
[2023-11-25T13:39:58.906+0000] {logging_mixin.py:154} INFO - [2023-11-25T13:39:58.906+0000] {dag.py:2941} INFO - Sync 1 DAGs
[2023-11-25T13:39:58.928+0000] {logging_mixin.py:154} INFO - [2023-11-25T13:39:58.927+0000] {dag.py:3722} INFO - Setting next_dagrun for example_task_group_decorator to 2023-11-24T13:39:58.927756+00:00, run_after=2023-11-25T13:39:58.927756+00:00
[2023-11-25T13:39:58.944+0000] {processor.py:179} INFO - Processing /home/airflow/.local/lib/python3.8/site-packages/airflow/example_dags/example_task_group_decorator.py took 0.087 seconds
[2023-11-25T13:40:29.401+0000] {processor.py:157} INFO - Started process (PID=165) to work on /home/airflow/.local/lib/python3.8/site-packages/airflow/example_dags/example_task_group_decorator.py
[2023-11-25T13:40:29.402+0000] {processor.py:829} INFO - Processing file /home/airflow/.local/lib/python3.8/site-packages/airflow/example_dags/example_task_group_decorator.py for tasks to queue
[2023-11-25T13:40:29.404+0000] {logging_mixin.py:154} INFO - [2023-11-25T13:40:29.404+0000] {dagbag.py:536} INFO - Filling up the DagBag from /home/airflow/.local/lib/python3.8/site-packages/airflow/example_dags/example_task_group_decorator.py
[2023-11-25T13:40:29.419+0000] {processor.py:839} INFO - DAG(s) dict_keys(['example_task_group_decorator']) retrieved from /home/airflow/.local/lib/python3.8/site-packages/airflow/example_dags/example_task_group_decorator.py
[2023-11-25T13:40:29.446+0000] {logging_mixin.py:154} INFO - [2023-11-25T13:40:29.445+0000] {dag.py:2941} INFO - Sync 1 DAGs
[2023-11-25T13:40:29.468+0000] {logging_mixin.py:154} INFO - [2023-11-25T13:40:29.468+0000] {dag.py:3722} INFO - Setting next_dagrun for example_task_group_decorator to 2023-11-24T13:40:29.468473+00:00, run_after=2023-11-25T13:40:29.468473+00:00
[2023-11-25T13:40:29.485+0000] {processor.py:179} INFO - Processing /home/airflow/.local/lib/python3.8/site-packages/airflow/example_dags/example_task_group_decorator.py took 0.087 seconds
[2023-11-25T13:41:30.427+0000] {processor.py:157} INFO - Started process (PID=58) to work on /home/airflow/.local/lib/python3.8/site-packages/airflow/example_dags/example_task_group_decorator.py
[2023-11-25T13:41:30.428+0000] {processor.py:829} INFO - Processing file /home/airflow/.local/lib/python3.8/site-packages/airflow/example_dags/example_task_group_decorator.py for tasks to queue
[2023-11-25T13:41:30.430+0000] {logging_mixin.py:154} INFO - [2023-11-25T13:41:30.430+0000] {dagbag.py:536} INFO - Filling up the DagBag from /home/airflow/.local/lib/python3.8/site-packages/airflow/example_dags/example_task_group_decorator.py
[2023-11-25T13:41:30.446+0000] {processor.py:839} INFO - DAG(s) dict_keys(['example_task_group_decorator']) retrieved from /home/airflow/.local/lib/python3.8/site-packages/airflow/example_dags/example_task_group_decorator.py
[2023-11-25T13:41:30.460+0000] {logging_mixin.py:154} INFO - [2023-11-25T13:41:30.460+0000] {dag.py:2941} INFO - Sync 1 DAGs
[2023-11-25T13:41:30.496+0000] {logging_mixin.py:154} INFO - [2023-11-25T13:41:30.496+0000] {dag.py:3722} INFO - Setting next_dagrun for example_task_group_decorator to 2023-11-24T13:41:30.496133+00:00, run_after=2023-11-25T13:41:30.496133+00:00
[2023-11-25T13:41:30.523+0000] {processor.py:179} INFO - Processing /home/airflow/.local/lib/python3.8/site-packages/airflow/example_dags/example_task_group_decorator.py took 0.099 seconds
[2023-11-25T13:42:01.132+0000] {processor.py:157} INFO - Started process (PID=112) to work on /home/airflow/.local/lib/python3.8/site-packages/airflow/example_dags/example_task_group_decorator.py
[2023-11-25T13:42:01.133+0000] {processor.py:829} INFO - Processing file /home/airflow/.local/lib/python3.8/site-packages/airflow/example_dags/example_task_group_decorator.py for tasks to queue
[2023-11-25T13:42:01.134+0000] {logging_mixin.py:154} INFO - [2023-11-25T13:42:01.134+0000] {dagbag.py:536} INFO - Filling up the DagBag from /home/airflow/.local/lib/python3.8/site-packages/airflow/example_dags/example_task_group_decorator.py
[2023-11-25T13:42:01.149+0000] {processor.py:839} INFO - DAG(s) dict_keys(['example_task_group_decorator']) retrieved from /home/airflow/.local/lib/python3.8/site-packages/airflow/example_dags/example_task_group_decorator.py
[2023-11-25T13:42:01.183+0000] {logging_mixin.py:154} INFO - [2023-11-25T13:42:01.183+0000] {dag.py:2941} INFO - Sync 1 DAGs
[2023-11-25T13:42:01.213+0000] {logging_mixin.py:154} INFO - [2023-11-25T13:42:01.212+0000] {dag.py:3722} INFO - Setting next_dagrun for example_task_group_decorator to 2023-11-24T13:42:01.212700+00:00, run_after=2023-11-25T13:42:01.212700+00:00
[2023-11-25T13:42:01.232+0000] {processor.py:179} INFO - Processing /home/airflow/.local/lib/python3.8/site-packages/airflow/example_dags/example_task_group_decorator.py took 0.104 seconds
[2023-11-25T13:42:31.753+0000] {processor.py:157} INFO - Started process (PID=165) to work on /home/airflow/.local/lib/python3.8/site-packages/airflow/example_dags/example_task_group_decorator.py
[2023-11-25T13:42:31.754+0000] {processor.py:829} INFO - Processing file /home/airflow/.local/lib/python3.8/site-packages/airflow/example_dags/example_task_group_decorator.py for tasks to queue
[2023-11-25T13:42:31.756+0000] {logging_mixin.py:154} INFO - [2023-11-25T13:42:31.755+0000] {dagbag.py:536} INFO - Filling up the DagBag from /home/airflow/.local/lib/python3.8/site-packages/airflow/example_dags/example_task_group_decorator.py
[2023-11-25T13:42:31.770+0000] {processor.py:839} INFO - DAG(s) dict_keys(['example_task_group_decorator']) retrieved from /home/airflow/.local/lib/python3.8/site-packages/airflow/example_dags/example_task_group_decorator.py
[2023-11-25T13:42:31.800+0000] {logging_mixin.py:154} INFO - [2023-11-25T13:42:31.800+0000] {dag.py:2941} INFO - Sync 1 DAGs
[2023-11-25T13:42:31.822+0000] {logging_mixin.py:154} INFO - [2023-11-25T13:42:31.822+0000] {dag.py:3722} INFO - Setting next_dagrun for example_task_group_decorator to 2023-11-24T13:42:31.822422+00:00, run_after=2023-11-25T13:42:31.822422+00:00
[2023-11-25T13:42:31.839+0000] {processor.py:179} INFO - Processing /home/airflow/.local/lib/python3.8/site-packages/airflow/example_dags/example_task_group_decorator.py took 0.089 seconds
[2023-11-25T13:43:02.720+0000] {processor.py:157} INFO - Started process (PID=219) to work on /home/airflow/.local/lib/python3.8/site-packages/airflow/example_dags/example_task_group_decorator.py
[2023-11-25T13:43:02.721+0000] {processor.py:829} INFO - Processing file /home/airflow/.local/lib/python3.8/site-packages/airflow/example_dags/example_task_group_decorator.py for tasks to queue
[2023-11-25T13:43:02.723+0000] {logging_mixin.py:154} INFO - [2023-11-25T13:43:02.723+0000] {dagbag.py:536} INFO - Filling up the DagBag from /home/airflow/.local/lib/python3.8/site-packages/airflow/example_dags/example_task_group_decorator.py
[2023-11-25T13:43:02.739+0000] {processor.py:839} INFO - DAG(s) dict_keys(['example_task_group_decorator']) retrieved from /home/airflow/.local/lib/python3.8/site-packages/airflow/example_dags/example_task_group_decorator.py
[2023-11-25T13:43:02.751+0000] {logging_mixin.py:154} INFO - [2023-11-25T13:43:02.751+0000] {dag.py:2941} INFO - Sync 1 DAGs
[2023-11-25T13:43:02.774+0000] {logging_mixin.py:154} INFO - [2023-11-25T13:43:02.774+0000] {dag.py:3722} INFO - Setting next_dagrun for example_task_group_decorator to 2023-11-24T13:43:02.773932+00:00, run_after=2023-11-25T13:43:02.773932+00:00
[2023-11-25T13:43:02.790+0000] {processor.py:179} INFO - Processing /home/airflow/.local/lib/python3.8/site-packages/airflow/example_dags/example_task_group_decorator.py took 0.073 seconds
[2023-11-25T13:43:33.214+0000] {processor.py:157} INFO - Started process (PID=273) to work on /home/airflow/.local/lib/python3.8/site-packages/airflow/example_dags/example_task_group_decorator.py
[2023-11-25T13:43:33.215+0000] {processor.py:829} INFO - Processing file /home/airflow/.local/lib/python3.8/site-packages/airflow/example_dags/example_task_group_decorator.py for tasks to queue
[2023-11-25T13:43:33.217+0000] {logging_mixin.py:154} INFO - [2023-11-25T13:43:33.217+0000] {dagbag.py:536} INFO - Filling up the DagBag from /home/airflow/.local/lib/python3.8/site-packages/airflow/example_dags/example_task_group_decorator.py
[2023-11-25T13:43:33.234+0000] {processor.py:839} INFO - DAG(s) dict_keys(['example_task_group_decorator']) retrieved from /home/airflow/.local/lib/python3.8/site-packages/airflow/example_dags/example_task_group_decorator.py
[2023-11-25T13:43:33.259+0000] {logging_mixin.py:154} INFO - [2023-11-25T13:43:33.259+0000] {dag.py:2941} INFO - Sync 1 DAGs
[2023-11-25T13:43:33.280+0000] {logging_mixin.py:154} INFO - [2023-11-25T13:43:33.280+0000] {dag.py:3722} INFO - Setting next_dagrun for example_task_group_decorator to 2023-11-24T13:43:33.280288+00:00, run_after=2023-11-25T13:43:33.280288+00:00
[2023-11-25T13:43:33.298+0000] {processor.py:179} INFO - Processing /home/airflow/.local/lib/python3.8/site-packages/airflow/example_dags/example_task_group_decorator.py took 0.088 seconds
