[2023-11-25T13:39:27.517+0000] {processor.py:157} INFO - Started process (PID=46) to work on /home/airflow/.local/lib/python3.8/site-packages/airflow/example_dags/example_latest_only.py
[2023-11-25T13:39:27.518+0000] {processor.py:829} INFO - Processing file /home/airflow/.local/lib/python3.8/site-packages/airflow/example_dags/example_latest_only.py for tasks to queue
[2023-11-25T13:39:27.521+0000] {logging_mixin.py:154} INFO - [2023-11-25T13:39:27.521+0000] {dagbag.py:536} INFO - Filling up the DagBag from /home/airflow/.local/lib/python3.8/site-packages/airflow/example_dags/example_latest_only.py
[2023-11-25T13:39:27.529+0000] {processor.py:839} INFO - DAG(s) dict_keys(['latest_only']) retrieved from /home/airflow/.local/lib/python3.8/site-packages/airflow/example_dags/example_latest_only.py
[2023-11-25T13:39:27.542+0000] {logging_mixin.py:154} INFO - [2023-11-25T13:39:27.542+0000] {dag.py:2941} INFO - Sync 1 DAGs
[2023-11-25T13:39:27.572+0000] {logging_mixin.py:154} INFO - [2023-11-25T13:39:27.571+0000] {dag.py:3722} INFO - Setting next_dagrun for latest_only to 2023-11-25T09:39:27.571452+00:00, run_after=2023-11-25T13:39:27.571452+00:00
[2023-11-25T13:39:27.592+0000] {processor.py:179} INFO - Processing /home/airflow/.local/lib/python3.8/site-packages/airflow/example_dags/example_latest_only.py took 0.080 seconds
[2023-11-25T13:39:58.193+0000] {processor.py:157} INFO - Started process (PID=100) to work on /home/airflow/.local/lib/python3.8/site-packages/airflow/example_dags/example_latest_only.py
[2023-11-25T13:39:58.194+0000] {processor.py:829} INFO - Processing file /home/airflow/.local/lib/python3.8/site-packages/airflow/example_dags/example_latest_only.py for tasks to queue
[2023-11-25T13:39:58.196+0000] {logging_mixin.py:154} INFO - [2023-11-25T13:39:58.196+0000] {dagbag.py:536} INFO - Filling up the DagBag from /home/airflow/.local/lib/python3.8/site-packages/airflow/example_dags/example_latest_only.py
[2023-11-25T13:39:58.201+0000] {processor.py:839} INFO - DAG(s) dict_keys(['latest_only']) retrieved from /home/airflow/.local/lib/python3.8/site-packages/airflow/example_dags/example_latest_only.py
[2023-11-25T13:39:58.221+0000] {logging_mixin.py:154} INFO - [2023-11-25T13:39:58.220+0000] {dag.py:2941} INFO - Sync 1 DAGs
[2023-11-25T13:39:58.243+0000] {logging_mixin.py:154} INFO - [2023-11-25T13:39:58.242+0000] {dag.py:3722} INFO - Setting next_dagrun for latest_only to 2023-11-25T09:39:58.241893+00:00, run_after=2023-11-25T13:39:58.241893+00:00
[2023-11-25T13:39:58.260+0000] {processor.py:179} INFO - Processing /home/airflow/.local/lib/python3.8/site-packages/airflow/example_dags/example_latest_only.py took 0.069 seconds
[2023-11-25T13:40:28.773+0000] {processor.py:157} INFO - Started process (PID=153) to work on /home/airflow/.local/lib/python3.8/site-packages/airflow/example_dags/example_latest_only.py
[2023-11-25T13:40:28.774+0000] {processor.py:829} INFO - Processing file /home/airflow/.local/lib/python3.8/site-packages/airflow/example_dags/example_latest_only.py for tasks to queue
[2023-11-25T13:40:28.776+0000] {logging_mixin.py:154} INFO - [2023-11-25T13:40:28.776+0000] {dagbag.py:536} INFO - Filling up the DagBag from /home/airflow/.local/lib/python3.8/site-packages/airflow/example_dags/example_latest_only.py
[2023-11-25T13:40:28.781+0000] {processor.py:839} INFO - DAG(s) dict_keys(['latest_only']) retrieved from /home/airflow/.local/lib/python3.8/site-packages/airflow/example_dags/example_latest_only.py
[2023-11-25T13:40:28.801+0000] {logging_mixin.py:154} INFO - [2023-11-25T13:40:28.801+0000] {dag.py:2941} INFO - Sync 1 DAGs
[2023-11-25T13:40:28.822+0000] {logging_mixin.py:154} INFO - [2023-11-25T13:40:28.822+0000] {dag.py:3722} INFO - Setting next_dagrun for latest_only to 2023-11-25T09:40:28.822257+00:00, run_after=2023-11-25T13:40:28.822257+00:00
[2023-11-25T13:40:28.839+0000] {processor.py:179} INFO - Processing /home/airflow/.local/lib/python3.8/site-packages/airflow/example_dags/example_latest_only.py took 0.069 seconds
[2023-11-25T13:41:29.772+0000] {processor.py:157} INFO - Started process (PID=47) to work on /home/airflow/.local/lib/python3.8/site-packages/airflow/example_dags/example_latest_only.py
[2023-11-25T13:41:29.773+0000] {processor.py:829} INFO - Processing file /home/airflow/.local/lib/python3.8/site-packages/airflow/example_dags/example_latest_only.py for tasks to queue
[2023-11-25T13:41:29.775+0000] {logging_mixin.py:154} INFO - [2023-11-25T13:41:29.775+0000] {dagbag.py:536} INFO - Filling up the DagBag from /home/airflow/.local/lib/python3.8/site-packages/airflow/example_dags/example_latest_only.py
[2023-11-25T13:41:29.781+0000] {processor.py:839} INFO - DAG(s) dict_keys(['latest_only']) retrieved from /home/airflow/.local/lib/python3.8/site-packages/airflow/example_dags/example_latest_only.py
[2023-11-25T13:41:29.794+0000] {logging_mixin.py:154} INFO - [2023-11-25T13:41:29.794+0000] {dag.py:2941} INFO - Sync 1 DAGs
[2023-11-25T13:41:29.831+0000] {logging_mixin.py:154} INFO - [2023-11-25T13:41:29.831+0000] {dag.py:3722} INFO - Setting next_dagrun for latest_only to 2023-11-25T09:41:29.830909+00:00, run_after=2023-11-25T13:41:29.830909+00:00
[2023-11-25T13:41:29.851+0000] {processor.py:179} INFO - Processing /home/airflow/.local/lib/python3.8/site-packages/airflow/example_dags/example_latest_only.py took 0.083 seconds
[2023-11-25T13:42:00.448+0000] {processor.py:157} INFO - Started process (PID=100) to work on /home/airflow/.local/lib/python3.8/site-packages/airflow/example_dags/example_latest_only.py
[2023-11-25T13:42:00.449+0000] {processor.py:829} INFO - Processing file /home/airflow/.local/lib/python3.8/site-packages/airflow/example_dags/example_latest_only.py for tasks to queue
[2023-11-25T13:42:00.451+0000] {logging_mixin.py:154} INFO - [2023-11-25T13:42:00.451+0000] {dagbag.py:536} INFO - Filling up the DagBag from /home/airflow/.local/lib/python3.8/site-packages/airflow/example_dags/example_latest_only.py
[2023-11-25T13:42:00.456+0000] {processor.py:839} INFO - DAG(s) dict_keys(['latest_only']) retrieved from /home/airflow/.local/lib/python3.8/site-packages/airflow/example_dags/example_latest_only.py
[2023-11-25T13:42:00.475+0000] {logging_mixin.py:154} INFO - [2023-11-25T13:42:00.474+0000] {dag.py:2941} INFO - Sync 1 DAGs
[2023-11-25T13:42:00.496+0000] {logging_mixin.py:154} INFO - [2023-11-25T13:42:00.496+0000] {dag.py:3722} INFO - Setting next_dagrun for latest_only to 2023-11-25T09:42:00.495309+00:00, run_after=2023-11-25T13:42:00.495309+00:00
[2023-11-25T13:42:00.510+0000] {processor.py:179} INFO - Processing /home/airflow/.local/lib/python3.8/site-packages/airflow/example_dags/example_latest_only.py took 0.065 seconds
[2023-11-25T13:42:31.024+0000] {processor.py:157} INFO - Started process (PID=154) to work on /home/airflow/.local/lib/python3.8/site-packages/airflow/example_dags/example_latest_only.py
[2023-11-25T13:42:31.025+0000] {processor.py:829} INFO - Processing file /home/airflow/.local/lib/python3.8/site-packages/airflow/example_dags/example_latest_only.py for tasks to queue
[2023-11-25T13:42:31.027+0000] {logging_mixin.py:154} INFO - [2023-11-25T13:42:31.027+0000] {dagbag.py:536} INFO - Filling up the DagBag from /home/airflow/.local/lib/python3.8/site-packages/airflow/example_dags/example_latest_only.py
[2023-11-25T13:42:31.031+0000] {processor.py:839} INFO - DAG(s) dict_keys(['latest_only']) retrieved from /home/airflow/.local/lib/python3.8/site-packages/airflow/example_dags/example_latest_only.py
[2023-11-25T13:42:31.051+0000] {logging_mixin.py:154} INFO - [2023-11-25T13:42:31.050+0000] {dag.py:2941} INFO - Sync 1 DAGs
[2023-11-25T13:42:31.072+0000] {logging_mixin.py:154} INFO - [2023-11-25T13:42:31.072+0000] {dag.py:3722} INFO - Setting next_dagrun for latest_only to 2023-11-25T09:42:31.071886+00:00, run_after=2023-11-25T13:42:31.071886+00:00
[2023-11-25T13:42:31.088+0000] {processor.py:179} INFO - Processing /home/airflow/.local/lib/python3.8/site-packages/airflow/example_dags/example_latest_only.py took 0.067 seconds
[2023-11-25T13:43:01.179+0000] {processor.py:157} INFO - Started process (PID=208) to work on /home/airflow/.local/lib/python3.8/site-packages/airflow/example_dags/example_latest_only.py
[2023-11-25T13:43:01.180+0000] {processor.py:829} INFO - Processing file /home/airflow/.local/lib/python3.8/site-packages/airflow/example_dags/example_latest_only.py for tasks to queue
[2023-11-25T13:43:01.182+0000] {logging_mixin.py:154} INFO - [2023-11-25T13:43:01.182+0000] {dagbag.py:536} INFO - Filling up the DagBag from /home/airflow/.local/lib/python3.8/site-packages/airflow/example_dags/example_latest_only.py
[2023-11-25T13:43:01.186+0000] {processor.py:839} INFO - DAG(s) dict_keys(['latest_only']) retrieved from /home/airflow/.local/lib/python3.8/site-packages/airflow/example_dags/example_latest_only.py
[2023-11-25T13:43:01.199+0000] {logging_mixin.py:154} INFO - [2023-11-25T13:43:01.199+0000] {dag.py:2941} INFO - Sync 1 DAGs
[2023-11-25T13:43:01.222+0000] {logging_mixin.py:154} INFO - [2023-11-25T13:43:01.222+0000] {dag.py:3722} INFO - Setting next_dagrun for latest_only to 2023-11-25T09:43:01.222016+00:00, run_after=2023-11-25T13:43:01.222016+00:00
[2023-11-25T13:43:01.239+0000] {processor.py:179} INFO - Processing /home/airflow/.local/lib/python3.8/site-packages/airflow/example_dags/example_latest_only.py took 0.064 seconds
[2023-11-25T13:43:31.466+0000] {processor.py:157} INFO - Started process (PID=262) to work on /home/airflow/.local/lib/python3.8/site-packages/airflow/example_dags/example_latest_only.py
[2023-11-25T13:43:31.467+0000] {processor.py:829} INFO - Processing file /home/airflow/.local/lib/python3.8/site-packages/airflow/example_dags/example_latest_only.py for tasks to queue
[2023-11-25T13:43:31.469+0000] {logging_mixin.py:154} INFO - [2023-11-25T13:43:31.469+0000] {dagbag.py:536} INFO - Filling up the DagBag from /home/airflow/.local/lib/python3.8/site-packages/airflow/example_dags/example_latest_only.py
[2023-11-25T13:43:31.473+0000] {processor.py:839} INFO - DAG(s) dict_keys(['latest_only']) retrieved from /home/airflow/.local/lib/python3.8/site-packages/airflow/example_dags/example_latest_only.py
[2023-11-25T13:43:31.493+0000] {logging_mixin.py:154} INFO - [2023-11-25T13:43:31.493+0000] {dag.py:2941} INFO - Sync 1 DAGs
[2023-11-25T13:43:31.514+0000] {logging_mixin.py:154} INFO - [2023-11-25T13:43:31.513+0000] {dag.py:3722} INFO - Setting next_dagrun for latest_only to 2023-11-25T09:43:31.513659+00:00, run_after=2023-11-25T13:43:31.513659+00:00
[2023-11-25T13:43:31.528+0000] {processor.py:179} INFO - Processing /home/airflow/.local/lib/python3.8/site-packages/airflow/example_dags/example_latest_only.py took 0.065 seconds
