[2023-11-25T13:39:27.135+0000] {processor.py:157} INFO - Started process (PID=40) to work on /home/airflow/.local/lib/python3.8/site-packages/airflow/example_dags/example_external_task_marker_dag.py
[2023-11-25T13:39:27.136+0000] {processor.py:829} INFO - Processing file /home/airflow/.local/lib/python3.8/site-packages/airflow/example_dags/example_external_task_marker_dag.py for tasks to queue
[2023-11-25T13:39:27.138+0000] {logging_mixin.py:154} INFO - [2023-11-25T13:39:27.138+0000] {dagbag.py:536} INFO - Filling up the DagBag from /home/airflow/.local/lib/python3.8/site-packages/airflow/example_dags/example_external_task_marker_dag.py
[2023-11-25T13:39:27.144+0000] {processor.py:839} INFO - DAG(s) dict_keys(['example_external_task_marker_child', 'example_external_task_marker_parent']) retrieved from /home/airflow/.local/lib/python3.8/site-packages/airflow/example_dags/example_external_task_marker_dag.py
[2023-11-25T13:39:27.157+0000] {logging_mixin.py:154} INFO - [2023-11-25T13:39:27.157+0000] {dag.py:2941} INFO - Sync 2 DAGs
[2023-11-25T13:39:27.171+0000] {logging_mixin.py:154} INFO - [2023-11-25T13:39:27.171+0000] {dag.py:3722} INFO - Setting next_dagrun for example_external_task_marker_child to None, run_after=None
[2023-11-25T13:39:27.175+0000] {logging_mixin.py:154} INFO - [2023-11-25T13:39:27.175+0000] {dag.py:3722} INFO - Setting next_dagrun for example_external_task_marker_parent to None, run_after=None
[2023-11-25T13:39:27.190+0000] {processor.py:179} INFO - Processing /home/airflow/.local/lib/python3.8/site-packages/airflow/example_dags/example_external_task_marker_dag.py took 0.058 seconds
[2023-11-25T13:39:57.904+0000] {processor.py:157} INFO - Started process (PID=94) to work on /home/airflow/.local/lib/python3.8/site-packages/airflow/example_dags/example_external_task_marker_dag.py
[2023-11-25T13:39:57.905+0000] {processor.py:829} INFO - Processing file /home/airflow/.local/lib/python3.8/site-packages/airflow/example_dags/example_external_task_marker_dag.py for tasks to queue
[2023-11-25T13:39:57.908+0000] {logging_mixin.py:154} INFO - [2023-11-25T13:39:57.907+0000] {dagbag.py:536} INFO - Filling up the DagBag from /home/airflow/.local/lib/python3.8/site-packages/airflow/example_dags/example_external_task_marker_dag.py
[2023-11-25T13:39:57.913+0000] {processor.py:839} INFO - DAG(s) dict_keys(['example_external_task_marker_child', 'example_external_task_marker_parent']) retrieved from /home/airflow/.local/lib/python3.8/site-packages/airflow/example_dags/example_external_task_marker_dag.py
[2023-11-25T13:39:57.941+0000] {logging_mixin.py:154} INFO - [2023-11-25T13:39:57.941+0000] {dag.py:2941} INFO - Sync 2 DAGs
[2023-11-25T13:39:57.954+0000] {logging_mixin.py:154} INFO - [2023-11-25T13:39:57.954+0000] {dag.py:3722} INFO - Setting next_dagrun for example_external_task_marker_child to None, run_after=None
[2023-11-25T13:39:57.958+0000] {logging_mixin.py:154} INFO - [2023-11-25T13:39:57.957+0000] {dag.py:3722} INFO - Setting next_dagrun for example_external_task_marker_parent to None, run_after=None
[2023-11-25T13:39:57.973+0000] {processor.py:179} INFO - Processing /home/airflow/.local/lib/python3.8/site-packages/airflow/example_dags/example_external_task_marker_dag.py took 0.072 seconds
[2023-11-25T13:40:28.581+0000] {processor.py:157} INFO - Started process (PID=148) to work on /home/airflow/.local/lib/python3.8/site-packages/airflow/example_dags/example_external_task_marker_dag.py
[2023-11-25T13:40:28.582+0000] {processor.py:829} INFO - Processing file /home/airflow/.local/lib/python3.8/site-packages/airflow/example_dags/example_external_task_marker_dag.py for tasks to queue
[2023-11-25T13:40:28.585+0000] {logging_mixin.py:154} INFO - [2023-11-25T13:40:28.585+0000] {dagbag.py:536} INFO - Filling up the DagBag from /home/airflow/.local/lib/python3.8/site-packages/airflow/example_dags/example_external_task_marker_dag.py
[2023-11-25T13:40:28.592+0000] {processor.py:839} INFO - DAG(s) dict_keys(['example_external_task_marker_parent', 'example_external_task_marker_child']) retrieved from /home/airflow/.local/lib/python3.8/site-packages/airflow/example_dags/example_external_task_marker_dag.py
[2023-11-25T13:40:28.621+0000] {logging_mixin.py:154} INFO - [2023-11-25T13:40:28.621+0000] {dag.py:2941} INFO - Sync 2 DAGs
[2023-11-25T13:40:28.633+0000] {logging_mixin.py:154} INFO - [2023-11-25T13:40:28.633+0000] {dag.py:3722} INFO - Setting next_dagrun for example_external_task_marker_child to None, run_after=None
[2023-11-25T13:40:28.637+0000] {logging_mixin.py:154} INFO - [2023-11-25T13:40:28.637+0000] {dag.py:3722} INFO - Setting next_dagrun for example_external_task_marker_parent to None, run_after=None
[2023-11-25T13:40:28.651+0000] {processor.py:179} INFO - Processing /home/airflow/.local/lib/python3.8/site-packages/airflow/example_dags/example_external_task_marker_dag.py took 0.074 seconds
[2023-11-25T13:41:29.444+0000] {processor.py:157} INFO - Started process (PID=41) to work on /home/airflow/.local/lib/python3.8/site-packages/airflow/example_dags/example_external_task_marker_dag.py
[2023-11-25T13:41:29.445+0000] {processor.py:829} INFO - Processing file /home/airflow/.local/lib/python3.8/site-packages/airflow/example_dags/example_external_task_marker_dag.py for tasks to queue
[2023-11-25T13:41:29.447+0000] {logging_mixin.py:154} INFO - [2023-11-25T13:41:29.447+0000] {dagbag.py:536} INFO - Filling up the DagBag from /home/airflow/.local/lib/python3.8/site-packages/airflow/example_dags/example_external_task_marker_dag.py
[2023-11-25T13:41:29.454+0000] {processor.py:839} INFO - DAG(s) dict_keys(['example_external_task_marker_parent', 'example_external_task_marker_child']) retrieved from /home/airflow/.local/lib/python3.8/site-packages/airflow/example_dags/example_external_task_marker_dag.py
[2023-11-25T13:41:29.468+0000] {logging_mixin.py:154} INFO - [2023-11-25T13:41:29.467+0000] {dag.py:2941} INFO - Sync 2 DAGs
[2023-11-25T13:41:29.489+0000] {logging_mixin.py:154} INFO - [2023-11-25T13:41:29.488+0000] {dag.py:3722} INFO - Setting next_dagrun for example_external_task_marker_child to None, run_after=None
[2023-11-25T13:41:29.493+0000] {logging_mixin.py:154} INFO - [2023-11-25T13:41:29.493+0000] {dag.py:3722} INFO - Setting next_dagrun for example_external_task_marker_parent to None, run_after=None
[2023-11-25T13:41:29.509+0000] {processor.py:179} INFO - Processing /home/airflow/.local/lib/python3.8/site-packages/airflow/example_dags/example_external_task_marker_dag.py took 0.069 seconds
[2023-11-25T13:42:00.188+0000] {processor.py:157} INFO - Started process (PID=94) to work on /home/airflow/.local/lib/python3.8/site-packages/airflow/example_dags/example_external_task_marker_dag.py
[2023-11-25T13:42:00.189+0000] {processor.py:829} INFO - Processing file /home/airflow/.local/lib/python3.8/site-packages/airflow/example_dags/example_external_task_marker_dag.py for tasks to queue
[2023-11-25T13:42:00.191+0000] {logging_mixin.py:154} INFO - [2023-11-25T13:42:00.191+0000] {dagbag.py:536} INFO - Filling up the DagBag from /home/airflow/.local/lib/python3.8/site-packages/airflow/example_dags/example_external_task_marker_dag.py
[2023-11-25T13:42:00.196+0000] {processor.py:839} INFO - DAG(s) dict_keys(['example_external_task_marker_child', 'example_external_task_marker_parent']) retrieved from /home/airflow/.local/lib/python3.8/site-packages/airflow/example_dags/example_external_task_marker_dag.py
[2023-11-25T13:42:00.221+0000] {logging_mixin.py:154} INFO - [2023-11-25T13:42:00.220+0000] {dag.py:2941} INFO - Sync 2 DAGs
[2023-11-25T13:42:00.234+0000] {logging_mixin.py:154} INFO - [2023-11-25T13:42:00.234+0000] {dag.py:3722} INFO - Setting next_dagrun for example_external_task_marker_child to None, run_after=None
[2023-11-25T13:42:00.237+0000] {logging_mixin.py:154} INFO - [2023-11-25T13:42:00.237+0000] {dag.py:3722} INFO - Setting next_dagrun for example_external_task_marker_parent to None, run_after=None
[2023-11-25T13:42:00.252+0000] {processor.py:179} INFO - Processing /home/airflow/.local/lib/python3.8/site-packages/airflow/example_dags/example_external_task_marker_dag.py took 0.067 seconds
[2023-11-25T13:42:30.655+0000] {processor.py:157} INFO - Started process (PID=148) to work on /home/airflow/.local/lib/python3.8/site-packages/airflow/example_dags/example_external_task_marker_dag.py
[2023-11-25T13:42:30.657+0000] {processor.py:829} INFO - Processing file /home/airflow/.local/lib/python3.8/site-packages/airflow/example_dags/example_external_task_marker_dag.py for tasks to queue
[2023-11-25T13:42:30.659+0000] {logging_mixin.py:154} INFO - [2023-11-25T13:42:30.659+0000] {dagbag.py:536} INFO - Filling up the DagBag from /home/airflow/.local/lib/python3.8/site-packages/airflow/example_dags/example_external_task_marker_dag.py
[2023-11-25T13:42:30.664+0000] {processor.py:839} INFO - DAG(s) dict_keys(['example_external_task_marker_child', 'example_external_task_marker_parent']) retrieved from /home/airflow/.local/lib/python3.8/site-packages/airflow/example_dags/example_external_task_marker_dag.py
[2023-11-25T13:42:30.688+0000] {logging_mixin.py:154} INFO - [2023-11-25T13:42:30.688+0000] {dag.py:2941} INFO - Sync 2 DAGs
[2023-11-25T13:42:30.700+0000] {logging_mixin.py:154} INFO - [2023-11-25T13:42:30.700+0000] {dag.py:3722} INFO - Setting next_dagrun for example_external_task_marker_child to None, run_after=None
[2023-11-25T13:42:30.704+0000] {logging_mixin.py:154} INFO - [2023-11-25T13:42:30.703+0000] {dag.py:3722} INFO - Setting next_dagrun for example_external_task_marker_parent to None, run_after=None
[2023-11-25T13:42:30.717+0000] {processor.py:179} INFO - Processing /home/airflow/.local/lib/python3.8/site-packages/airflow/example_dags/example_external_task_marker_dag.py took 0.065 seconds
[2023-11-25T13:43:00.854+0000] {processor.py:157} INFO - Started process (PID=202) to work on /home/airflow/.local/lib/python3.8/site-packages/airflow/example_dags/example_external_task_marker_dag.py
[2023-11-25T13:43:00.855+0000] {processor.py:829} INFO - Processing file /home/airflow/.local/lib/python3.8/site-packages/airflow/example_dags/example_external_task_marker_dag.py for tasks to queue
[2023-11-25T13:43:00.856+0000] {logging_mixin.py:154} INFO - [2023-11-25T13:43:00.856+0000] {dagbag.py:536} INFO - Filling up the DagBag from /home/airflow/.local/lib/python3.8/site-packages/airflow/example_dags/example_external_task_marker_dag.py
[2023-11-25T13:43:00.862+0000] {processor.py:839} INFO - DAG(s) dict_keys(['example_external_task_marker_parent', 'example_external_task_marker_child']) retrieved from /home/airflow/.local/lib/python3.8/site-packages/airflow/example_dags/example_external_task_marker_dag.py
[2023-11-25T13:43:00.876+0000] {logging_mixin.py:154} INFO - [2023-11-25T13:43:00.876+0000] {dag.py:2941} INFO - Sync 2 DAGs
[2023-11-25T13:43:00.889+0000] {logging_mixin.py:154} INFO - [2023-11-25T13:43:00.889+0000] {dag.py:3722} INFO - Setting next_dagrun for example_external_task_marker_child to None, run_after=None
[2023-11-25T13:43:00.892+0000] {logging_mixin.py:154} INFO - [2023-11-25T13:43:00.892+0000] {dag.py:3722} INFO - Setting next_dagrun for example_external_task_marker_parent to None, run_after=None
[2023-11-25T13:43:00.908+0000] {processor.py:179} INFO - Processing /home/airflow/.local/lib/python3.8/site-packages/airflow/example_dags/example_external_task_marker_dag.py took 0.057 seconds
[2023-11-25T13:43:31.192+0000] {processor.py:157} INFO - Started process (PID=256) to work on /home/airflow/.local/lib/python3.8/site-packages/airflow/example_dags/example_external_task_marker_dag.py
[2023-11-25T13:43:31.193+0000] {processor.py:829} INFO - Processing file /home/airflow/.local/lib/python3.8/site-packages/airflow/example_dags/example_external_task_marker_dag.py for tasks to queue
[2023-11-25T13:43:31.195+0000] {logging_mixin.py:154} INFO - [2023-11-25T13:43:31.195+0000] {dagbag.py:536} INFO - Filling up the DagBag from /home/airflow/.local/lib/python3.8/site-packages/airflow/example_dags/example_external_task_marker_dag.py
[2023-11-25T13:43:31.201+0000] {processor.py:839} INFO - DAG(s) dict_keys(['example_external_task_marker_child', 'example_external_task_marker_parent']) retrieved from /home/airflow/.local/lib/python3.8/site-packages/airflow/example_dags/example_external_task_marker_dag.py
[2023-11-25T13:43:31.227+0000] {logging_mixin.py:154} INFO - [2023-11-25T13:43:31.227+0000] {dag.py:2941} INFO - Sync 2 DAGs
[2023-11-25T13:43:31.241+0000] {logging_mixin.py:154} INFO - [2023-11-25T13:43:31.240+0000] {dag.py:3722} INFO - Setting next_dagrun for example_external_task_marker_child to None, run_after=None
[2023-11-25T13:43:31.244+0000] {logging_mixin.py:154} INFO - [2023-11-25T13:43:31.244+0000] {dag.py:3722} INFO - Setting next_dagrun for example_external_task_marker_parent to None, run_after=None
[2023-11-25T13:43:31.258+0000] {processor.py:179} INFO - Processing /home/airflow/.local/lib/python3.8/site-packages/airflow/example_dags/example_external_task_marker_dag.py took 0.069 seconds
