[2023-11-25T13:39:28.409+0000] {processor.py:157} INFO - Started process (PID=60) to work on /home/airflow/.local/lib/python3.8/site-packages/airflow/example_dags/example_short_circuit_decorator.py
[2023-11-25T13:39:28.410+0000] {processor.py:829} INFO - Processing file /home/airflow/.local/lib/python3.8/site-packages/airflow/example_dags/example_short_circuit_decorator.py for tasks to queue
[2023-11-25T13:39:28.412+0000] {logging_mixin.py:154} INFO - [2023-11-25T13:39:28.412+0000] {dagbag.py:536} INFO - Filling up the DagBag from /home/airflow/.local/lib/python3.8/site-packages/airflow/example_dags/example_short_circuit_decorator.py
[2023-11-25T13:39:28.422+0000] {processor.py:839} INFO - DAG(s) dict_keys(['example_short_circuit_decorator']) retrieved from /home/airflow/.local/lib/python3.8/site-packages/airflow/example_dags/example_short_circuit_decorator.py
[2023-11-25T13:39:28.434+0000] {logging_mixin.py:154} INFO - [2023-11-25T13:39:28.434+0000] {dag.py:2941} INFO - Sync 1 DAGs
[2023-11-25T13:39:28.461+0000] {logging_mixin.py:154} INFO - [2023-11-25T13:39:28.461+0000] {dag.py:3722} INFO - Setting next_dagrun for example_short_circuit_decorator to 2023-11-24T13:39:28.460697+00:00, run_after=2023-11-25T13:39:28.460697+00:00
[2023-11-25T13:39:28.485+0000] {processor.py:179} INFO - Processing /home/airflow/.local/lib/python3.8/site-packages/airflow/example_dags/example_short_circuit_decorator.py took 0.079 seconds
[2023-11-25T13:39:59.008+0000] {processor.py:157} INFO - Started process (PID=114) to work on /home/airflow/.local/lib/python3.8/site-packages/airflow/example_dags/example_short_circuit_decorator.py
[2023-11-25T13:39:59.009+0000] {processor.py:829} INFO - Processing file /home/airflow/.local/lib/python3.8/site-packages/airflow/example_dags/example_short_circuit_decorator.py for tasks to queue
[2023-11-25T13:39:59.011+0000] {logging_mixin.py:154} INFO - [2023-11-25T13:39:59.011+0000] {dagbag.py:536} INFO - Filling up the DagBag from /home/airflow/.local/lib/python3.8/site-packages/airflow/example_dags/example_short_circuit_decorator.py
[2023-11-25T13:39:59.021+0000] {processor.py:839} INFO - DAG(s) dict_keys(['example_short_circuit_decorator']) retrieved from /home/airflow/.local/lib/python3.8/site-packages/airflow/example_dags/example_short_circuit_decorator.py
[2023-11-25T13:39:59.046+0000] {logging_mixin.py:154} INFO - [2023-11-25T13:39:59.045+0000] {dag.py:2941} INFO - Sync 1 DAGs
[2023-11-25T13:39:59.068+0000] {logging_mixin.py:154} INFO - [2023-11-25T13:39:59.068+0000] {dag.py:3722} INFO - Setting next_dagrun for example_short_circuit_decorator to 2023-11-24T13:39:59.068196+00:00, run_after=2023-11-25T13:39:59.068196+00:00
[2023-11-25T13:39:59.084+0000] {processor.py:179} INFO - Processing /home/airflow/.local/lib/python3.8/site-packages/airflow/example_dags/example_short_circuit_decorator.py took 0.079 seconds
[2023-11-25T13:40:29.544+0000] {processor.py:157} INFO - Started process (PID=168) to work on /home/airflow/.local/lib/python3.8/site-packages/airflow/example_dags/example_short_circuit_decorator.py
[2023-11-25T13:40:29.545+0000] {processor.py:829} INFO - Processing file /home/airflow/.local/lib/python3.8/site-packages/airflow/example_dags/example_short_circuit_decorator.py for tasks to queue
[2023-11-25T13:40:29.548+0000] {logging_mixin.py:154} INFO - [2023-11-25T13:40:29.547+0000] {dagbag.py:536} INFO - Filling up the DagBag from /home/airflow/.local/lib/python3.8/site-packages/airflow/example_dags/example_short_circuit_decorator.py
[2023-11-25T13:40:29.557+0000] {processor.py:839} INFO - DAG(s) dict_keys(['example_short_circuit_decorator']) retrieved from /home/airflow/.local/lib/python3.8/site-packages/airflow/example_dags/example_short_circuit_decorator.py
[2023-11-25T13:40:29.581+0000] {logging_mixin.py:154} INFO - [2023-11-25T13:40:29.581+0000] {dag.py:2941} INFO - Sync 1 DAGs
[2023-11-25T13:40:29.606+0000] {logging_mixin.py:154} INFO - [2023-11-25T13:40:29.605+0000] {dag.py:3722} INFO - Setting next_dagrun for example_short_circuit_decorator to 2023-11-24T13:40:29.605571+00:00, run_after=2023-11-25T13:40:29.605571+00:00
[2023-11-25T13:40:29.622+0000] {processor.py:179} INFO - Processing /home/airflow/.local/lib/python3.8/site-packages/airflow/example_dags/example_short_circuit_decorator.py took 0.081 seconds
[2023-11-25T13:41:30.547+0000] {processor.py:157} INFO - Started process (PID=61) to work on /home/airflow/.local/lib/python3.8/site-packages/airflow/example_dags/example_short_circuit_decorator.py
[2023-11-25T13:41:30.548+0000] {processor.py:829} INFO - Processing file /home/airflow/.local/lib/python3.8/site-packages/airflow/example_dags/example_short_circuit_decorator.py for tasks to queue
[2023-11-25T13:41:30.550+0000] {logging_mixin.py:154} INFO - [2023-11-25T13:41:30.550+0000] {dagbag.py:536} INFO - Filling up the DagBag from /home/airflow/.local/lib/python3.8/site-packages/airflow/example_dags/example_short_circuit_decorator.py
[2023-11-25T13:41:30.561+0000] {processor.py:839} INFO - DAG(s) dict_keys(['example_short_circuit_decorator']) retrieved from /home/airflow/.local/lib/python3.8/site-packages/airflow/example_dags/example_short_circuit_decorator.py
[2023-11-25T13:41:30.574+0000] {logging_mixin.py:154} INFO - [2023-11-25T13:41:30.573+0000] {dag.py:2941} INFO - Sync 1 DAGs
[2023-11-25T13:41:30.603+0000] {logging_mixin.py:154} INFO - [2023-11-25T13:41:30.602+0000] {dag.py:3722} INFO - Setting next_dagrun for example_short_circuit_decorator to 2023-11-24T13:41:30.602546+00:00, run_after=2023-11-25T13:41:30.602546+00:00
[2023-11-25T13:41:30.625+0000] {processor.py:179} INFO - Processing /home/airflow/.local/lib/python3.8/site-packages/airflow/example_dags/example_short_circuit_decorator.py took 0.081 seconds
[2023-11-25T13:42:01.254+0000] {processor.py:157} INFO - Started process (PID=114) to work on /home/airflow/.local/lib/python3.8/site-packages/airflow/example_dags/example_short_circuit_decorator.py
[2023-11-25T13:42:01.255+0000] {processor.py:829} INFO - Processing file /home/airflow/.local/lib/python3.8/site-packages/airflow/example_dags/example_short_circuit_decorator.py for tasks to queue
[2023-11-25T13:42:01.257+0000] {logging_mixin.py:154} INFO - [2023-11-25T13:42:01.257+0000] {dagbag.py:536} INFO - Filling up the DagBag from /home/airflow/.local/lib/python3.8/site-packages/airflow/example_dags/example_short_circuit_decorator.py
[2023-11-25T13:42:01.269+0000] {processor.py:839} INFO - DAG(s) dict_keys(['example_short_circuit_decorator']) retrieved from /home/airflow/.local/lib/python3.8/site-packages/airflow/example_dags/example_short_circuit_decorator.py
[2023-11-25T13:42:01.294+0000] {logging_mixin.py:154} INFO - [2023-11-25T13:42:01.294+0000] {dag.py:2941} INFO - Sync 1 DAGs
[2023-11-25T13:42:01.321+0000] {logging_mixin.py:154} INFO - [2023-11-25T13:42:01.321+0000] {dag.py:3722} INFO - Setting next_dagrun for example_short_circuit_decorator to 2023-11-24T13:42:01.320946+00:00, run_after=2023-11-25T13:42:01.320946+00:00
[2023-11-25T13:42:01.341+0000] {processor.py:179} INFO - Processing /home/airflow/.local/lib/python3.8/site-packages/airflow/example_dags/example_short_circuit_decorator.py took 0.090 seconds
[2023-11-25T13:42:31.919+0000] {processor.py:157} INFO - Started process (PID=168) to work on /home/airflow/.local/lib/python3.8/site-packages/airflow/example_dags/example_short_circuit_decorator.py
[2023-11-25T13:42:31.920+0000] {processor.py:829} INFO - Processing file /home/airflow/.local/lib/python3.8/site-packages/airflow/example_dags/example_short_circuit_decorator.py for tasks to queue
[2023-11-25T13:42:31.922+0000] {logging_mixin.py:154} INFO - [2023-11-25T13:42:31.922+0000] {dagbag.py:536} INFO - Filling up the DagBag from /home/airflow/.local/lib/python3.8/site-packages/airflow/example_dags/example_short_circuit_decorator.py
[2023-11-25T13:42:31.931+0000] {processor.py:839} INFO - DAG(s) dict_keys(['example_short_circuit_decorator']) retrieved from /home/airflow/.local/lib/python3.8/site-packages/airflow/example_dags/example_short_circuit_decorator.py
[2023-11-25T13:42:31.954+0000] {logging_mixin.py:154} INFO - [2023-11-25T13:42:31.954+0000] {dag.py:2941} INFO - Sync 1 DAGs
[2023-11-25T13:42:31.976+0000] {logging_mixin.py:154} INFO - [2023-11-25T13:42:31.976+0000] {dag.py:3722} INFO - Setting next_dagrun for example_short_circuit_decorator to 2023-11-24T13:42:31.976293+00:00, run_after=2023-11-25T13:42:31.976293+00:00
[2023-11-25T13:42:31.992+0000] {processor.py:179} INFO - Processing /home/airflow/.local/lib/python3.8/site-packages/airflow/example_dags/example_short_circuit_decorator.py took 0.076 seconds
[2023-11-25T13:43:02.831+0000] {processor.py:157} INFO - Started process (PID=222) to work on /home/airflow/.local/lib/python3.8/site-packages/airflow/example_dags/example_short_circuit_decorator.py
[2023-11-25T13:43:02.832+0000] {processor.py:829} INFO - Processing file /home/airflow/.local/lib/python3.8/site-packages/airflow/example_dags/example_short_circuit_decorator.py for tasks to queue
[2023-11-25T13:43:02.834+0000] {logging_mixin.py:154} INFO - [2023-11-25T13:43:02.834+0000] {dagbag.py:536} INFO - Filling up the DagBag from /home/airflow/.local/lib/python3.8/site-packages/airflow/example_dags/example_short_circuit_decorator.py
[2023-11-25T13:43:02.844+0000] {processor.py:839} INFO - DAG(s) dict_keys(['example_short_circuit_decorator']) retrieved from /home/airflow/.local/lib/python3.8/site-packages/airflow/example_dags/example_short_circuit_decorator.py
[2023-11-25T13:43:02.857+0000] {logging_mixin.py:154} INFO - [2023-11-25T13:43:02.857+0000] {dag.py:2941} INFO - Sync 1 DAGs
[2023-11-25T13:43:02.881+0000] {logging_mixin.py:154} INFO - [2023-11-25T13:43:02.881+0000] {dag.py:3722} INFO - Setting next_dagrun for example_short_circuit_decorator to 2023-11-24T13:43:02.881154+00:00, run_after=2023-11-25T13:43:02.881154+00:00
[2023-11-25T13:43:02.900+0000] {processor.py:179} INFO - Processing /home/airflow/.local/lib/python3.8/site-packages/airflow/example_dags/example_short_circuit_decorator.py took 0.072 seconds
[2023-11-25T13:43:33.340+0000] {processor.py:157} INFO - Started process (PID=276) to work on /home/airflow/.local/lib/python3.8/site-packages/airflow/example_dags/example_short_circuit_decorator.py
[2023-11-25T13:43:33.341+0000] {processor.py:829} INFO - Processing file /home/airflow/.local/lib/python3.8/site-packages/airflow/example_dags/example_short_circuit_decorator.py for tasks to queue
[2023-11-25T13:43:33.343+0000] {logging_mixin.py:154} INFO - [2023-11-25T13:43:33.343+0000] {dagbag.py:536} INFO - Filling up the DagBag from /home/airflow/.local/lib/python3.8/site-packages/airflow/example_dags/example_short_circuit_decorator.py
[2023-11-25T13:43:33.352+0000] {processor.py:839} INFO - DAG(s) dict_keys(['example_short_circuit_decorator']) retrieved from /home/airflow/.local/lib/python3.8/site-packages/airflow/example_dags/example_short_circuit_decorator.py
[2023-11-25T13:43:33.375+0000] {logging_mixin.py:154} INFO - [2023-11-25T13:43:33.375+0000] {dag.py:2941} INFO - Sync 1 DAGs
[2023-11-25T13:43:33.399+0000] {logging_mixin.py:154} INFO - [2023-11-25T13:43:33.399+0000] {dag.py:3722} INFO - Setting next_dagrun for example_short_circuit_decorator to 2023-11-24T13:43:33.398841+00:00, run_after=2023-11-25T13:43:33.398841+00:00
[2023-11-25T13:43:33.416+0000] {processor.py:179} INFO - Processing /home/airflow/.local/lib/python3.8/site-packages/airflow/example_dags/example_short_circuit_decorator.py took 0.079 seconds
