[2023-11-25T13:39:28.059+0000] {processor.py:157} INFO - Started process (PID=53) to work on /home/airflow/.local/lib/python3.8/site-packages/airflow/example_dags/example_branch_operator.py
[2023-11-25T13:39:28.060+0000] {processor.py:829} INFO - Processing file /home/airflow/.local/lib/python3.8/site-packages/airflow/example_dags/example_branch_operator.py for tasks to queue
[2023-11-25T13:39:28.062+0000] {logging_mixin.py:154} INFO - [2023-11-25T13:39:28.062+0000] {dagbag.py:536} INFO - Filling up the DagBag from /home/airflow/.local/lib/python3.8/site-packages/airflow/example_dags/example_branch_operator.py
[2023-11-25T13:39:28.072+0000] {processor.py:839} INFO - DAG(s) dict_keys(['example_branch_operator']) retrieved from /home/airflow/.local/lib/python3.8/site-packages/airflow/example_dags/example_branch_operator.py
[2023-11-25T13:39:28.086+0000] {logging_mixin.py:154} INFO - [2023-11-25T13:39:28.086+0000] {dag.py:2941} INFO - Sync 1 DAGs
[2023-11-25T13:39:28.121+0000] {logging_mixin.py:154} INFO - [2023-11-25T13:39:28.121+0000] {dag.py:3722} INFO - Setting next_dagrun for example_branch_operator to 2023-11-24T00:00:00+00:00, run_after=2023-11-25T00:00:00+00:00
[2023-11-25T13:39:28.141+0000] {processor.py:179} INFO - Processing /home/airflow/.local/lib/python3.8/site-packages/airflow/example_dags/example_branch_operator.py took 0.085 seconds
[2023-11-25T13:39:58.632+0000] {processor.py:157} INFO - Started process (PID=107) to work on /home/airflow/.local/lib/python3.8/site-packages/airflow/example_dags/example_branch_operator.py
[2023-11-25T13:39:58.633+0000] {processor.py:829} INFO - Processing file /home/airflow/.local/lib/python3.8/site-packages/airflow/example_dags/example_branch_operator.py for tasks to queue
[2023-11-25T13:39:58.635+0000] {logging_mixin.py:154} INFO - [2023-11-25T13:39:58.635+0000] {dagbag.py:536} INFO - Filling up the DagBag from /home/airflow/.local/lib/python3.8/site-packages/airflow/example_dags/example_branch_operator.py
[2023-11-25T13:39:58.644+0000] {processor.py:839} INFO - DAG(s) dict_keys(['example_branch_operator']) retrieved from /home/airflow/.local/lib/python3.8/site-packages/airflow/example_dags/example_branch_operator.py
[2023-11-25T13:39:58.667+0000] {logging_mixin.py:154} INFO - [2023-11-25T13:39:58.667+0000] {dag.py:2941} INFO - Sync 1 DAGs
[2023-11-25T13:39:58.691+0000] {logging_mixin.py:154} INFO - [2023-11-25T13:39:58.691+0000] {dag.py:3722} INFO - Setting next_dagrun for example_branch_operator to 2023-11-24T00:00:00+00:00, run_after=2023-11-25T00:00:00+00:00
[2023-11-25T13:39:58.706+0000] {processor.py:179} INFO - Processing /home/airflow/.local/lib/python3.8/site-packages/airflow/example_dags/example_branch_operator.py took 0.077 seconds
[2023-11-25T13:40:29.182+0000] {processor.py:157} INFO - Started process (PID=161) to work on /home/airflow/.local/lib/python3.8/site-packages/airflow/example_dags/example_branch_operator.py
[2023-11-25T13:40:29.183+0000] {processor.py:829} INFO - Processing file /home/airflow/.local/lib/python3.8/site-packages/airflow/example_dags/example_branch_operator.py for tasks to queue
[2023-11-25T13:40:29.185+0000] {logging_mixin.py:154} INFO - [2023-11-25T13:40:29.184+0000] {dagbag.py:536} INFO - Filling up the DagBag from /home/airflow/.local/lib/python3.8/site-packages/airflow/example_dags/example_branch_operator.py
[2023-11-25T13:40:29.194+0000] {processor.py:839} INFO - DAG(s) dict_keys(['example_branch_operator']) retrieved from /home/airflow/.local/lib/python3.8/site-packages/airflow/example_dags/example_branch_operator.py
[2023-11-25T13:40:29.216+0000] {logging_mixin.py:154} INFO - [2023-11-25T13:40:29.216+0000] {dag.py:2941} INFO - Sync 1 DAGs
[2023-11-25T13:40:29.240+0000] {logging_mixin.py:154} INFO - [2023-11-25T13:40:29.240+0000] {dag.py:3722} INFO - Setting next_dagrun for example_branch_operator to 2023-11-24T00:00:00+00:00, run_after=2023-11-25T00:00:00+00:00
[2023-11-25T13:40:29.257+0000] {processor.py:179} INFO - Processing /home/airflow/.local/lib/python3.8/site-packages/airflow/example_dags/example_branch_operator.py took 0.079 seconds
[2023-11-25T13:41:30.132+0000] {processor.py:157} INFO - Started process (PID=54) to work on /home/airflow/.local/lib/python3.8/site-packages/airflow/example_dags/example_branch_operator.py
[2023-11-25T13:41:30.133+0000] {processor.py:829} INFO - Processing file /home/airflow/.local/lib/python3.8/site-packages/airflow/example_dags/example_branch_operator.py for tasks to queue
[2023-11-25T13:41:30.136+0000] {logging_mixin.py:154} INFO - [2023-11-25T13:41:30.135+0000] {dagbag.py:536} INFO - Filling up the DagBag from /home/airflow/.local/lib/python3.8/site-packages/airflow/example_dags/example_branch_operator.py
[2023-11-25T13:41:30.148+0000] {processor.py:839} INFO - DAG(s) dict_keys(['example_branch_operator']) retrieved from /home/airflow/.local/lib/python3.8/site-packages/airflow/example_dags/example_branch_operator.py
[2023-11-25T13:41:30.161+0000] {logging_mixin.py:154} INFO - [2023-11-25T13:41:30.161+0000] {dag.py:2941} INFO - Sync 1 DAGs
[2023-11-25T13:41:30.195+0000] {logging_mixin.py:154} INFO - [2023-11-25T13:41:30.194+0000] {dag.py:3722} INFO - Setting next_dagrun for example_branch_operator to 2023-11-24T00:00:00+00:00, run_after=2023-11-25T00:00:00+00:00
[2023-11-25T13:41:30.224+0000] {processor.py:179} INFO - Processing /home/airflow/.local/lib/python3.8/site-packages/airflow/example_dags/example_branch_operator.py took 0.096 seconds
[2023-11-25T13:42:00.854+0000] {processor.py:157} INFO - Started process (PID=107) to work on /home/airflow/.local/lib/python3.8/site-packages/airflow/example_dags/example_branch_operator.py
[2023-11-25T13:42:00.855+0000] {processor.py:829} INFO - Processing file /home/airflow/.local/lib/python3.8/site-packages/airflow/example_dags/example_branch_operator.py for tasks to queue
[2023-11-25T13:42:00.857+0000] {logging_mixin.py:154} INFO - [2023-11-25T13:42:00.857+0000] {dagbag.py:536} INFO - Filling up the DagBag from /home/airflow/.local/lib/python3.8/site-packages/airflow/example_dags/example_branch_operator.py
[2023-11-25T13:42:00.866+0000] {processor.py:839} INFO - DAG(s) dict_keys(['example_branch_operator']) retrieved from /home/airflow/.local/lib/python3.8/site-packages/airflow/example_dags/example_branch_operator.py
[2023-11-25T13:42:00.889+0000] {logging_mixin.py:154} INFO - [2023-11-25T13:42:00.888+0000] {dag.py:2941} INFO - Sync 1 DAGs
[2023-11-25T13:42:00.913+0000] {logging_mixin.py:154} INFO - [2023-11-25T13:42:00.912+0000] {dag.py:3722} INFO - Setting next_dagrun for example_branch_operator to 2023-11-24T00:00:00+00:00, run_after=2023-11-25T00:00:00+00:00
[2023-11-25T13:42:00.933+0000] {processor.py:179} INFO - Processing /home/airflow/.local/lib/python3.8/site-packages/airflow/example_dags/example_branch_operator.py took 0.081 seconds
[2023-11-25T13:42:31.557+0000] {processor.py:157} INFO - Started process (PID=161) to work on /home/airflow/.local/lib/python3.8/site-packages/airflow/example_dags/example_branch_operator.py
[2023-11-25T13:42:31.558+0000] {processor.py:829} INFO - Processing file /home/airflow/.local/lib/python3.8/site-packages/airflow/example_dags/example_branch_operator.py for tasks to queue
[2023-11-25T13:42:31.561+0000] {logging_mixin.py:154} INFO - [2023-11-25T13:42:31.561+0000] {dagbag.py:536} INFO - Filling up the DagBag from /home/airflow/.local/lib/python3.8/site-packages/airflow/example_dags/example_branch_operator.py
[2023-11-25T13:42:31.572+0000] {processor.py:839} INFO - DAG(s) dict_keys(['example_branch_operator']) retrieved from /home/airflow/.local/lib/python3.8/site-packages/airflow/example_dags/example_branch_operator.py
[2023-11-25T13:42:31.596+0000] {logging_mixin.py:154} INFO - [2023-11-25T13:42:31.596+0000] {dag.py:2941} INFO - Sync 1 DAGs
[2023-11-25T13:42:31.620+0000] {logging_mixin.py:154} INFO - [2023-11-25T13:42:31.620+0000] {dag.py:3722} INFO - Setting next_dagrun for example_branch_operator to 2023-11-24T00:00:00+00:00, run_after=2023-11-25T00:00:00+00:00
[2023-11-25T13:42:31.637+0000] {processor.py:179} INFO - Processing /home/airflow/.local/lib/python3.8/site-packages/airflow/example_dags/example_branch_operator.py took 0.083 seconds
[2023-11-25T13:43:02.553+0000] {processor.py:157} INFO - Started process (PID=215) to work on /home/airflow/.local/lib/python3.8/site-packages/airflow/example_dags/example_branch_operator.py
[2023-11-25T13:43:02.553+0000] {processor.py:829} INFO - Processing file /home/airflow/.local/lib/python3.8/site-packages/airflow/example_dags/example_branch_operator.py for tasks to queue
[2023-11-25T13:43:02.555+0000] {logging_mixin.py:154} INFO - [2023-11-25T13:43:02.555+0000] {dagbag.py:536} INFO - Filling up the DagBag from /home/airflow/.local/lib/python3.8/site-packages/airflow/example_dags/example_branch_operator.py
[2023-11-25T13:43:02.564+0000] {processor.py:839} INFO - DAG(s) dict_keys(['example_branch_operator']) retrieved from /home/airflow/.local/lib/python3.8/site-packages/airflow/example_dags/example_branch_operator.py
[2023-11-25T13:43:02.575+0000] {logging_mixin.py:154} INFO - [2023-11-25T13:43:02.575+0000] {dag.py:2941} INFO - Sync 1 DAGs
[2023-11-25T13:43:02.599+0000] {logging_mixin.py:154} INFO - [2023-11-25T13:43:02.598+0000] {dag.py:3722} INFO - Setting next_dagrun for example_branch_operator to 2023-11-24T00:00:00+00:00, run_after=2023-11-25T00:00:00+00:00
[2023-11-25T13:43:02.614+0000] {processor.py:179} INFO - Processing /home/airflow/.local/lib/python3.8/site-packages/airflow/example_dags/example_branch_operator.py took 0.064 seconds
[2023-11-25T13:43:32.884+0000] {processor.py:157} INFO - Started process (PID=269) to work on /home/airflow/.local/lib/python3.8/site-packages/airflow/example_dags/example_branch_operator.py
[2023-11-25T13:43:32.884+0000] {processor.py:829} INFO - Processing file /home/airflow/.local/lib/python3.8/site-packages/airflow/example_dags/example_branch_operator.py for tasks to queue
[2023-11-25T13:43:32.886+0000] {logging_mixin.py:154} INFO - [2023-11-25T13:43:32.886+0000] {dagbag.py:536} INFO - Filling up the DagBag from /home/airflow/.local/lib/python3.8/site-packages/airflow/example_dags/example_branch_operator.py
[2023-11-25T13:43:32.895+0000] {processor.py:839} INFO - DAG(s) dict_keys(['example_branch_operator']) retrieved from /home/airflow/.local/lib/python3.8/site-packages/airflow/example_dags/example_branch_operator.py
[2023-11-25T13:43:32.917+0000] {logging_mixin.py:154} INFO - [2023-11-25T13:43:32.917+0000] {dag.py:2941} INFO - Sync 1 DAGs
[2023-11-25T13:43:32.942+0000] {logging_mixin.py:154} INFO - [2023-11-25T13:43:32.941+0000] {dag.py:3722} INFO - Setting next_dagrun for example_branch_operator to 2023-11-24T00:00:00+00:00, run_after=2023-11-25T00:00:00+00:00
[2023-11-25T13:43:32.958+0000] {processor.py:179} INFO - Processing /home/airflow/.local/lib/python3.8/site-packages/airflow/example_dags/example_branch_operator.py took 0.078 seconds
