[2023-11-25T13:39:28.482+0000] {processor.py:157} INFO - Started process (PID=61) to work on /home/airflow/.local/lib/python3.8/site-packages/airflow/example_dags/example_sensor_decorator.py
[2023-11-25T13:39:28.484+0000] {processor.py:829} INFO - Processing file /home/airflow/.local/lib/python3.8/site-packages/airflow/example_dags/example_sensor_decorator.py for tasks to queue
[2023-11-25T13:39:28.487+0000] {logging_mixin.py:154} INFO - [2023-11-25T13:39:28.486+0000] {dagbag.py:536} INFO - Filling up the DagBag from /home/airflow/.local/lib/python3.8/site-packages/airflow/example_dags/example_sensor_decorator.py
[2023-11-25T13:39:28.496+0000] {processor.py:839} INFO - DAG(s) dict_keys(['example_sensor_decorator']) retrieved from /home/airflow/.local/lib/python3.8/site-packages/airflow/example_dags/example_sensor_decorator.py
[2023-11-25T13:39:28.512+0000] {logging_mixin.py:154} INFO - [2023-11-25T13:39:28.512+0000] {dag.py:2941} INFO - Sync 1 DAGs
[2023-11-25T13:39:28.533+0000] {logging_mixin.py:154} INFO - [2023-11-25T13:39:28.533+0000] {dag.py:3722} INFO - Setting next_dagrun for example_sensor_decorator to None, run_after=None
[2023-11-25T13:39:28.559+0000] {processor.py:179} INFO - Processing /home/airflow/.local/lib/python3.8/site-packages/airflow/example_dags/example_sensor_decorator.py took 0.082 seconds
[2023-11-25T13:39:59.047+0000] {processor.py:157} INFO - Started process (PID=115) to work on /home/airflow/.local/lib/python3.8/site-packages/airflow/example_dags/example_sensor_decorator.py
[2023-11-25T13:39:59.048+0000] {processor.py:829} INFO - Processing file /home/airflow/.local/lib/python3.8/site-packages/airflow/example_dags/example_sensor_decorator.py for tasks to queue
[2023-11-25T13:39:59.049+0000] {logging_mixin.py:154} INFO - [2023-11-25T13:39:59.049+0000] {dagbag.py:536} INFO - Filling up the DagBag from /home/airflow/.local/lib/python3.8/site-packages/airflow/example_dags/example_sensor_decorator.py
[2023-11-25T13:39:59.055+0000] {processor.py:839} INFO - DAG(s) dict_keys(['example_sensor_decorator']) retrieved from /home/airflow/.local/lib/python3.8/site-packages/airflow/example_dags/example_sensor_decorator.py
[2023-11-25T13:39:59.075+0000] {logging_mixin.py:154} INFO - [2023-11-25T13:39:59.074+0000] {dag.py:2941} INFO - Sync 1 DAGs
[2023-11-25T13:39:59.087+0000] {logging_mixin.py:154} INFO - [2023-11-25T13:39:59.087+0000] {dag.py:3722} INFO - Setting next_dagrun for example_sensor_decorator to None, run_after=None
[2023-11-25T13:39:59.104+0000] {processor.py:179} INFO - Processing /home/airflow/.local/lib/python3.8/site-packages/airflow/example_dags/example_sensor_decorator.py took 0.060 seconds
[2023-11-25T13:40:29.588+0000] {processor.py:157} INFO - Started process (PID=169) to work on /home/airflow/.local/lib/python3.8/site-packages/airflow/example_dags/example_sensor_decorator.py
[2023-11-25T13:40:29.589+0000] {processor.py:829} INFO - Processing file /home/airflow/.local/lib/python3.8/site-packages/airflow/example_dags/example_sensor_decorator.py for tasks to queue
[2023-11-25T13:40:29.591+0000] {logging_mixin.py:154} INFO - [2023-11-25T13:40:29.590+0000] {dagbag.py:536} INFO - Filling up the DagBag from /home/airflow/.local/lib/python3.8/site-packages/airflow/example_dags/example_sensor_decorator.py
[2023-11-25T13:40:29.597+0000] {processor.py:839} INFO - DAG(s) dict_keys(['example_sensor_decorator']) retrieved from /home/airflow/.local/lib/python3.8/site-packages/airflow/example_dags/example_sensor_decorator.py
[2023-11-25T13:40:29.617+0000] {logging_mixin.py:154} INFO - [2023-11-25T13:40:29.617+0000] {dag.py:2941} INFO - Sync 1 DAGs
[2023-11-25T13:40:29.631+0000] {logging_mixin.py:154} INFO - [2023-11-25T13:40:29.630+0000] {dag.py:3722} INFO - Setting next_dagrun for example_sensor_decorator to None, run_after=None
[2023-11-25T13:40:29.649+0000] {processor.py:179} INFO - Processing /home/airflow/.local/lib/python3.8/site-packages/airflow/example_dags/example_sensor_decorator.py took 0.064 seconds
[2023-11-25T13:41:30.618+0000] {processor.py:157} INFO - Started process (PID=62) to work on /home/airflow/.local/lib/python3.8/site-packages/airflow/example_dags/example_sensor_decorator.py
[2023-11-25T13:41:30.619+0000] {processor.py:829} INFO - Processing file /home/airflow/.local/lib/python3.8/site-packages/airflow/example_dags/example_sensor_decorator.py for tasks to queue
[2023-11-25T13:41:30.621+0000] {logging_mixin.py:154} INFO - [2023-11-25T13:41:30.621+0000] {dagbag.py:536} INFO - Filling up the DagBag from /home/airflow/.local/lib/python3.8/site-packages/airflow/example_dags/example_sensor_decorator.py
[2023-11-25T13:41:30.629+0000] {processor.py:839} INFO - DAG(s) dict_keys(['example_sensor_decorator']) retrieved from /home/airflow/.local/lib/python3.8/site-packages/airflow/example_dags/example_sensor_decorator.py
[2023-11-25T13:41:30.643+0000] {logging_mixin.py:154} INFO - [2023-11-25T13:41:30.642+0000] {dag.py:2941} INFO - Sync 1 DAGs
[2023-11-25T13:41:30.667+0000] {logging_mixin.py:154} INFO - [2023-11-25T13:41:30.667+0000] {dag.py:3722} INFO - Setting next_dagrun for example_sensor_decorator to None, run_after=None
[2023-11-25T13:41:30.694+0000] {processor.py:179} INFO - Processing /home/airflow/.local/lib/python3.8/site-packages/airflow/example_dags/example_sensor_decorator.py took 0.080 seconds
[2023-11-25T13:42:01.294+0000] {processor.py:157} INFO - Started process (PID=115) to work on /home/airflow/.local/lib/python3.8/site-packages/airflow/example_dags/example_sensor_decorator.py
[2023-11-25T13:42:01.294+0000] {processor.py:829} INFO - Processing file /home/airflow/.local/lib/python3.8/site-packages/airflow/example_dags/example_sensor_decorator.py for tasks to queue
[2023-11-25T13:42:01.296+0000] {logging_mixin.py:154} INFO - [2023-11-25T13:42:01.296+0000] {dagbag.py:536} INFO - Filling up the DagBag from /home/airflow/.local/lib/python3.8/site-packages/airflow/example_dags/example_sensor_decorator.py
[2023-11-25T13:42:01.302+0000] {processor.py:839} INFO - DAG(s) dict_keys(['example_sensor_decorator']) retrieved from /home/airflow/.local/lib/python3.8/site-packages/airflow/example_dags/example_sensor_decorator.py
[2023-11-25T13:42:01.326+0000] {logging_mixin.py:154} INFO - [2023-11-25T13:42:01.326+0000] {dag.py:2941} INFO - Sync 1 DAGs
[2023-11-25T13:42:01.342+0000] {logging_mixin.py:154} INFO - [2023-11-25T13:42:01.342+0000] {dag.py:3722} INFO - Setting next_dagrun for example_sensor_decorator to None, run_after=None
[2023-11-25T13:42:01.358+0000] {processor.py:179} INFO - Processing /home/airflow/.local/lib/python3.8/site-packages/airflow/example_dags/example_sensor_decorator.py took 0.068 seconds
[2023-11-25T13:42:31.941+0000] {processor.py:157} INFO - Started process (PID=169) to work on /home/airflow/.local/lib/python3.8/site-packages/airflow/example_dags/example_sensor_decorator.py
[2023-11-25T13:42:31.941+0000] {processor.py:829} INFO - Processing file /home/airflow/.local/lib/python3.8/site-packages/airflow/example_dags/example_sensor_decorator.py for tasks to queue
[2023-11-25T13:42:31.943+0000] {logging_mixin.py:154} INFO - [2023-11-25T13:42:31.943+0000] {dagbag.py:536} INFO - Filling up the DagBag from /home/airflow/.local/lib/python3.8/site-packages/airflow/example_dags/example_sensor_decorator.py
[2023-11-25T13:42:31.949+0000] {processor.py:839} INFO - DAG(s) dict_keys(['example_sensor_decorator']) retrieved from /home/airflow/.local/lib/python3.8/site-packages/airflow/example_dags/example_sensor_decorator.py
[2023-11-25T13:42:31.969+0000] {logging_mixin.py:154} INFO - [2023-11-25T13:42:31.968+0000] {dag.py:2941} INFO - Sync 1 DAGs
[2023-11-25T13:42:31.981+0000] {logging_mixin.py:154} INFO - [2023-11-25T13:42:31.980+0000] {dag.py:3722} INFO - Setting next_dagrun for example_sensor_decorator to None, run_after=None
[2023-11-25T13:42:31.997+0000] {processor.py:179} INFO - Processing /home/airflow/.local/lib/python3.8/site-packages/airflow/example_dags/example_sensor_decorator.py took 0.060 seconds
[2023-11-25T13:43:02.887+0000] {processor.py:157} INFO - Started process (PID=223) to work on /home/airflow/.local/lib/python3.8/site-packages/airflow/example_dags/example_sensor_decorator.py
[2023-11-25T13:43:02.888+0000] {processor.py:829} INFO - Processing file /home/airflow/.local/lib/python3.8/site-packages/airflow/example_dags/example_sensor_decorator.py for tasks to queue
[2023-11-25T13:43:02.890+0000] {logging_mixin.py:154} INFO - [2023-11-25T13:43:02.889+0000] {dagbag.py:536} INFO - Filling up the DagBag from /home/airflow/.local/lib/python3.8/site-packages/airflow/example_dags/example_sensor_decorator.py
[2023-11-25T13:43:02.895+0000] {processor.py:839} INFO - DAG(s) dict_keys(['example_sensor_decorator']) retrieved from /home/airflow/.local/lib/python3.8/site-packages/airflow/example_dags/example_sensor_decorator.py
[2023-11-25T13:43:02.909+0000] {logging_mixin.py:154} INFO - [2023-11-25T13:43:02.909+0000] {dag.py:2941} INFO - Sync 1 DAGs
[2023-11-25T13:43:02.922+0000] {logging_mixin.py:154} INFO - [2023-11-25T13:43:02.922+0000] {dag.py:3722} INFO - Setting next_dagrun for example_sensor_decorator to None, run_after=None
[2023-11-25T13:43:02.940+0000] {processor.py:179} INFO - Processing /home/airflow/.local/lib/python3.8/site-packages/airflow/example_dags/example_sensor_decorator.py took 0.057 seconds
[2023-11-25T13:43:33.401+0000] {processor.py:157} INFO - Started process (PID=277) to work on /home/airflow/.local/lib/python3.8/site-packages/airflow/example_dags/example_sensor_decorator.py
[2023-11-25T13:43:33.402+0000] {processor.py:829} INFO - Processing file /home/airflow/.local/lib/python3.8/site-packages/airflow/example_dags/example_sensor_decorator.py for tasks to queue
[2023-11-25T13:43:33.404+0000] {logging_mixin.py:154} INFO - [2023-11-25T13:43:33.404+0000] {dagbag.py:536} INFO - Filling up the DagBag from /home/airflow/.local/lib/python3.8/site-packages/airflow/example_dags/example_sensor_decorator.py
[2023-11-25T13:43:33.410+0000] {processor.py:839} INFO - DAG(s) dict_keys(['example_sensor_decorator']) retrieved from /home/airflow/.local/lib/python3.8/site-packages/airflow/example_dags/example_sensor_decorator.py
[2023-11-25T13:43:33.430+0000] {logging_mixin.py:154} INFO - [2023-11-25T13:43:33.430+0000] {dag.py:2941} INFO - Sync 1 DAGs
[2023-11-25T13:43:33.442+0000] {logging_mixin.py:154} INFO - [2023-11-25T13:43:33.442+0000] {dag.py:3722} INFO - Setting next_dagrun for example_sensor_decorator to None, run_after=None
[2023-11-25T13:43:33.458+0000] {processor.py:179} INFO - Processing /home/airflow/.local/lib/python3.8/site-packages/airflow/example_dags/example_sensor_decorator.py took 0.060 seconds
