[2023-11-25T13:39:28.787+0000] {processor.py:157} INFO - Started process (PID=66) to work on /home/airflow/.local/lib/python3.8/site-packages/airflow/example_dags/example_datasets.py
[2023-11-25T13:39:28.788+0000] {processor.py:829} INFO - Processing file /home/airflow/.local/lib/python3.8/site-packages/airflow/example_dags/example_datasets.py for tasks to queue
[2023-11-25T13:39:28.790+0000] {logging_mixin.py:154} INFO - [2023-11-25T13:39:28.790+0000] {dagbag.py:536} INFO - Filling up the DagBag from /home/airflow/.local/lib/python3.8/site-packages/airflow/example_dags/example_datasets.py
[2023-11-25T13:39:28.801+0000] {processor.py:839} INFO - DAG(s) dict_keys(['dataset_consumes_1_never_scheduled', 'dataset_consumes_1_and_2', 'dataset_consumes_1', 'dataset_produces_2', 'dataset_consumes_unknown_never_scheduled', 'dataset_produces_1']) retrieved from /home/airflow/.local/lib/python3.8/site-packages/airflow/example_dags/example_datasets.py
[2023-11-25T13:39:28.817+0000] {logging_mixin.py:154} INFO - [2023-11-25T13:39:28.817+0000] {dag.py:2941} INFO - Sync 6 DAGs
[2023-11-25T13:39:28.844+0000] {logging_mixin.py:154} INFO - [2023-11-25T13:39:28.844+0000] {dag.py:3722} INFO - Setting next_dagrun for dataset_consumes_1 to None, run_after=None
[2023-11-25T13:39:28.848+0000] {logging_mixin.py:154} INFO - [2023-11-25T13:39:28.848+0000] {dag.py:3722} INFO - Setting next_dagrun for dataset_consumes_1_and_2 to None, run_after=None
[2023-11-25T13:39:28.850+0000] {logging_mixin.py:154} INFO - [2023-11-25T13:39:28.850+0000] {dag.py:3722} INFO - Setting next_dagrun for dataset_consumes_1_never_scheduled to None, run_after=None
[2023-11-25T13:39:28.851+0000] {logging_mixin.py:154} INFO - [2023-11-25T13:39:28.851+0000] {dag.py:3722} INFO - Setting next_dagrun for dataset_consumes_unknown_never_scheduled to None, run_after=None
[2023-11-25T13:39:28.855+0000] {logging_mixin.py:154} INFO - [2023-11-25T13:39:28.855+0000] {dag.py:3722} INFO - Setting next_dagrun for dataset_produces_1 to 2023-11-24T00:00:00+00:00, run_after=2023-11-25T00:00:00+00:00
[2023-11-25T13:39:28.857+0000] {logging_mixin.py:154} INFO - [2023-11-25T13:39:28.857+0000] {dag.py:3722} INFO - Setting next_dagrun for dataset_produces_2 to None, run_after=None
[2023-11-25T13:39:28.891+0000] {processor.py:179} INFO - Processing /home/airflow/.local/lib/python3.8/site-packages/airflow/example_dags/example_datasets.py took 0.108 seconds
[2023-11-25T13:39:59.316+0000] {processor.py:157} INFO - Started process (PID=120) to work on /home/airflow/.local/lib/python3.8/site-packages/airflow/example_dags/example_datasets.py
[2023-11-25T13:39:59.317+0000] {processor.py:829} INFO - Processing file /home/airflow/.local/lib/python3.8/site-packages/airflow/example_dags/example_datasets.py for tasks to queue
[2023-11-25T13:39:59.319+0000] {logging_mixin.py:154} INFO - [2023-11-25T13:39:59.318+0000] {dagbag.py:536} INFO - Filling up the DagBag from /home/airflow/.local/lib/python3.8/site-packages/airflow/example_dags/example_datasets.py
[2023-11-25T13:39:59.328+0000] {processor.py:839} INFO - DAG(s) dict_keys(['dataset_produces_2', 'dataset_consumes_1', 'dataset_produces_1', 'dataset_consumes_1_and_2', 'dataset_consumes_unknown_never_scheduled', 'dataset_consumes_1_never_scheduled']) retrieved from /home/airflow/.local/lib/python3.8/site-packages/airflow/example_dags/example_datasets.py
[2023-11-25T13:39:59.361+0000] {logging_mixin.py:154} INFO - [2023-11-25T13:39:59.361+0000] {dag.py:2941} INFO - Sync 6 DAGs
[2023-11-25T13:39:59.384+0000] {logging_mixin.py:154} INFO - [2023-11-25T13:39:59.384+0000] {dag.py:3722} INFO - Setting next_dagrun for dataset_consumes_1 to None, run_after=None
[2023-11-25T13:39:59.388+0000] {logging_mixin.py:154} INFO - [2023-11-25T13:39:59.387+0000] {dag.py:3722} INFO - Setting next_dagrun for dataset_consumes_1_and_2 to None, run_after=None
[2023-11-25T13:39:59.389+0000] {logging_mixin.py:154} INFO - [2023-11-25T13:39:59.389+0000] {dag.py:3722} INFO - Setting next_dagrun for dataset_consumes_1_never_scheduled to None, run_after=None
[2023-11-25T13:39:59.390+0000] {logging_mixin.py:154} INFO - [2023-11-25T13:39:59.390+0000] {dag.py:3722} INFO - Setting next_dagrun for dataset_consumes_unknown_never_scheduled to None, run_after=None
[2023-11-25T13:39:59.393+0000] {logging_mixin.py:154} INFO - [2023-11-25T13:39:59.393+0000] {dag.py:3722} INFO - Setting next_dagrun for dataset_produces_1 to 2023-11-24T00:00:00+00:00, run_after=2023-11-25T00:00:00+00:00
[2023-11-25T13:39:59.394+0000] {logging_mixin.py:154} INFO - [2023-11-25T13:39:59.394+0000] {dag.py:3722} INFO - Setting next_dagrun for dataset_produces_2 to None, run_after=None
[2023-11-25T13:39:59.426+0000] {processor.py:179} INFO - Processing /home/airflow/.local/lib/python3.8/site-packages/airflow/example_dags/example_datasets.py took 0.113 seconds
[2023-11-25T13:40:29.858+0000] {processor.py:157} INFO - Started process (PID=174) to work on /home/airflow/.local/lib/python3.8/site-packages/airflow/example_dags/example_datasets.py
[2023-11-25T13:40:29.858+0000] {processor.py:829} INFO - Processing file /home/airflow/.local/lib/python3.8/site-packages/airflow/example_dags/example_datasets.py for tasks to queue
[2023-11-25T13:40:29.860+0000] {logging_mixin.py:154} INFO - [2023-11-25T13:40:29.860+0000] {dagbag.py:536} INFO - Filling up the DagBag from /home/airflow/.local/lib/python3.8/site-packages/airflow/example_dags/example_datasets.py
[2023-11-25T13:40:29.869+0000] {processor.py:839} INFO - DAG(s) dict_keys(['dataset_produces_1', 'dataset_consumes_unknown_never_scheduled', 'dataset_consumes_1_and_2', 'dataset_produces_2', 'dataset_consumes_1', 'dataset_consumes_1_never_scheduled']) retrieved from /home/airflow/.local/lib/python3.8/site-packages/airflow/example_dags/example_datasets.py
[2023-11-25T13:40:29.902+0000] {logging_mixin.py:154} INFO - [2023-11-25T13:40:29.902+0000] {dag.py:2941} INFO - Sync 6 DAGs
[2023-11-25T13:40:29.925+0000] {logging_mixin.py:154} INFO - [2023-11-25T13:40:29.925+0000] {dag.py:3722} INFO - Setting next_dagrun for dataset_consumes_1 to None, run_after=None
[2023-11-25T13:40:29.928+0000] {logging_mixin.py:154} INFO - [2023-11-25T13:40:29.928+0000] {dag.py:3722} INFO - Setting next_dagrun for dataset_consumes_1_and_2 to None, run_after=None
[2023-11-25T13:40:29.929+0000] {logging_mixin.py:154} INFO - [2023-11-25T13:40:29.929+0000] {dag.py:3722} INFO - Setting next_dagrun for dataset_consumes_1_never_scheduled to None, run_after=None
[2023-11-25T13:40:29.930+0000] {logging_mixin.py:154} INFO - [2023-11-25T13:40:29.930+0000] {dag.py:3722} INFO - Setting next_dagrun for dataset_consumes_unknown_never_scheduled to None, run_after=None
[2023-11-25T13:40:29.933+0000] {logging_mixin.py:154} INFO - [2023-11-25T13:40:29.933+0000] {dag.py:3722} INFO - Setting next_dagrun for dataset_produces_1 to 2023-11-24T00:00:00+00:00, run_after=2023-11-25T00:00:00+00:00
[2023-11-25T13:40:29.934+0000] {logging_mixin.py:154} INFO - [2023-11-25T13:40:29.934+0000] {dag.py:3722} INFO - Setting next_dagrun for dataset_produces_2 to None, run_after=None
[2023-11-25T13:40:29.963+0000] {processor.py:179} INFO - Processing /home/airflow/.local/lib/python3.8/site-packages/airflow/example_dags/example_datasets.py took 0.108 seconds
[2023-11-25T13:41:30.931+0000] {processor.py:157} INFO - Started process (PID=67) to work on /home/airflow/.local/lib/python3.8/site-packages/airflow/example_dags/example_datasets.py
[2023-11-25T13:41:30.932+0000] {processor.py:829} INFO - Processing file /home/airflow/.local/lib/python3.8/site-packages/airflow/example_dags/example_datasets.py for tasks to queue
[2023-11-25T13:41:30.935+0000] {logging_mixin.py:154} INFO - [2023-11-25T13:41:30.934+0000] {dagbag.py:536} INFO - Filling up the DagBag from /home/airflow/.local/lib/python3.8/site-packages/airflow/example_dags/example_datasets.py
[2023-11-25T13:41:30.945+0000] {processor.py:839} INFO - DAG(s) dict_keys(['dataset_consumes_1', 'dataset_consumes_1_and_2', 'dataset_consumes_unknown_never_scheduled', 'dataset_produces_2', 'dataset_produces_1', 'dataset_consumes_1_never_scheduled']) retrieved from /home/airflow/.local/lib/python3.8/site-packages/airflow/example_dags/example_datasets.py
[2023-11-25T13:41:30.966+0000] {logging_mixin.py:154} INFO - [2023-11-25T13:41:30.966+0000] {dag.py:2941} INFO - Sync 6 DAGs
[2023-11-25T13:41:31.007+0000] {logging_mixin.py:154} INFO - [2023-11-25T13:41:31.006+0000] {dag.py:3722} INFO - Setting next_dagrun for dataset_consumes_1 to None, run_after=None
[2023-11-25T13:41:31.012+0000] {logging_mixin.py:154} INFO - [2023-11-25T13:41:31.012+0000] {dag.py:3722} INFO - Setting next_dagrun for dataset_consumes_1_and_2 to None, run_after=None
[2023-11-25T13:41:31.014+0000] {logging_mixin.py:154} INFO - [2023-11-25T13:41:31.014+0000] {dag.py:3722} INFO - Setting next_dagrun for dataset_consumes_1_never_scheduled to None, run_after=None
[2023-11-25T13:41:31.015+0000] {logging_mixin.py:154} INFO - [2023-11-25T13:41:31.015+0000] {dag.py:3722} INFO - Setting next_dagrun for dataset_consumes_unknown_never_scheduled to None, run_after=None
[2023-11-25T13:41:31.019+0000] {logging_mixin.py:154} INFO - [2023-11-25T13:41:31.018+0000] {dag.py:3722} INFO - Setting next_dagrun for dataset_produces_1 to 2023-11-24T00:00:00+00:00, run_after=2023-11-25T00:00:00+00:00
[2023-11-25T13:41:31.020+0000] {logging_mixin.py:154} INFO - [2023-11-25T13:41:31.020+0000] {dag.py:3722} INFO - Setting next_dagrun for dataset_produces_2 to None, run_after=None
[2023-11-25T13:41:31.051+0000] {processor.py:179} INFO - Processing /home/airflow/.local/lib/python3.8/site-packages/airflow/example_dags/example_datasets.py took 0.124 seconds
[2023-11-25T13:42:01.565+0000] {processor.py:157} INFO - Started process (PID=120) to work on /home/airflow/.local/lib/python3.8/site-packages/airflow/example_dags/example_datasets.py
[2023-11-25T13:42:01.566+0000] {processor.py:829} INFO - Processing file /home/airflow/.local/lib/python3.8/site-packages/airflow/example_dags/example_datasets.py for tasks to queue
[2023-11-25T13:42:01.568+0000] {logging_mixin.py:154} INFO - [2023-11-25T13:42:01.567+0000] {dagbag.py:536} INFO - Filling up the DagBag from /home/airflow/.local/lib/python3.8/site-packages/airflow/example_dags/example_datasets.py
[2023-11-25T13:42:01.576+0000] {processor.py:839} INFO - DAG(s) dict_keys(['dataset_consumes_1_and_2', 'dataset_produces_1', 'dataset_consumes_1_never_scheduled', 'dataset_consumes_1', 'dataset_produces_2', 'dataset_consumes_unknown_never_scheduled']) retrieved from /home/airflow/.local/lib/python3.8/site-packages/airflow/example_dags/example_datasets.py
[2023-11-25T13:42:01.610+0000] {logging_mixin.py:154} INFO - [2023-11-25T13:42:01.610+0000] {dag.py:2941} INFO - Sync 6 DAGs
[2023-11-25T13:42:01.632+0000] {logging_mixin.py:154} INFO - [2023-11-25T13:42:01.632+0000] {dag.py:3722} INFO - Setting next_dagrun for dataset_consumes_1 to None, run_after=None
[2023-11-25T13:42:01.636+0000] {logging_mixin.py:154} INFO - [2023-11-25T13:42:01.635+0000] {dag.py:3722} INFO - Setting next_dagrun for dataset_consumes_1_and_2 to None, run_after=None
[2023-11-25T13:42:01.637+0000] {logging_mixin.py:154} INFO - [2023-11-25T13:42:01.637+0000] {dag.py:3722} INFO - Setting next_dagrun for dataset_consumes_1_never_scheduled to None, run_after=None
[2023-11-25T13:42:01.638+0000] {logging_mixin.py:154} INFO - [2023-11-25T13:42:01.637+0000] {dag.py:3722} INFO - Setting next_dagrun for dataset_consumes_unknown_never_scheduled to None, run_after=None
[2023-11-25T13:42:01.641+0000] {logging_mixin.py:154} INFO - [2023-11-25T13:42:01.640+0000] {dag.py:3722} INFO - Setting next_dagrun for dataset_produces_1 to 2023-11-24T00:00:00+00:00, run_after=2023-11-25T00:00:00+00:00
[2023-11-25T13:42:01.642+0000] {logging_mixin.py:154} INFO - [2023-11-25T13:42:01.642+0000] {dag.py:3722} INFO - Setting next_dagrun for dataset_produces_2 to None, run_after=None
[2023-11-25T13:42:01.673+0000] {processor.py:179} INFO - Processing /home/airflow/.local/lib/python3.8/site-packages/airflow/example_dags/example_datasets.py took 0.111 seconds
[2023-11-25T13:42:32.430+0000] {processor.py:157} INFO - Started process (PID=174) to work on /home/airflow/.local/lib/python3.8/site-packages/airflow/example_dags/example_datasets.py
[2023-11-25T13:42:32.431+0000] {processor.py:829} INFO - Processing file /home/airflow/.local/lib/python3.8/site-packages/airflow/example_dags/example_datasets.py for tasks to queue
[2023-11-25T13:42:32.434+0000] {logging_mixin.py:154} INFO - [2023-11-25T13:42:32.433+0000] {dagbag.py:536} INFO - Filling up the DagBag from /home/airflow/.local/lib/python3.8/site-packages/airflow/example_dags/example_datasets.py
[2023-11-25T13:42:32.445+0000] {processor.py:839} INFO - DAG(s) dict_keys(['dataset_consumes_1_never_scheduled', 'dataset_consumes_1', 'dataset_consumes_unknown_never_scheduled', 'dataset_produces_1', 'dataset_consumes_1_and_2', 'dataset_produces_2']) retrieved from /home/airflow/.local/lib/python3.8/site-packages/airflow/example_dags/example_datasets.py
[2023-11-25T13:42:32.484+0000] {logging_mixin.py:154} INFO - [2023-11-25T13:42:32.484+0000] {dag.py:2941} INFO - Sync 6 DAGs
[2023-11-25T13:42:32.508+0000] {logging_mixin.py:154} INFO - [2023-11-25T13:42:32.508+0000] {dag.py:3722} INFO - Setting next_dagrun for dataset_consumes_1 to None, run_after=None
[2023-11-25T13:42:32.511+0000] {logging_mixin.py:154} INFO - [2023-11-25T13:42:32.511+0000] {dag.py:3722} INFO - Setting next_dagrun for dataset_consumes_1_and_2 to None, run_after=None
[2023-11-25T13:42:32.512+0000] {logging_mixin.py:154} INFO - [2023-11-25T13:42:32.512+0000] {dag.py:3722} INFO - Setting next_dagrun for dataset_consumes_1_never_scheduled to None, run_after=None
[2023-11-25T13:42:32.513+0000] {logging_mixin.py:154} INFO - [2023-11-25T13:42:32.513+0000] {dag.py:3722} INFO - Setting next_dagrun for dataset_consumes_unknown_never_scheduled to None, run_after=None
[2023-11-25T13:42:32.516+0000] {logging_mixin.py:154} INFO - [2023-11-25T13:42:32.516+0000] {dag.py:3722} INFO - Setting next_dagrun for dataset_produces_1 to 2023-11-24T00:00:00+00:00, run_after=2023-11-25T00:00:00+00:00
[2023-11-25T13:42:32.517+0000] {logging_mixin.py:154} INFO - [2023-11-25T13:42:32.517+0000] {dag.py:3722} INFO - Setting next_dagrun for dataset_produces_2 to None, run_after=None
[2023-11-25T13:42:32.545+0000] {processor.py:179} INFO - Processing /home/airflow/.local/lib/python3.8/site-packages/airflow/example_dags/example_datasets.py took 0.119 seconds
[2023-11-25T13:43:03.087+0000] {processor.py:157} INFO - Started process (PID=228) to work on /home/airflow/.local/lib/python3.8/site-packages/airflow/example_dags/example_datasets.py
[2023-11-25T13:43:03.088+0000] {processor.py:829} INFO - Processing file /home/airflow/.local/lib/python3.8/site-packages/airflow/example_dags/example_datasets.py for tasks to queue
[2023-11-25T13:43:03.090+0000] {logging_mixin.py:154} INFO - [2023-11-25T13:43:03.090+0000] {dagbag.py:536} INFO - Filling up the DagBag from /home/airflow/.local/lib/python3.8/site-packages/airflow/example_dags/example_datasets.py
[2023-11-25T13:43:03.099+0000] {processor.py:839} INFO - DAG(s) dict_keys(['dataset_consumes_1', 'dataset_produces_1', 'dataset_produces_2', 'dataset_consumes_unknown_never_scheduled', 'dataset_consumes_1_and_2', 'dataset_consumes_1_never_scheduled']) retrieved from /home/airflow/.local/lib/python3.8/site-packages/airflow/example_dags/example_datasets.py
[2023-11-25T13:43:03.114+0000] {logging_mixin.py:154} INFO - [2023-11-25T13:43:03.113+0000] {dag.py:2941} INFO - Sync 6 DAGs
[2023-11-25T13:43:03.138+0000] {logging_mixin.py:154} INFO - [2023-11-25T13:43:03.138+0000] {dag.py:3722} INFO - Setting next_dagrun for dataset_consumes_1 to None, run_after=None
[2023-11-25T13:43:03.141+0000] {logging_mixin.py:154} INFO - [2023-11-25T13:43:03.141+0000] {dag.py:3722} INFO - Setting next_dagrun for dataset_consumes_1_and_2 to None, run_after=None
[2023-11-25T13:43:03.142+0000] {logging_mixin.py:154} INFO - [2023-11-25T13:43:03.142+0000] {dag.py:3722} INFO - Setting next_dagrun for dataset_consumes_1_never_scheduled to None, run_after=None
[2023-11-25T13:43:03.143+0000] {logging_mixin.py:154} INFO - [2023-11-25T13:43:03.143+0000] {dag.py:3722} INFO - Setting next_dagrun for dataset_consumes_unknown_never_scheduled to None, run_after=None
[2023-11-25T13:43:03.146+0000] {logging_mixin.py:154} INFO - [2023-11-25T13:43:03.146+0000] {dag.py:3722} INFO - Setting next_dagrun for dataset_produces_1 to 2023-11-24T00:00:00+00:00, run_after=2023-11-25T00:00:00+00:00
[2023-11-25T13:43:03.147+0000] {logging_mixin.py:154} INFO - [2023-11-25T13:43:03.147+0000] {dag.py:3722} INFO - Setting next_dagrun for dataset_produces_2 to None, run_after=None
[2023-11-25T13:43:03.177+0000] {processor.py:179} INFO - Processing /home/airflow/.local/lib/python3.8/site-packages/airflow/example_dags/example_datasets.py took 0.092 seconds
[2023-11-25T13:43:33.662+0000] {processor.py:157} INFO - Started process (PID=282) to work on /home/airflow/.local/lib/python3.8/site-packages/airflow/example_dags/example_datasets.py
[2023-11-25T13:43:33.663+0000] {processor.py:829} INFO - Processing file /home/airflow/.local/lib/python3.8/site-packages/airflow/example_dags/example_datasets.py for tasks to queue
[2023-11-25T13:43:33.665+0000] {logging_mixin.py:154} INFO - [2023-11-25T13:43:33.665+0000] {dagbag.py:536} INFO - Filling up the DagBag from /home/airflow/.local/lib/python3.8/site-packages/airflow/example_dags/example_datasets.py
[2023-11-25T13:43:33.674+0000] {processor.py:839} INFO - DAG(s) dict_keys(['dataset_produces_2', 'dataset_consumes_1', 'dataset_consumes_1_and_2', 'dataset_produces_1', 'dataset_consumes_1_never_scheduled', 'dataset_consumes_unknown_never_scheduled']) retrieved from /home/airflow/.local/lib/python3.8/site-packages/airflow/example_dags/example_datasets.py
[2023-11-25T13:43:33.714+0000] {logging_mixin.py:154} INFO - [2023-11-25T13:43:33.713+0000] {dag.py:2941} INFO - Sync 6 DAGs
[2023-11-25T13:43:33.738+0000] {logging_mixin.py:154} INFO - [2023-11-25T13:43:33.737+0000] {dag.py:3722} INFO - Setting next_dagrun for dataset_consumes_1 to None, run_after=None
[2023-11-25T13:43:33.741+0000] {logging_mixin.py:154} INFO - [2023-11-25T13:43:33.741+0000] {dag.py:3722} INFO - Setting next_dagrun for dataset_consumes_1_and_2 to None, run_after=None
[2023-11-25T13:43:33.742+0000] {logging_mixin.py:154} INFO - [2023-11-25T13:43:33.742+0000] {dag.py:3722} INFO - Setting next_dagrun for dataset_consumes_1_never_scheduled to None, run_after=None
[2023-11-25T13:43:33.744+0000] {logging_mixin.py:154} INFO - [2023-11-25T13:43:33.743+0000] {dag.py:3722} INFO - Setting next_dagrun for dataset_consumes_unknown_never_scheduled to None, run_after=None
[2023-11-25T13:43:33.747+0000] {logging_mixin.py:154} INFO - [2023-11-25T13:43:33.747+0000] {dag.py:3722} INFO - Setting next_dagrun for dataset_produces_1 to 2023-11-24T00:00:00+00:00, run_after=2023-11-25T00:00:00+00:00
[2023-11-25T13:43:33.748+0000] {logging_mixin.py:154} INFO - [2023-11-25T13:43:33.748+0000] {dag.py:3722} INFO - Setting next_dagrun for dataset_produces_2 to None, run_after=None
[2023-11-25T13:43:33.780+0000] {processor.py:179} INFO - Processing /home/airflow/.local/lib/python3.8/site-packages/airflow/example_dags/example_datasets.py took 0.121 seconds
