[2023-11-25T13:39:28.509+0000] {processor.py:157} INFO - Started process (PID=62) to work on /home/airflow/.local/lib/python3.8/site-packages/airflow/example_dags/example_dynamic_task_mapping_with_no_taskflow_operators.py
[2023-11-25T13:39:28.510+0000] {processor.py:829} INFO - Processing file /home/airflow/.local/lib/python3.8/site-packages/airflow/example_dags/example_dynamic_task_mapping_with_no_taskflow_operators.py for tasks to queue
[2023-11-25T13:39:28.512+0000] {logging_mixin.py:154} INFO - [2023-11-25T13:39:28.511+0000] {dagbag.py:536} INFO - Filling up the DagBag from /home/airflow/.local/lib/python3.8/site-packages/airflow/example_dags/example_dynamic_task_mapping_with_no_taskflow_operators.py
[2023-11-25T13:39:28.519+0000] {processor.py:839} INFO - DAG(s) dict_keys(['example_dynamic_task_mapping_with_no_taskflow_operators']) retrieved from /home/airflow/.local/lib/python3.8/site-packages/airflow/example_dags/example_dynamic_task_mapping_with_no_taskflow_operators.py
[2023-11-25T13:39:28.531+0000] {logging_mixin.py:154} INFO - [2023-11-25T13:39:28.531+0000] {dag.py:2941} INFO - Sync 1 DAGs
[2023-11-25T13:39:28.560+0000] {logging_mixin.py:154} INFO - [2023-11-25T13:39:28.560+0000] {dag.py:3722} INFO - Setting next_dagrun for example_dynamic_task_mapping_with_no_taskflow_operators to 2023-11-24T13:39:28.560135+00:00, run_after=2023-11-25T13:39:28.560135+00:00
[2023-11-25T13:39:28.583+0000] {processor.py:179} INFO - Processing /home/airflow/.local/lib/python3.8/site-packages/airflow/example_dags/example_dynamic_task_mapping_with_no_taskflow_operators.py took 0.077 seconds
[2023-11-25T13:39:59.104+0000] {processor.py:157} INFO - Started process (PID=116) to work on /home/airflow/.local/lib/python3.8/site-packages/airflow/example_dags/example_dynamic_task_mapping_with_no_taskflow_operators.py
[2023-11-25T13:39:59.105+0000] {processor.py:829} INFO - Processing file /home/airflow/.local/lib/python3.8/site-packages/airflow/example_dags/example_dynamic_task_mapping_with_no_taskflow_operators.py for tasks to queue
[2023-11-25T13:39:59.107+0000] {logging_mixin.py:154} INFO - [2023-11-25T13:39:59.107+0000] {dagbag.py:536} INFO - Filling up the DagBag from /home/airflow/.local/lib/python3.8/site-packages/airflow/example_dags/example_dynamic_task_mapping_with_no_taskflow_operators.py
[2023-11-25T13:39:59.114+0000] {processor.py:839} INFO - DAG(s) dict_keys(['example_dynamic_task_mapping_with_no_taskflow_operators']) retrieved from /home/airflow/.local/lib/python3.8/site-packages/airflow/example_dags/example_dynamic_task_mapping_with_no_taskflow_operators.py
[2023-11-25T13:39:59.133+0000] {logging_mixin.py:154} INFO - [2023-11-25T13:39:59.133+0000] {dag.py:2941} INFO - Sync 1 DAGs
[2023-11-25T13:39:59.156+0000] {logging_mixin.py:154} INFO - [2023-11-25T13:39:59.156+0000] {dag.py:3722} INFO - Setting next_dagrun for example_dynamic_task_mapping_with_no_taskflow_operators to 2023-11-24T13:39:59.156112+00:00, run_after=2023-11-25T13:39:59.156112+00:00
[2023-11-25T13:39:59.172+0000] {processor.py:179} INFO - Processing /home/airflow/.local/lib/python3.8/site-packages/airflow/example_dags/example_dynamic_task_mapping_with_no_taskflow_operators.py took 0.071 seconds
[2023-11-25T13:40:29.643+0000] {processor.py:157} INFO - Started process (PID=170) to work on /home/airflow/.local/lib/python3.8/site-packages/airflow/example_dags/example_dynamic_task_mapping_with_no_taskflow_operators.py
[2023-11-25T13:40:29.644+0000] {processor.py:829} INFO - Processing file /home/airflow/.local/lib/python3.8/site-packages/airflow/example_dags/example_dynamic_task_mapping_with_no_taskflow_operators.py for tasks to queue
[2023-11-25T13:40:29.646+0000] {logging_mixin.py:154} INFO - [2023-11-25T13:40:29.646+0000] {dagbag.py:536} INFO - Filling up the DagBag from /home/airflow/.local/lib/python3.8/site-packages/airflow/example_dags/example_dynamic_task_mapping_with_no_taskflow_operators.py
[2023-11-25T13:40:29.652+0000] {processor.py:839} INFO - DAG(s) dict_keys(['example_dynamic_task_mapping_with_no_taskflow_operators']) retrieved from /home/airflow/.local/lib/python3.8/site-packages/airflow/example_dags/example_dynamic_task_mapping_with_no_taskflow_operators.py
[2023-11-25T13:40:29.673+0000] {logging_mixin.py:154} INFO - [2023-11-25T13:40:29.673+0000] {dag.py:2941} INFO - Sync 1 DAGs
[2023-11-25T13:40:29.695+0000] {logging_mixin.py:154} INFO - [2023-11-25T13:40:29.695+0000] {dag.py:3722} INFO - Setting next_dagrun for example_dynamic_task_mapping_with_no_taskflow_operators to 2023-11-24T13:40:29.695411+00:00, run_after=2023-11-25T13:40:29.695411+00:00
[2023-11-25T13:40:29.710+0000] {processor.py:179} INFO - Processing /home/airflow/.local/lib/python3.8/site-packages/airflow/example_dags/example_dynamic_task_mapping_with_no_taskflow_operators.py took 0.071 seconds
[2023-11-25T13:41:30.650+0000] {processor.py:157} INFO - Started process (PID=63) to work on /home/airflow/.local/lib/python3.8/site-packages/airflow/example_dags/example_dynamic_task_mapping_with_no_taskflow_operators.py
[2023-11-25T13:41:30.651+0000] {processor.py:829} INFO - Processing file /home/airflow/.local/lib/python3.8/site-packages/airflow/example_dags/example_dynamic_task_mapping_with_no_taskflow_operators.py for tasks to queue
[2023-11-25T13:41:30.653+0000] {logging_mixin.py:154} INFO - [2023-11-25T13:41:30.652+0000] {dagbag.py:536} INFO - Filling up the DagBag from /home/airflow/.local/lib/python3.8/site-packages/airflow/example_dags/example_dynamic_task_mapping_with_no_taskflow_operators.py
[2023-11-25T13:41:30.660+0000] {processor.py:839} INFO - DAG(s) dict_keys(['example_dynamic_task_mapping_with_no_taskflow_operators']) retrieved from /home/airflow/.local/lib/python3.8/site-packages/airflow/example_dags/example_dynamic_task_mapping_with_no_taskflow_operators.py
[2023-11-25T13:41:30.675+0000] {logging_mixin.py:154} INFO - [2023-11-25T13:41:30.675+0000] {dag.py:2941} INFO - Sync 1 DAGs
[2023-11-25T13:41:30.703+0000] {logging_mixin.py:154} INFO - [2023-11-25T13:41:30.703+0000] {dag.py:3722} INFO - Setting next_dagrun for example_dynamic_task_mapping_with_no_taskflow_operators to 2023-11-24T13:41:30.702769+00:00, run_after=2023-11-25T13:41:30.702769+00:00
[2023-11-25T13:41:30.723+0000] {processor.py:179} INFO - Processing /home/airflow/.local/lib/python3.8/site-packages/airflow/example_dags/example_dynamic_task_mapping_with_no_taskflow_operators.py took 0.077 seconds
[2023-11-25T13:42:01.361+0000] {processor.py:157} INFO - Started process (PID=116) to work on /home/airflow/.local/lib/python3.8/site-packages/airflow/example_dags/example_dynamic_task_mapping_with_no_taskflow_operators.py
[2023-11-25T13:42:01.362+0000] {processor.py:829} INFO - Processing file /home/airflow/.local/lib/python3.8/site-packages/airflow/example_dags/example_dynamic_task_mapping_with_no_taskflow_operators.py for tasks to queue
[2023-11-25T13:42:01.364+0000] {logging_mixin.py:154} INFO - [2023-11-25T13:42:01.364+0000] {dagbag.py:536} INFO - Filling up the DagBag from /home/airflow/.local/lib/python3.8/site-packages/airflow/example_dags/example_dynamic_task_mapping_with_no_taskflow_operators.py
[2023-11-25T13:42:01.373+0000] {processor.py:839} INFO - DAG(s) dict_keys(['example_dynamic_task_mapping_with_no_taskflow_operators']) retrieved from /home/airflow/.local/lib/python3.8/site-packages/airflow/example_dags/example_dynamic_task_mapping_with_no_taskflow_operators.py
[2023-11-25T13:42:01.393+0000] {logging_mixin.py:154} INFO - [2023-11-25T13:42:01.393+0000] {dag.py:2941} INFO - Sync 1 DAGs
[2023-11-25T13:42:01.415+0000] {logging_mixin.py:154} INFO - [2023-11-25T13:42:01.415+0000] {dag.py:3722} INFO - Setting next_dagrun for example_dynamic_task_mapping_with_no_taskflow_operators to 2023-11-24T13:42:01.415148+00:00, run_after=2023-11-25T13:42:01.415148+00:00
[2023-11-25T13:42:01.430+0000] {processor.py:179} INFO - Processing /home/airflow/.local/lib/python3.8/site-packages/airflow/example_dags/example_dynamic_task_mapping_with_no_taskflow_operators.py took 0.072 seconds
[2023-11-25T13:42:32.012+0000] {processor.py:157} INFO - Started process (PID=170) to work on /home/airflow/.local/lib/python3.8/site-packages/airflow/example_dags/example_dynamic_task_mapping_with_no_taskflow_operators.py
[2023-11-25T13:42:32.013+0000] {processor.py:829} INFO - Processing file /home/airflow/.local/lib/python3.8/site-packages/airflow/example_dags/example_dynamic_task_mapping_with_no_taskflow_operators.py for tasks to queue
[2023-11-25T13:42:32.015+0000] {logging_mixin.py:154} INFO - [2023-11-25T13:42:32.015+0000] {dagbag.py:536} INFO - Filling up the DagBag from /home/airflow/.local/lib/python3.8/site-packages/airflow/example_dags/example_dynamic_task_mapping_with_no_taskflow_operators.py
[2023-11-25T13:42:32.020+0000] {processor.py:839} INFO - DAG(s) dict_keys(['example_dynamic_task_mapping_with_no_taskflow_operators']) retrieved from /home/airflow/.local/lib/python3.8/site-packages/airflow/example_dags/example_dynamic_task_mapping_with_no_taskflow_operators.py
[2023-11-25T13:42:32.040+0000] {logging_mixin.py:154} INFO - [2023-11-25T13:42:32.040+0000] {dag.py:2941} INFO - Sync 1 DAGs
[2023-11-25T13:42:32.061+0000] {logging_mixin.py:154} INFO - [2023-11-25T13:42:32.061+0000] {dag.py:3722} INFO - Setting next_dagrun for example_dynamic_task_mapping_with_no_taskflow_operators to 2023-11-24T13:42:32.060984+00:00, run_after=2023-11-25T13:42:32.060984+00:00
[2023-11-25T13:42:32.077+0000] {processor.py:179} INFO - Processing /home/airflow/.local/lib/python3.8/site-packages/airflow/example_dags/example_dynamic_task_mapping_with_no_taskflow_operators.py took 0.068 seconds
[2023-11-25T13:43:02.921+0000] {processor.py:157} INFO - Started process (PID=224) to work on /home/airflow/.local/lib/python3.8/site-packages/airflow/example_dags/example_dynamic_task_mapping_with_no_taskflow_operators.py
[2023-11-25T13:43:02.921+0000] {processor.py:829} INFO - Processing file /home/airflow/.local/lib/python3.8/site-packages/airflow/example_dags/example_dynamic_task_mapping_with_no_taskflow_operators.py for tasks to queue
[2023-11-25T13:43:02.923+0000] {logging_mixin.py:154} INFO - [2023-11-25T13:43:02.923+0000] {dagbag.py:536} INFO - Filling up the DagBag from /home/airflow/.local/lib/python3.8/site-packages/airflow/example_dags/example_dynamic_task_mapping_with_no_taskflow_operators.py
[2023-11-25T13:43:02.929+0000] {processor.py:839} INFO - DAG(s) dict_keys(['example_dynamic_task_mapping_with_no_taskflow_operators']) retrieved from /home/airflow/.local/lib/python3.8/site-packages/airflow/example_dags/example_dynamic_task_mapping_with_no_taskflow_operators.py
[2023-11-25T13:43:02.942+0000] {logging_mixin.py:154} INFO - [2023-11-25T13:43:02.941+0000] {dag.py:2941} INFO - Sync 1 DAGs
[2023-11-25T13:43:02.965+0000] {logging_mixin.py:154} INFO - [2023-11-25T13:43:02.965+0000] {dag.py:3722} INFO - Setting next_dagrun for example_dynamic_task_mapping_with_no_taskflow_operators to 2023-11-24T13:43:02.965393+00:00, run_after=2023-11-25T13:43:02.965393+00:00
[2023-11-25T13:43:02.982+0000] {processor.py:179} INFO - Processing /home/airflow/.local/lib/python3.8/site-packages/airflow/example_dags/example_dynamic_task_mapping_with_no_taskflow_operators.py took 0.064 seconds
[2023-11-25T13:43:33.436+0000] {processor.py:157} INFO - Started process (PID=278) to work on /home/airflow/.local/lib/python3.8/site-packages/airflow/example_dags/example_dynamic_task_mapping_with_no_taskflow_operators.py
[2023-11-25T13:43:33.437+0000] {processor.py:829} INFO - Processing file /home/airflow/.local/lib/python3.8/site-packages/airflow/example_dags/example_dynamic_task_mapping_with_no_taskflow_operators.py for tasks to queue
[2023-11-25T13:43:33.439+0000] {logging_mixin.py:154} INFO - [2023-11-25T13:43:33.439+0000] {dagbag.py:536} INFO - Filling up the DagBag from /home/airflow/.local/lib/python3.8/site-packages/airflow/example_dags/example_dynamic_task_mapping_with_no_taskflow_operators.py
[2023-11-25T13:43:33.445+0000] {processor.py:839} INFO - DAG(s) dict_keys(['example_dynamic_task_mapping_with_no_taskflow_operators']) retrieved from /home/airflow/.local/lib/python3.8/site-packages/airflow/example_dags/example_dynamic_task_mapping_with_no_taskflow_operators.py
[2023-11-25T13:43:33.465+0000] {logging_mixin.py:154} INFO - [2023-11-25T13:43:33.465+0000] {dag.py:2941} INFO - Sync 1 DAGs
[2023-11-25T13:43:33.486+0000] {logging_mixin.py:154} INFO - [2023-11-25T13:43:33.486+0000] {dag.py:3722} INFO - Setting next_dagrun for example_dynamic_task_mapping_with_no_taskflow_operators to 2023-11-24T13:43:33.486469+00:00, run_after=2023-11-25T13:43:33.486469+00:00
[2023-11-25T13:43:33.501+0000] {processor.py:179} INFO - Processing /home/airflow/.local/lib/python3.8/site-packages/airflow/example_dags/example_dynamic_task_mapping_with_no_taskflow_operators.py took 0.068 seconds
