[2023-11-25T13:39:27.625+0000] {processor.py:157} INFO - Started process (PID=48) to work on /home/airflow/.local/lib/python3.8/site-packages/airflow/example_dags/example_bash_operator.py
[2023-11-25T13:39:27.626+0000] {processor.py:829} INFO - Processing file /home/airflow/.local/lib/python3.8/site-packages/airflow/example_dags/example_bash_operator.py for tasks to queue
[2023-11-25T13:39:27.628+0000] {logging_mixin.py:154} INFO - [2023-11-25T13:39:27.628+0000] {dagbag.py:536} INFO - Filling up the DagBag from /home/airflow/.local/lib/python3.8/site-packages/airflow/example_dags/example_bash_operator.py
[2023-11-25T13:39:27.641+0000] {processor.py:839} INFO - DAG(s) dict_keys(['example_bash_operator']) retrieved from /home/airflow/.local/lib/python3.8/site-packages/airflow/example_dags/example_bash_operator.py
[2023-11-25T13:39:27.655+0000] {logging_mixin.py:154} INFO - [2023-11-25T13:39:27.654+0000] {dag.py:2941} INFO - Sync 1 DAGs
[2023-11-25T13:39:27.685+0000] {logging_mixin.py:154} INFO - [2023-11-25T13:39:27.685+0000] {dag.py:3722} INFO - Setting next_dagrun for example_bash_operator to 2023-11-24T00:00:00+00:00, run_after=2023-11-25T00:00:00+00:00
[2023-11-25T13:39:27.708+0000] {processor.py:179} INFO - Processing /home/airflow/.local/lib/python3.8/site-packages/airflow/example_dags/example_bash_operator.py took 0.087 seconds
[2023-11-25T13:39:58.401+0000] {processor.py:157} INFO - Started process (PID=102) to work on /home/airflow/.local/lib/python3.8/site-packages/airflow/example_dags/example_bash_operator.py
[2023-11-25T13:39:58.402+0000] {processor.py:829} INFO - Processing file /home/airflow/.local/lib/python3.8/site-packages/airflow/example_dags/example_bash_operator.py for tasks to queue
[2023-11-25T13:39:58.404+0000] {logging_mixin.py:154} INFO - [2023-11-25T13:39:58.404+0000] {dagbag.py:536} INFO - Filling up the DagBag from /home/airflow/.local/lib/python3.8/site-packages/airflow/example_dags/example_bash_operator.py
[2023-11-25T13:39:58.417+0000] {processor.py:839} INFO - DAG(s) dict_keys(['example_bash_operator']) retrieved from /home/airflow/.local/lib/python3.8/site-packages/airflow/example_dags/example_bash_operator.py
[2023-11-25T13:39:58.451+0000] {logging_mixin.py:154} INFO - [2023-11-25T13:39:58.450+0000] {dag.py:2941} INFO - Sync 1 DAGs
[2023-11-25T13:39:58.482+0000] {logging_mixin.py:154} INFO - [2023-11-25T13:39:58.482+0000] {dag.py:3722} INFO - Setting next_dagrun for example_bash_operator to 2023-11-24T00:00:00+00:00, run_after=2023-11-25T00:00:00+00:00
[2023-11-25T13:39:58.499+0000] {processor.py:179} INFO - Processing /home/airflow/.local/lib/python3.8/site-packages/airflow/example_dags/example_bash_operator.py took 0.101 seconds
[2023-11-25T13:40:28.934+0000] {processor.py:157} INFO - Started process (PID=156) to work on /home/airflow/.local/lib/python3.8/site-packages/airflow/example_dags/example_bash_operator.py
[2023-11-25T13:40:28.935+0000] {processor.py:829} INFO - Processing file /home/airflow/.local/lib/python3.8/site-packages/airflow/example_dags/example_bash_operator.py for tasks to queue
[2023-11-25T13:40:28.937+0000] {logging_mixin.py:154} INFO - [2023-11-25T13:40:28.936+0000] {dagbag.py:536} INFO - Filling up the DagBag from /home/airflow/.local/lib/python3.8/site-packages/airflow/example_dags/example_bash_operator.py
[2023-11-25T13:40:28.948+0000] {processor.py:839} INFO - DAG(s) dict_keys(['example_bash_operator']) retrieved from /home/airflow/.local/lib/python3.8/site-packages/airflow/example_dags/example_bash_operator.py
[2023-11-25T13:40:28.980+0000] {logging_mixin.py:154} INFO - [2023-11-25T13:40:28.980+0000] {dag.py:2941} INFO - Sync 1 DAGs
[2023-11-25T13:40:29.007+0000] {logging_mixin.py:154} INFO - [2023-11-25T13:40:29.006+0000] {dag.py:3722} INFO - Setting next_dagrun for example_bash_operator to 2023-11-24T00:00:00+00:00, run_after=2023-11-25T00:00:00+00:00
[2023-11-25T13:40:29.027+0000] {processor.py:179} INFO - Processing /home/airflow/.local/lib/python3.8/site-packages/airflow/example_dags/example_bash_operator.py took 0.096 seconds
[2023-11-25T13:41:29.875+0000] {processor.py:157} INFO - Started process (PID=49) to work on /home/airflow/.local/lib/python3.8/site-packages/airflow/example_dags/example_bash_operator.py
[2023-11-25T13:41:29.876+0000] {processor.py:829} INFO - Processing file /home/airflow/.local/lib/python3.8/site-packages/airflow/example_dags/example_bash_operator.py for tasks to queue
[2023-11-25T13:41:29.878+0000] {logging_mixin.py:154} INFO - [2023-11-25T13:41:29.877+0000] {dagbag.py:536} INFO - Filling up the DagBag from /home/airflow/.local/lib/python3.8/site-packages/airflow/example_dags/example_bash_operator.py
[2023-11-25T13:41:29.890+0000] {processor.py:839} INFO - DAG(s) dict_keys(['example_bash_operator']) retrieved from /home/airflow/.local/lib/python3.8/site-packages/airflow/example_dags/example_bash_operator.py
[2023-11-25T13:41:29.905+0000] {logging_mixin.py:154} INFO - [2023-11-25T13:41:29.904+0000] {dag.py:2941} INFO - Sync 1 DAGs
[2023-11-25T13:41:29.947+0000] {logging_mixin.py:154} INFO - [2023-11-25T13:41:29.947+0000] {dag.py:3722} INFO - Setting next_dagrun for example_bash_operator to 2023-11-24T00:00:00+00:00, run_after=2023-11-25T00:00:00+00:00
[2023-11-25T13:41:29.972+0000] {processor.py:179} INFO - Processing /home/airflow/.local/lib/python3.8/site-packages/airflow/example_dags/example_bash_operator.py took 0.101 seconds
[2023-11-25T13:42:00.629+0000] {processor.py:157} INFO - Started process (PID=102) to work on /home/airflow/.local/lib/python3.8/site-packages/airflow/example_dags/example_bash_operator.py
[2023-11-25T13:42:00.630+0000] {processor.py:829} INFO - Processing file /home/airflow/.local/lib/python3.8/site-packages/airflow/example_dags/example_bash_operator.py for tasks to queue
[2023-11-25T13:42:00.632+0000] {logging_mixin.py:154} INFO - [2023-11-25T13:42:00.632+0000] {dagbag.py:536} INFO - Filling up the DagBag from /home/airflow/.local/lib/python3.8/site-packages/airflow/example_dags/example_bash_operator.py
[2023-11-25T13:42:00.644+0000] {processor.py:839} INFO - DAG(s) dict_keys(['example_bash_operator']) retrieved from /home/airflow/.local/lib/python3.8/site-packages/airflow/example_dags/example_bash_operator.py
[2023-11-25T13:42:00.675+0000] {logging_mixin.py:154} INFO - [2023-11-25T13:42:00.675+0000] {dag.py:2941} INFO - Sync 1 DAGs
[2023-11-25T13:42:00.699+0000] {logging_mixin.py:154} INFO - [2023-11-25T13:42:00.699+0000] {dag.py:3722} INFO - Setting next_dagrun for example_bash_operator to 2023-11-24T00:00:00+00:00, run_after=2023-11-25T00:00:00+00:00
[2023-11-25T13:42:00.714+0000] {processor.py:179} INFO - Processing /home/airflow/.local/lib/python3.8/site-packages/airflow/example_dags/example_bash_operator.py took 0.088 seconds
[2023-11-25T13:42:31.233+0000] {processor.py:157} INFO - Started process (PID=156) to work on /home/airflow/.local/lib/python3.8/site-packages/airflow/example_dags/example_bash_operator.py
[2023-11-25T13:42:31.234+0000] {processor.py:829} INFO - Processing file /home/airflow/.local/lib/python3.8/site-packages/airflow/example_dags/example_bash_operator.py for tasks to queue
[2023-11-25T13:42:31.237+0000] {logging_mixin.py:154} INFO - [2023-11-25T13:42:31.237+0000] {dagbag.py:536} INFO - Filling up the DagBag from /home/airflow/.local/lib/python3.8/site-packages/airflow/example_dags/example_bash_operator.py
[2023-11-25T13:42:31.251+0000] {processor.py:839} INFO - DAG(s) dict_keys(['example_bash_operator']) retrieved from /home/airflow/.local/lib/python3.8/site-packages/airflow/example_dags/example_bash_operator.py
[2023-11-25T13:42:31.284+0000] {logging_mixin.py:154} INFO - [2023-11-25T13:42:31.284+0000] {dag.py:2941} INFO - Sync 1 DAGs
[2023-11-25T13:42:31.306+0000] {logging_mixin.py:154} INFO - [2023-11-25T13:42:31.306+0000] {dag.py:3722} INFO - Setting next_dagrun for example_bash_operator to 2023-11-24T00:00:00+00:00, run_after=2023-11-25T00:00:00+00:00
[2023-11-25T13:42:31.322+0000] {processor.py:179} INFO - Processing /home/airflow/.local/lib/python3.8/site-packages/airflow/example_dags/example_bash_operator.py took 0.093 seconds
[2023-11-25T13:43:02.274+0000] {processor.py:157} INFO - Started process (PID=210) to work on /home/airflow/.local/lib/python3.8/site-packages/airflow/example_dags/example_bash_operator.py
[2023-11-25T13:43:02.276+0000] {processor.py:829} INFO - Processing file /home/airflow/.local/lib/python3.8/site-packages/airflow/example_dags/example_bash_operator.py for tasks to queue
[2023-11-25T13:43:02.279+0000] {logging_mixin.py:154} INFO - [2023-11-25T13:43:02.279+0000] {dagbag.py:536} INFO - Filling up the DagBag from /home/airflow/.local/lib/python3.8/site-packages/airflow/example_dags/example_bash_operator.py
[2023-11-25T13:43:02.294+0000] {processor.py:839} INFO - DAG(s) dict_keys(['example_bash_operator']) retrieved from /home/airflow/.local/lib/python3.8/site-packages/airflow/example_dags/example_bash_operator.py
[2023-11-25T13:43:02.308+0000] {logging_mixin.py:154} INFO - [2023-11-25T13:43:02.308+0000] {dag.py:2941} INFO - Sync 1 DAGs
[2023-11-25T13:43:02.334+0000] {logging_mixin.py:154} INFO - [2023-11-25T13:43:02.334+0000] {dag.py:3722} INFO - Setting next_dagrun for example_bash_operator to 2023-11-24T00:00:00+00:00, run_after=2023-11-25T00:00:00+00:00
[2023-11-25T13:43:02.354+0000] {processor.py:179} INFO - Processing /home/airflow/.local/lib/python3.8/site-packages/airflow/example_dags/example_bash_operator.py took 0.084 seconds
[2023-11-25T13:43:32.567+0000] {processor.py:157} INFO - Started process (PID=264) to work on /home/airflow/.local/lib/python3.8/site-packages/airflow/example_dags/example_bash_operator.py
[2023-11-25T13:43:32.568+0000] {processor.py:829} INFO - Processing file /home/airflow/.local/lib/python3.8/site-packages/airflow/example_dags/example_bash_operator.py for tasks to queue
[2023-11-25T13:43:32.571+0000] {logging_mixin.py:154} INFO - [2023-11-25T13:43:32.570+0000] {dagbag.py:536} INFO - Filling up the DagBag from /home/airflow/.local/lib/python3.8/site-packages/airflow/example_dags/example_bash_operator.py
[2023-11-25T13:43:32.585+0000] {processor.py:839} INFO - DAG(s) dict_keys(['example_bash_operator']) retrieved from /home/airflow/.local/lib/python3.8/site-packages/airflow/example_dags/example_bash_operator.py
[2023-11-25T13:43:32.617+0000] {logging_mixin.py:154} INFO - [2023-11-25T13:43:32.617+0000] {dag.py:2941} INFO - Sync 1 DAGs
[2023-11-25T13:43:32.640+0000] {logging_mixin.py:154} INFO - [2023-11-25T13:43:32.640+0000] {dag.py:3722} INFO - Setting next_dagrun for example_bash_operator to 2023-11-24T00:00:00+00:00, run_after=2023-11-25T00:00:00+00:00
[2023-11-25T13:43:32.656+0000] {processor.py:179} INFO - Processing /home/airflow/.local/lib/python3.8/site-packages/airflow/example_dags/example_bash_operator.py took 0.093 seconds
