[2023-11-25T13:39:27.222+0000] {processor.py:157} INFO - Started process (PID=41) to work on /home/airflow/.local/lib/python3.8/site-packages/airflow/example_dags/example_sensors.py
[2023-11-25T13:39:27.223+0000] {processor.py:829} INFO - Processing file /home/airflow/.local/lib/python3.8/site-packages/airflow/example_dags/example_sensors.py for tasks to queue
[2023-11-25T13:39:27.225+0000] {logging_mixin.py:154} INFO - [2023-11-25T13:39:27.225+0000] {dagbag.py:536} INFO - Filling up the DagBag from /home/airflow/.local/lib/python3.8/site-packages/airflow/example_dags/example_sensors.py
[2023-11-25T13:39:27.237+0000] {processor.py:839} INFO - DAG(s) dict_keys(['example_sensors']) retrieved from /home/airflow/.local/lib/python3.8/site-packages/airflow/example_dags/example_sensors.py
[2023-11-25T13:39:27.251+0000] {logging_mixin.py:154} INFO - [2023-11-25T13:39:27.250+0000] {dag.py:2941} INFO - Sync 1 DAGs
[2023-11-25T13:39:27.270+0000] {logging_mixin.py:154} INFO - [2023-11-25T13:39:27.270+0000] {dag.py:3722} INFO - Setting next_dagrun for example_sensors to None, run_after=None
[2023-11-25T13:39:27.296+0000] {processor.py:179} INFO - Processing /home/airflow/.local/lib/python3.8/site-packages/airflow/example_dags/example_sensors.py took 0.077 seconds
[2023-11-25T13:39:57.912+0000] {processor.py:157} INFO - Started process (PID=95) to work on /home/airflow/.local/lib/python3.8/site-packages/airflow/example_dags/example_sensors.py
[2023-11-25T13:39:57.913+0000] {processor.py:829} INFO - Processing file /home/airflow/.local/lib/python3.8/site-packages/airflow/example_dags/example_sensors.py for tasks to queue
[2023-11-25T13:39:57.915+0000] {logging_mixin.py:154} INFO - [2023-11-25T13:39:57.915+0000] {dagbag.py:536} INFO - Filling up the DagBag from /home/airflow/.local/lib/python3.8/site-packages/airflow/example_dags/example_sensors.py
[2023-11-25T13:39:57.926+0000] {processor.py:839} INFO - DAG(s) dict_keys(['example_sensors']) retrieved from /home/airflow/.local/lib/python3.8/site-packages/airflow/example_dags/example_sensors.py
[2023-11-25T13:39:57.953+0000] {logging_mixin.py:154} INFO - [2023-11-25T13:39:57.953+0000] {dag.py:2941} INFO - Sync 1 DAGs
[2023-11-25T13:39:57.966+0000] {logging_mixin.py:154} INFO - [2023-11-25T13:39:57.966+0000] {dag.py:3722} INFO - Setting next_dagrun for example_sensors to None, run_after=None
[2023-11-25T13:39:57.983+0000] {processor.py:179} INFO - Processing /home/airflow/.local/lib/python3.8/site-packages/airflow/example_dags/example_sensors.py took 0.074 seconds
[2023-11-25T13:40:28.591+0000] {processor.py:157} INFO - Started process (PID=149) to work on /home/airflow/.local/lib/python3.8/site-packages/airflow/example_dags/example_sensors.py
[2023-11-25T13:40:28.592+0000] {processor.py:829} INFO - Processing file /home/airflow/.local/lib/python3.8/site-packages/airflow/example_dags/example_sensors.py for tasks to queue
[2023-11-25T13:40:28.594+0000] {logging_mixin.py:154} INFO - [2023-11-25T13:40:28.593+0000] {dagbag.py:536} INFO - Filling up the DagBag from /home/airflow/.local/lib/python3.8/site-packages/airflow/example_dags/example_sensors.py
[2023-11-25T13:40:28.608+0000] {processor.py:839} INFO - DAG(s) dict_keys(['example_sensors']) retrieved from /home/airflow/.local/lib/python3.8/site-packages/airflow/example_dags/example_sensors.py
[2023-11-25T13:40:28.633+0000] {logging_mixin.py:154} INFO - [2023-11-25T13:40:28.633+0000] {dag.py:2941} INFO - Sync 1 DAGs
[2023-11-25T13:40:28.645+0000] {logging_mixin.py:154} INFO - [2023-11-25T13:40:28.645+0000] {dag.py:3722} INFO - Setting next_dagrun for example_sensors to None, run_after=None
[2023-11-25T13:40:28.663+0000] {processor.py:179} INFO - Processing /home/airflow/.local/lib/python3.8/site-packages/airflow/example_dags/example_sensors.py took 0.077 seconds
[2023-11-25T13:41:29.474+0000] {processor.py:157} INFO - Started process (PID=42) to work on /home/airflow/.local/lib/python3.8/site-packages/airflow/example_dags/example_sensors.py
[2023-11-25T13:41:29.475+0000] {processor.py:829} INFO - Processing file /home/airflow/.local/lib/python3.8/site-packages/airflow/example_dags/example_sensors.py for tasks to queue
[2023-11-25T13:41:29.478+0000] {logging_mixin.py:154} INFO - [2023-11-25T13:41:29.478+0000] {dagbag.py:536} INFO - Filling up the DagBag from /home/airflow/.local/lib/python3.8/site-packages/airflow/example_dags/example_sensors.py
[2023-11-25T13:41:29.493+0000] {processor.py:839} INFO - DAG(s) dict_keys(['example_sensors']) retrieved from /home/airflow/.local/lib/python3.8/site-packages/airflow/example_dags/example_sensors.py
[2023-11-25T13:41:29.507+0000] {logging_mixin.py:154} INFO - [2023-11-25T13:41:29.506+0000] {dag.py:2941} INFO - Sync 1 DAGs
[2023-11-25T13:41:29.523+0000] {logging_mixin.py:154} INFO - [2023-11-25T13:41:29.523+0000] {dag.py:3722} INFO - Setting next_dagrun for example_sensors to None, run_after=None
[2023-11-25T13:41:29.543+0000] {processor.py:179} INFO - Processing /home/airflow/.local/lib/python3.8/site-packages/airflow/example_dags/example_sensors.py took 0.074 seconds
[2023-11-25T13:42:00.196+0000] {processor.py:157} INFO - Started process (PID=95) to work on /home/airflow/.local/lib/python3.8/site-packages/airflow/example_dags/example_sensors.py
[2023-11-25T13:42:00.196+0000] {processor.py:829} INFO - Processing file /home/airflow/.local/lib/python3.8/site-packages/airflow/example_dags/example_sensors.py for tasks to queue
[2023-11-25T13:42:00.198+0000] {logging_mixin.py:154} INFO - [2023-11-25T13:42:00.198+0000] {dagbag.py:536} INFO - Filling up the DagBag from /home/airflow/.local/lib/python3.8/site-packages/airflow/example_dags/example_sensors.py
[2023-11-25T13:42:00.208+0000] {processor.py:839} INFO - DAG(s) dict_keys(['example_sensors']) retrieved from /home/airflow/.local/lib/python3.8/site-packages/airflow/example_dags/example_sensors.py
[2023-11-25T13:42:00.234+0000] {logging_mixin.py:154} INFO - [2023-11-25T13:42:00.234+0000] {dag.py:2941} INFO - Sync 1 DAGs
[2023-11-25T13:42:00.247+0000] {logging_mixin.py:154} INFO - [2023-11-25T13:42:00.247+0000] {dag.py:3722} INFO - Setting next_dagrun for example_sensors to None, run_after=None
[2023-11-25T13:42:00.266+0000] {processor.py:179} INFO - Processing /home/airflow/.local/lib/python3.8/site-packages/airflow/example_dags/example_sensors.py took 0.073 seconds
[2023-11-25T13:42:30.728+0000] {processor.py:157} INFO - Started process (PID=149) to work on /home/airflow/.local/lib/python3.8/site-packages/airflow/example_dags/example_sensors.py
[2023-11-25T13:42:30.729+0000] {processor.py:829} INFO - Processing file /home/airflow/.local/lib/python3.8/site-packages/airflow/example_dags/example_sensors.py for tasks to queue
[2023-11-25T13:42:30.731+0000] {logging_mixin.py:154} INFO - [2023-11-25T13:42:30.730+0000] {dagbag.py:536} INFO - Filling up the DagBag from /home/airflow/.local/lib/python3.8/site-packages/airflow/example_dags/example_sensors.py
[2023-11-25T13:42:30.739+0000] {processor.py:839} INFO - DAG(s) dict_keys(['example_sensors']) retrieved from /home/airflow/.local/lib/python3.8/site-packages/airflow/example_dags/example_sensors.py
[2023-11-25T13:42:30.763+0000] {logging_mixin.py:154} INFO - [2023-11-25T13:42:30.763+0000] {dag.py:2941} INFO - Sync 1 DAGs
[2023-11-25T13:42:30.775+0000] {logging_mixin.py:154} INFO - [2023-11-25T13:42:30.774+0000] {dag.py:3722} INFO - Setting next_dagrun for example_sensors to None, run_after=None
[2023-11-25T13:42:30.789+0000] {processor.py:179} INFO - Processing /home/airflow/.local/lib/python3.8/site-packages/airflow/example_dags/example_sensors.py took 0.064 seconds
[2023-11-25T13:43:00.928+0000] {processor.py:157} INFO - Started process (PID=203) to work on /home/airflow/.local/lib/python3.8/site-packages/airflow/example_dags/example_sensors.py
[2023-11-25T13:43:00.929+0000] {processor.py:829} INFO - Processing file /home/airflow/.local/lib/python3.8/site-packages/airflow/example_dags/example_sensors.py for tasks to queue
[2023-11-25T13:43:00.931+0000] {logging_mixin.py:154} INFO - [2023-11-25T13:43:00.931+0000] {dagbag.py:536} INFO - Filling up the DagBag from /home/airflow/.local/lib/python3.8/site-packages/airflow/example_dags/example_sensors.py
[2023-11-25T13:43:00.940+0000] {processor.py:839} INFO - DAG(s) dict_keys(['example_sensors']) retrieved from /home/airflow/.local/lib/python3.8/site-packages/airflow/example_dags/example_sensors.py
[2023-11-25T13:43:00.953+0000] {logging_mixin.py:154} INFO - [2023-11-25T13:43:00.952+0000] {dag.py:2941} INFO - Sync 1 DAGs
[2023-11-25T13:43:00.974+0000] {logging_mixin.py:154} INFO - [2023-11-25T13:43:00.974+0000] {dag.py:3722} INFO - Setting next_dagrun for example_sensors to None, run_after=None
[2023-11-25T13:43:00.990+0000] {processor.py:179} INFO - Processing /home/airflow/.local/lib/python3.8/site-packages/airflow/example_dags/example_sensors.py took 0.065 seconds
[2023-11-25T13:43:31.200+0000] {processor.py:157} INFO - Started process (PID=257) to work on /home/airflow/.local/lib/python3.8/site-packages/airflow/example_dags/example_sensors.py
[2023-11-25T13:43:31.201+0000] {processor.py:829} INFO - Processing file /home/airflow/.local/lib/python3.8/site-packages/airflow/example_dags/example_sensors.py for tasks to queue
[2023-11-25T13:43:31.203+0000] {logging_mixin.py:154} INFO - [2023-11-25T13:43:31.203+0000] {dagbag.py:536} INFO - Filling up the DagBag from /home/airflow/.local/lib/python3.8/site-packages/airflow/example_dags/example_sensors.py
[2023-11-25T13:43:31.216+0000] {processor.py:839} INFO - DAG(s) dict_keys(['example_sensors']) retrieved from /home/airflow/.local/lib/python3.8/site-packages/airflow/example_dags/example_sensors.py
[2023-11-25T13:43:31.243+0000] {logging_mixin.py:154} INFO - [2023-11-25T13:43:31.243+0000] {dag.py:2941} INFO - Sync 1 DAGs
[2023-11-25T13:43:31.256+0000] {logging_mixin.py:154} INFO - [2023-11-25T13:43:31.256+0000] {dag.py:3722} INFO - Setting next_dagrun for example_sensors to None, run_after=None
[2023-11-25T13:43:31.273+0000] {processor.py:179} INFO - Processing /home/airflow/.local/lib/python3.8/site-packages/airflow/example_dags/example_sensors.py took 0.076 seconds
