[2023-11-25T13:39:28.163+0000] {processor.py:157} INFO - Started process (PID=55) to work on /home/airflow/.local/lib/python3.8/site-packages/airflow/example_dags/example_skip_dag.py
[2023-11-25T13:39:28.164+0000] {processor.py:829} INFO - Processing file /home/airflow/.local/lib/python3.8/site-packages/airflow/example_dags/example_skip_dag.py for tasks to queue
[2023-11-25T13:39:28.166+0000] {logging_mixin.py:154} INFO - [2023-11-25T13:39:28.166+0000] {dagbag.py:536} INFO - Filling up the DagBag from /home/airflow/.local/lib/python3.8/site-packages/airflow/example_dags/example_skip_dag.py
[2023-11-25T13:39:28.175+0000] {processor.py:839} INFO - DAG(s) dict_keys(['example_skip_dag']) retrieved from /home/airflow/.local/lib/python3.8/site-packages/airflow/example_dags/example_skip_dag.py
[2023-11-25T13:39:28.189+0000] {logging_mixin.py:154} INFO - [2023-11-25T13:39:28.189+0000] {dag.py:2941} INFO - Sync 1 DAGs
[2023-11-25T13:39:28.217+0000] {logging_mixin.py:154} INFO - [2023-11-25T13:39:28.217+0000] {dag.py:3722} INFO - Setting next_dagrun for example_skip_dag to 2023-11-24T13:39:28.217395+00:00, run_after=2023-11-25T13:39:28.217395+00:00
[2023-11-25T13:39:28.240+0000] {processor.py:179} INFO - Processing /home/airflow/.local/lib/python3.8/site-packages/airflow/example_dags/example_skip_dag.py took 0.080 seconds
[2023-11-25T13:39:58.728+0000] {processor.py:157} INFO - Started process (PID=109) to work on /home/airflow/.local/lib/python3.8/site-packages/airflow/example_dags/example_skip_dag.py
[2023-11-25T13:39:58.729+0000] {processor.py:829} INFO - Processing file /home/airflow/.local/lib/python3.8/site-packages/airflow/example_dags/example_skip_dag.py for tasks to queue
[2023-11-25T13:39:58.731+0000] {logging_mixin.py:154} INFO - [2023-11-25T13:39:58.730+0000] {dagbag.py:536} INFO - Filling up the DagBag from /home/airflow/.local/lib/python3.8/site-packages/airflow/example_dags/example_skip_dag.py
[2023-11-25T13:39:58.737+0000] {processor.py:839} INFO - DAG(s) dict_keys(['example_skip_dag']) retrieved from /home/airflow/.local/lib/python3.8/site-packages/airflow/example_dags/example_skip_dag.py
[2023-11-25T13:39:58.758+0000] {logging_mixin.py:154} INFO - [2023-11-25T13:39:58.758+0000] {dag.py:2941} INFO - Sync 1 DAGs
[2023-11-25T13:39:58.780+0000] {logging_mixin.py:154} INFO - [2023-11-25T13:39:58.780+0000] {dag.py:3722} INFO - Setting next_dagrun for example_skip_dag to 2023-11-24T13:39:58.780095+00:00, run_after=2023-11-25T13:39:58.780095+00:00
[2023-11-25T13:39:58.797+0000] {processor.py:179} INFO - Processing /home/airflow/.local/lib/python3.8/site-packages/airflow/example_dags/example_skip_dag.py took 0.072 seconds
[2023-11-25T13:40:29.233+0000] {processor.py:157} INFO - Started process (PID=162) to work on /home/airflow/.local/lib/python3.8/site-packages/airflow/example_dags/example_skip_dag.py
[2023-11-25T13:40:29.234+0000] {processor.py:829} INFO - Processing file /home/airflow/.local/lib/python3.8/site-packages/airflow/example_dags/example_skip_dag.py for tasks to queue
[2023-11-25T13:40:29.236+0000] {logging_mixin.py:154} INFO - [2023-11-25T13:40:29.235+0000] {dagbag.py:536} INFO - Filling up the DagBag from /home/airflow/.local/lib/python3.8/site-packages/airflow/example_dags/example_skip_dag.py
[2023-11-25T13:40:29.242+0000] {processor.py:839} INFO - DAG(s) dict_keys(['example_skip_dag']) retrieved from /home/airflow/.local/lib/python3.8/site-packages/airflow/example_dags/example_skip_dag.py
[2023-11-25T13:40:29.264+0000] {logging_mixin.py:154} INFO - [2023-11-25T13:40:29.264+0000] {dag.py:2941} INFO - Sync 1 DAGs
[2023-11-25T13:40:29.287+0000] {logging_mixin.py:154} INFO - [2023-11-25T13:40:29.287+0000] {dag.py:3722} INFO - Setting next_dagrun for example_skip_dag to 2023-11-24T13:40:29.287281+00:00, run_after=2023-11-25T13:40:29.287281+00:00
[2023-11-25T13:40:29.305+0000] {processor.py:179} INFO - Processing /home/airflow/.local/lib/python3.8/site-packages/airflow/example_dags/example_skip_dag.py took 0.075 seconds
[2023-11-25T13:41:30.255+0000] {processor.py:157} INFO - Started process (PID=56) to work on /home/airflow/.local/lib/python3.8/site-packages/airflow/example_dags/example_skip_dag.py
[2023-11-25T13:41:30.256+0000] {processor.py:829} INFO - Processing file /home/airflow/.local/lib/python3.8/site-packages/airflow/example_dags/example_skip_dag.py for tasks to queue
[2023-11-25T13:41:30.260+0000] {logging_mixin.py:154} INFO - [2023-11-25T13:41:30.259+0000] {dagbag.py:536} INFO - Filling up the DagBag from /home/airflow/.local/lib/python3.8/site-packages/airflow/example_dags/example_skip_dag.py
[2023-11-25T13:41:30.271+0000] {processor.py:839} INFO - DAG(s) dict_keys(['example_skip_dag']) retrieved from /home/airflow/.local/lib/python3.8/site-packages/airflow/example_dags/example_skip_dag.py
[2023-11-25T13:41:30.285+0000] {logging_mixin.py:154} INFO - [2023-11-25T13:41:30.284+0000] {dag.py:2941} INFO - Sync 1 DAGs
[2023-11-25T13:41:30.310+0000] {logging_mixin.py:154} INFO - [2023-11-25T13:41:30.310+0000] {dag.py:3722} INFO - Setting next_dagrun for example_skip_dag to 2023-11-24T13:41:30.310314+00:00, run_after=2023-11-25T13:41:30.310314+00:00
[2023-11-25T13:41:30.332+0000] {processor.py:179} INFO - Processing /home/airflow/.local/lib/python3.8/site-packages/airflow/example_dags/example_skip_dag.py took 0.082 seconds
[2023-11-25T13:42:00.958+0000] {processor.py:157} INFO - Started process (PID=109) to work on /home/airflow/.local/lib/python3.8/site-packages/airflow/example_dags/example_skip_dag.py
[2023-11-25T13:42:00.959+0000] {processor.py:829} INFO - Processing file /home/airflow/.local/lib/python3.8/site-packages/airflow/example_dags/example_skip_dag.py for tasks to queue
[2023-11-25T13:42:00.961+0000] {logging_mixin.py:154} INFO - [2023-11-25T13:42:00.960+0000] {dagbag.py:536} INFO - Filling up the DagBag from /home/airflow/.local/lib/python3.8/site-packages/airflow/example_dags/example_skip_dag.py
[2023-11-25T13:42:00.967+0000] {processor.py:839} INFO - DAG(s) dict_keys(['example_skip_dag']) retrieved from /home/airflow/.local/lib/python3.8/site-packages/airflow/example_dags/example_skip_dag.py
[2023-11-25T13:42:00.989+0000] {logging_mixin.py:154} INFO - [2023-11-25T13:42:00.989+0000] {dag.py:2941} INFO - Sync 1 DAGs
[2023-11-25T13:42:01.012+0000] {logging_mixin.py:154} INFO - [2023-11-25T13:42:01.012+0000] {dag.py:3722} INFO - Setting next_dagrun for example_skip_dag to 2023-11-24T13:42:01.012281+00:00, run_after=2023-11-25T13:42:01.012281+00:00
[2023-11-25T13:42:01.029+0000] {processor.py:179} INFO - Processing /home/airflow/.local/lib/python3.8/site-packages/airflow/example_dags/example_skip_dag.py took 0.075 seconds
[2023-11-25T13:42:31.656+0000] {processor.py:157} INFO - Started process (PID=163) to work on /home/airflow/.local/lib/python3.8/site-packages/airflow/example_dags/example_skip_dag.py
[2023-11-25T13:42:31.657+0000] {processor.py:829} INFO - Processing file /home/airflow/.local/lib/python3.8/site-packages/airflow/example_dags/example_skip_dag.py for tasks to queue
[2023-11-25T13:42:31.659+0000] {logging_mixin.py:154} INFO - [2023-11-25T13:42:31.658+0000] {dagbag.py:536} INFO - Filling up the DagBag from /home/airflow/.local/lib/python3.8/site-packages/airflow/example_dags/example_skip_dag.py
[2023-11-25T13:42:31.666+0000] {processor.py:839} INFO - DAG(s) dict_keys(['example_skip_dag']) retrieved from /home/airflow/.local/lib/python3.8/site-packages/airflow/example_dags/example_skip_dag.py
[2023-11-25T13:42:31.691+0000] {logging_mixin.py:154} INFO - [2023-11-25T13:42:31.690+0000] {dag.py:2941} INFO - Sync 1 DAGs
[2023-11-25T13:42:31.712+0000] {logging_mixin.py:154} INFO - [2023-11-25T13:42:31.712+0000] {dag.py:3722} INFO - Setting next_dagrun for example_skip_dag to 2023-11-24T13:42:31.712208+00:00, run_after=2023-11-25T13:42:31.712208+00:00
[2023-11-25T13:42:31.730+0000] {processor.py:179} INFO - Processing /home/airflow/.local/lib/python3.8/site-packages/airflow/example_dags/example_skip_dag.py took 0.077 seconds
[2023-11-25T13:43:02.635+0000] {processor.py:157} INFO - Started process (PID=217) to work on /home/airflow/.local/lib/python3.8/site-packages/airflow/example_dags/example_skip_dag.py
[2023-11-25T13:43:02.636+0000] {processor.py:829} INFO - Processing file /home/airflow/.local/lib/python3.8/site-packages/airflow/example_dags/example_skip_dag.py for tasks to queue
[2023-11-25T13:43:02.638+0000] {logging_mixin.py:154} INFO - [2023-11-25T13:43:02.637+0000] {dagbag.py:536} INFO - Filling up the DagBag from /home/airflow/.local/lib/python3.8/site-packages/airflow/example_dags/example_skip_dag.py
[2023-11-25T13:43:02.644+0000] {processor.py:839} INFO - DAG(s) dict_keys(['example_skip_dag']) retrieved from /home/airflow/.local/lib/python3.8/site-packages/airflow/example_dags/example_skip_dag.py
[2023-11-25T13:43:02.657+0000] {logging_mixin.py:154} INFO - [2023-11-25T13:43:02.657+0000] {dag.py:2941} INFO - Sync 1 DAGs
[2023-11-25T13:43:02.682+0000] {logging_mixin.py:154} INFO - [2023-11-25T13:43:02.681+0000] {dag.py:3722} INFO - Setting next_dagrun for example_skip_dag to 2023-11-24T13:43:02.681739+00:00, run_after=2023-11-25T13:43:02.681739+00:00
[2023-11-25T13:43:02.699+0000] {processor.py:179} INFO - Processing /home/airflow/.local/lib/python3.8/site-packages/airflow/example_dags/example_skip_dag.py took 0.068 seconds
[2023-11-25T13:43:33.132+0000] {processor.py:157} INFO - Started process (PID=271) to work on /home/airflow/.local/lib/python3.8/site-packages/airflow/example_dags/example_skip_dag.py
[2023-11-25T13:43:33.132+0000] {processor.py:829} INFO - Processing file /home/airflow/.local/lib/python3.8/site-packages/airflow/example_dags/example_skip_dag.py for tasks to queue
[2023-11-25T13:43:33.134+0000] {logging_mixin.py:154} INFO - [2023-11-25T13:43:33.134+0000] {dagbag.py:536} INFO - Filling up the DagBag from /home/airflow/.local/lib/python3.8/site-packages/airflow/example_dags/example_skip_dag.py
[2023-11-25T13:43:33.141+0000] {processor.py:839} INFO - DAG(s) dict_keys(['example_skip_dag']) retrieved from /home/airflow/.local/lib/python3.8/site-packages/airflow/example_dags/example_skip_dag.py
[2023-11-25T13:43:33.164+0000] {logging_mixin.py:154} INFO - [2023-11-25T13:43:33.163+0000] {dag.py:2941} INFO - Sync 1 DAGs
[2023-11-25T13:43:33.185+0000] {logging_mixin.py:154} INFO - [2023-11-25T13:43:33.185+0000] {dag.py:3722} INFO - Setting next_dagrun for example_skip_dag to 2023-11-24T13:43:33.184779+00:00, run_after=2023-11-25T13:43:33.184779+00:00
[2023-11-25T13:43:33.202+0000] {processor.py:179} INFO - Processing /home/airflow/.local/lib/python3.8/site-packages/airflow/example_dags/example_skip_dag.py took 0.073 seconds
