[2023-11-25T13:39:27.424+0000] {processor.py:157} INFO - Started process (PID=45) to work on /home/airflow/.local/lib/python3.8/site-packages/airflow/example_dags/example_python_operator.py
[2023-11-25T13:39:27.425+0000] {processor.py:829} INFO - Processing file /home/airflow/.local/lib/python3.8/site-packages/airflow/example_dags/example_python_operator.py for tasks to queue
[2023-11-25T13:39:27.427+0000] {logging_mixin.py:154} INFO - [2023-11-25T13:39:27.427+0000] {dagbag.py:536} INFO - Filling up the DagBag from /home/airflow/.local/lib/python3.8/site-packages/airflow/example_dags/example_python_operator.py
[2023-11-25T13:39:27.439+0000] {processor.py:839} INFO - DAG(s) dict_keys(['example_python_operator']) retrieved from /home/airflow/.local/lib/python3.8/site-packages/airflow/example_dags/example_python_operator.py
[2023-11-25T13:39:27.452+0000] {logging_mixin.py:154} INFO - [2023-11-25T13:39:27.451+0000] {dag.py:2941} INFO - Sync 1 DAGs
[2023-11-25T13:39:27.465+0000] {logging_mixin.py:154} INFO - [2023-11-25T13:39:27.465+0000] {dag.py:3722} INFO - Setting next_dagrun for example_python_operator to None, run_after=None
[2023-11-25T13:39:27.486+0000] {processor.py:179} INFO - Processing /home/airflow/.local/lib/python3.8/site-packages/airflow/example_dags/example_python_operator.py took 0.065 seconds
[2023-11-25T13:39:58.180+0000] {processor.py:157} INFO - Started process (PID=99) to work on /home/airflow/.local/lib/python3.8/site-packages/airflow/example_dags/example_python_operator.py
[2023-11-25T13:39:58.181+0000] {processor.py:829} INFO - Processing file /home/airflow/.local/lib/python3.8/site-packages/airflow/example_dags/example_python_operator.py for tasks to queue
[2023-11-25T13:39:58.183+0000] {logging_mixin.py:154} INFO - [2023-11-25T13:39:58.183+0000] {dagbag.py:536} INFO - Filling up the DagBag from /home/airflow/.local/lib/python3.8/site-packages/airflow/example_dags/example_python_operator.py
[2023-11-25T13:39:58.193+0000] {processor.py:839} INFO - DAG(s) dict_keys(['example_python_operator']) retrieved from /home/airflow/.local/lib/python3.8/site-packages/airflow/example_dags/example_python_operator.py
[2023-11-25T13:39:58.375+0000] {logging_mixin.py:154} INFO - [2023-11-25T13:39:58.375+0000] {dag.py:2941} INFO - Sync 1 DAGs
[2023-11-25T13:39:58.387+0000] {logging_mixin.py:154} INFO - [2023-11-25T13:39:58.387+0000] {dag.py:3722} INFO - Setting next_dagrun for example_python_operator to None, run_after=None
[2023-11-25T13:39:58.407+0000] {processor.py:179} INFO - Processing /home/airflow/.local/lib/python3.8/site-packages/airflow/example_dags/example_python_operator.py took 0.230 seconds
[2023-11-25T13:40:28.848+0000] {processor.py:157} INFO - Started process (PID=154) to work on /home/airflow/.local/lib/python3.8/site-packages/airflow/example_dags/example_python_operator.py
[2023-11-25T13:40:28.849+0000] {processor.py:829} INFO - Processing file /home/airflow/.local/lib/python3.8/site-packages/airflow/example_dags/example_python_operator.py for tasks to queue
[2023-11-25T13:40:28.851+0000] {logging_mixin.py:154} INFO - [2023-11-25T13:40:28.851+0000] {dagbag.py:536} INFO - Filling up the DagBag from /home/airflow/.local/lib/python3.8/site-packages/airflow/example_dags/example_python_operator.py
[2023-11-25T13:40:28.862+0000] {processor.py:839} INFO - DAG(s) dict_keys(['example_python_operator']) retrieved from /home/airflow/.local/lib/python3.8/site-packages/airflow/example_dags/example_python_operator.py
[2023-11-25T13:40:28.886+0000] {logging_mixin.py:154} INFO - [2023-11-25T13:40:28.886+0000] {dag.py:2941} INFO - Sync 1 DAGs
[2023-11-25T13:40:28.899+0000] {logging_mixin.py:154} INFO - [2023-11-25T13:40:28.898+0000] {dag.py:3722} INFO - Setting next_dagrun for example_python_operator to None, run_after=None
[2023-11-25T13:40:28.914+0000] {processor.py:179} INFO - Processing /home/airflow/.local/lib/python3.8/site-packages/airflow/example_dags/example_python_operator.py took 0.069 seconds
[2023-11-25T13:41:29.702+0000] {processor.py:157} INFO - Started process (PID=46) to work on /home/airflow/.local/lib/python3.8/site-packages/airflow/example_dags/example_python_operator.py
[2023-11-25T13:41:29.703+0000] {processor.py:829} INFO - Processing file /home/airflow/.local/lib/python3.8/site-packages/airflow/example_dags/example_python_operator.py for tasks to queue
[2023-11-25T13:41:29.706+0000] {logging_mixin.py:154} INFO - [2023-11-25T13:41:29.706+0000] {dagbag.py:536} INFO - Filling up the DagBag from /home/airflow/.local/lib/python3.8/site-packages/airflow/example_dags/example_python_operator.py
[2023-11-25T13:41:29.724+0000] {processor.py:839} INFO - DAG(s) dict_keys(['example_python_operator']) retrieved from /home/airflow/.local/lib/python3.8/site-packages/airflow/example_dags/example_python_operator.py
[2023-11-25T13:41:29.739+0000] {logging_mixin.py:154} INFO - [2023-11-25T13:41:29.738+0000] {dag.py:2941} INFO - Sync 1 DAGs
[2023-11-25T13:41:29.759+0000] {logging_mixin.py:154} INFO - [2023-11-25T13:41:29.759+0000] {dag.py:3722} INFO - Setting next_dagrun for example_python_operator to None, run_after=None
[2023-11-25T13:41:29.786+0000] {processor.py:179} INFO - Processing /home/airflow/.local/lib/python3.8/site-packages/airflow/example_dags/example_python_operator.py took 0.089 seconds
[2023-11-25T13:42:00.378+0000] {processor.py:157} INFO - Started process (PID=99) to work on /home/airflow/.local/lib/python3.8/site-packages/airflow/example_dags/example_python_operator.py
[2023-11-25T13:42:00.378+0000] {processor.py:829} INFO - Processing file /home/airflow/.local/lib/python3.8/site-packages/airflow/example_dags/example_python_operator.py for tasks to queue
[2023-11-25T13:42:00.380+0000] {logging_mixin.py:154} INFO - [2023-11-25T13:42:00.380+0000] {dagbag.py:536} INFO - Filling up the DagBag from /home/airflow/.local/lib/python3.8/site-packages/airflow/example_dags/example_python_operator.py
[2023-11-25T13:42:00.390+0000] {processor.py:839} INFO - DAG(s) dict_keys(['example_python_operator']) retrieved from /home/airflow/.local/lib/python3.8/site-packages/airflow/example_dags/example_python_operator.py
[2023-11-25T13:42:00.579+0000] {logging_mixin.py:154} INFO - [2023-11-25T13:42:00.578+0000] {dag.py:2941} INFO - Sync 1 DAGs
[2023-11-25T13:42:00.590+0000] {logging_mixin.py:154} INFO - [2023-11-25T13:42:00.590+0000] {dag.py:3722} INFO - Setting next_dagrun for example_python_operator to None, run_after=None
[2023-11-25T13:42:00.608+0000] {processor.py:179} INFO - Processing /home/airflow/.local/lib/python3.8/site-packages/airflow/example_dags/example_python_operator.py took 0.234 seconds
[2023-11-25T13:42:31.018+0000] {processor.py:157} INFO - Started process (PID=153) to work on /home/airflow/.local/lib/python3.8/site-packages/airflow/example_dags/example_python_operator.py
[2023-11-25T13:42:31.019+0000] {processor.py:829} INFO - Processing file /home/airflow/.local/lib/python3.8/site-packages/airflow/example_dags/example_python_operator.py for tasks to queue
[2023-11-25T13:42:31.021+0000] {logging_mixin.py:154} INFO - [2023-11-25T13:42:31.021+0000] {dagbag.py:536} INFO - Filling up the DagBag from /home/airflow/.local/lib/python3.8/site-packages/airflow/example_dags/example_python_operator.py
[2023-11-25T13:42:31.031+0000] {processor.py:839} INFO - DAG(s) dict_keys(['example_python_operator']) retrieved from /home/airflow/.local/lib/python3.8/site-packages/airflow/example_dags/example_python_operator.py
[2023-11-25T13:42:31.054+0000] {logging_mixin.py:154} INFO - [2023-11-25T13:42:31.054+0000] {dag.py:2941} INFO - Sync 1 DAGs
[2023-11-25T13:42:31.066+0000] {logging_mixin.py:154} INFO - [2023-11-25T13:42:31.065+0000] {dag.py:3722} INFO - Setting next_dagrun for example_python_operator to None, run_after=None
[2023-11-25T13:42:31.081+0000] {processor.py:179} INFO - Processing /home/airflow/.local/lib/python3.8/site-packages/airflow/example_dags/example_python_operator.py took 0.067 seconds
[2023-11-25T13:43:01.172+0000] {processor.py:157} INFO - Started process (PID=207) to work on /home/airflow/.local/lib/python3.8/site-packages/airflow/example_dags/example_python_operator.py
[2023-11-25T13:43:01.173+0000] {processor.py:829} INFO - Processing file /home/airflow/.local/lib/python3.8/site-packages/airflow/example_dags/example_python_operator.py for tasks to queue
[2023-11-25T13:43:01.175+0000] {logging_mixin.py:154} INFO - [2023-11-25T13:43:01.175+0000] {dagbag.py:536} INFO - Filling up the DagBag from /home/airflow/.local/lib/python3.8/site-packages/airflow/example_dags/example_python_operator.py
[2023-11-25T13:43:01.185+0000] {processor.py:839} INFO - DAG(s) dict_keys(['example_python_operator']) retrieved from /home/airflow/.local/lib/python3.8/site-packages/airflow/example_dags/example_python_operator.py
[2023-11-25T13:43:01.199+0000] {logging_mixin.py:154} INFO - [2023-11-25T13:43:01.199+0000] {dag.py:2941} INFO - Sync 1 DAGs
[2023-11-25T13:43:01.213+0000] {logging_mixin.py:154} INFO - [2023-11-25T13:43:01.213+0000] {dag.py:3722} INFO - Setting next_dagrun for example_python_operator to None, run_after=None
[2023-11-25T13:43:01.230+0000] {processor.py:179} INFO - Processing /home/airflow/.local/lib/python3.8/site-packages/airflow/example_dags/example_python_operator.py took 0.060 seconds
[2023-11-25T13:43:31.392+0000] {processor.py:157} INFO - Started process (PID=261) to work on /home/airflow/.local/lib/python3.8/site-packages/airflow/example_dags/example_python_operator.py
[2023-11-25T13:43:31.393+0000] {processor.py:829} INFO - Processing file /home/airflow/.local/lib/python3.8/site-packages/airflow/example_dags/example_python_operator.py for tasks to queue
[2023-11-25T13:43:31.394+0000] {logging_mixin.py:154} INFO - [2023-11-25T13:43:31.394+0000] {dagbag.py:536} INFO - Filling up the DagBag from /home/airflow/.local/lib/python3.8/site-packages/airflow/example_dags/example_python_operator.py
[2023-11-25T13:43:31.404+0000] {processor.py:839} INFO - DAG(s) dict_keys(['example_python_operator']) retrieved from /home/airflow/.local/lib/python3.8/site-packages/airflow/example_dags/example_python_operator.py
[2023-11-25T13:43:31.509+0000] {logging_mixin.py:154} INFO - [2023-11-25T13:43:31.509+0000] {dag.py:2941} INFO - Sync 1 DAGs
[2023-11-25T13:43:31.519+0000] {logging_mixin.py:154} INFO - [2023-11-25T13:43:31.519+0000] {dag.py:3722} INFO - Setting next_dagrun for example_python_operator to None, run_after=None
[2023-11-25T13:43:31.536+0000] {processor.py:179} INFO - Processing /home/airflow/.local/lib/python3.8/site-packages/airflow/example_dags/example_python_operator.py took 0.148 seconds
