[2023-11-25T13:39:28.917+0000] {processor.py:157} INFO - Started process (PID=68) to work on /home/airflow/.local/lib/python3.8/site-packages/airflow/example_dags/example_setup_teardown_taskflow.py
[2023-11-25T13:39:28.917+0000] {processor.py:829} INFO - Processing file /home/airflow/.local/lib/python3.8/site-packages/airflow/example_dags/example_setup_teardown_taskflow.py for tasks to queue
[2023-11-25T13:39:28.919+0000] {logging_mixin.py:154} INFO - [2023-11-25T13:39:28.919+0000] {dagbag.py:536} INFO - Filling up the DagBag from /home/airflow/.local/lib/python3.8/site-packages/airflow/example_dags/example_setup_teardown_taskflow.py
[2023-11-25T13:39:28.931+0000] {processor.py:839} INFO - DAG(s) dict_keys(['example_setup_teardown_taskflow']) retrieved from /home/airflow/.local/lib/python3.8/site-packages/airflow/example_dags/example_setup_teardown_taskflow.py
[2023-11-25T13:39:28.945+0000] {logging_mixin.py:154} INFO - [2023-11-25T13:39:28.945+0000] {dag.py:2941} INFO - Sync 1 DAGs
[2023-11-25T13:39:28.981+0000] {logging_mixin.py:154} INFO - [2023-11-25T13:39:28.980+0000] {dag.py:3722} INFO - Setting next_dagrun for example_setup_teardown_taskflow to 2023-11-24T13:39:28.980416+00:00, run_after=2023-11-25T13:39:28.980416+00:00
[2023-11-25T13:39:29.008+0000] {processor.py:179} INFO - Processing /home/airflow/.local/lib/python3.8/site-packages/airflow/example_dags/example_setup_teardown_taskflow.py took 0.095 seconds
[2023-11-25T13:39:59.548+0000] {processor.py:157} INFO - Started process (PID=122) to work on /home/airflow/.local/lib/python3.8/site-packages/airflow/example_dags/example_setup_teardown_taskflow.py
[2023-11-25T13:39:59.549+0000] {processor.py:829} INFO - Processing file /home/airflow/.local/lib/python3.8/site-packages/airflow/example_dags/example_setup_teardown_taskflow.py for tasks to queue
[2023-11-25T13:39:59.552+0000] {logging_mixin.py:154} INFO - [2023-11-25T13:39:59.552+0000] {dagbag.py:536} INFO - Filling up the DagBag from /home/airflow/.local/lib/python3.8/site-packages/airflow/example_dags/example_setup_teardown_taskflow.py
[2023-11-25T13:39:59.563+0000] {processor.py:839} INFO - DAG(s) dict_keys(['example_setup_teardown_taskflow']) retrieved from /home/airflow/.local/lib/python3.8/site-packages/airflow/example_dags/example_setup_teardown_taskflow.py
[2023-11-25T13:39:59.588+0000] {logging_mixin.py:154} INFO - [2023-11-25T13:39:59.587+0000] {dag.py:2941} INFO - Sync 1 DAGs
[2023-11-25T13:39:59.610+0000] {logging_mixin.py:154} INFO - [2023-11-25T13:39:59.610+0000] {dag.py:3722} INFO - Setting next_dagrun for example_setup_teardown_taskflow to 2023-11-24T13:39:59.610380+00:00, run_after=2023-11-25T13:39:59.610380+00:00
[2023-11-25T13:39:59.626+0000] {processor.py:179} INFO - Processing /home/airflow/.local/lib/python3.8/site-packages/airflow/example_dags/example_setup_teardown_taskflow.py took 0.081 seconds
[2023-11-25T13:40:29.985+0000] {processor.py:157} INFO - Started process (PID=176) to work on /home/airflow/.local/lib/python3.8/site-packages/airflow/example_dags/example_setup_teardown_taskflow.py
[2023-11-25T13:40:29.986+0000] {processor.py:829} INFO - Processing file /home/airflow/.local/lib/python3.8/site-packages/airflow/example_dags/example_setup_teardown_taskflow.py for tasks to queue
[2023-11-25T13:40:29.988+0000] {logging_mixin.py:154} INFO - [2023-11-25T13:40:29.988+0000] {dagbag.py:536} INFO - Filling up the DagBag from /home/airflow/.local/lib/python3.8/site-packages/airflow/example_dags/example_setup_teardown_taskflow.py
[2023-11-25T13:40:29.997+0000] {processor.py:839} INFO - DAG(s) dict_keys(['example_setup_teardown_taskflow']) retrieved from /home/airflow/.local/lib/python3.8/site-packages/airflow/example_dags/example_setup_teardown_taskflow.py
[2023-11-25T13:40:30.019+0000] {logging_mixin.py:154} INFO - [2023-11-25T13:40:30.018+0000] {dag.py:2941} INFO - Sync 1 DAGs
[2023-11-25T13:40:30.041+0000] {logging_mixin.py:154} INFO - [2023-11-25T13:40:30.041+0000] {dag.py:3722} INFO - Setting next_dagrun for example_setup_teardown_taskflow to 2023-11-24T13:40:30.041353+00:00, run_after=2023-11-25T13:40:30.041353+00:00
[2023-11-25T13:40:30.060+0000] {processor.py:179} INFO - Processing /home/airflow/.local/lib/python3.8/site-packages/airflow/example_dags/example_setup_teardown_taskflow.py took 0.078 seconds
[2023-11-25T13:41:31.073+0000] {processor.py:157} INFO - Started process (PID=69) to work on /home/airflow/.local/lib/python3.8/site-packages/airflow/example_dags/example_setup_teardown_taskflow.py
[2023-11-25T13:41:31.073+0000] {processor.py:829} INFO - Processing file /home/airflow/.local/lib/python3.8/site-packages/airflow/example_dags/example_setup_teardown_taskflow.py for tasks to queue
[2023-11-25T13:41:31.076+0000] {logging_mixin.py:154} INFO - [2023-11-25T13:41:31.075+0000] {dagbag.py:536} INFO - Filling up the DagBag from /home/airflow/.local/lib/python3.8/site-packages/airflow/example_dags/example_setup_teardown_taskflow.py
[2023-11-25T13:41:31.087+0000] {processor.py:839} INFO - DAG(s) dict_keys(['example_setup_teardown_taskflow']) retrieved from /home/airflow/.local/lib/python3.8/site-packages/airflow/example_dags/example_setup_teardown_taskflow.py
[2023-11-25T13:41:31.101+0000] {logging_mixin.py:154} INFO - [2023-11-25T13:41:31.101+0000] {dag.py:2941} INFO - Sync 1 DAGs
[2023-11-25T13:41:31.137+0000] {logging_mixin.py:154} INFO - [2023-11-25T13:41:31.137+0000] {dag.py:3722} INFO - Setting next_dagrun for example_setup_teardown_taskflow to 2023-11-24T13:41:31.137110+00:00, run_after=2023-11-25T13:41:31.137110+00:00
[2023-11-25T13:41:31.162+0000] {processor.py:179} INFO - Processing /home/airflow/.local/lib/python3.8/site-packages/airflow/example_dags/example_setup_teardown_taskflow.py took 0.093 seconds
[2023-11-25T13:42:01.793+0000] {processor.py:157} INFO - Started process (PID=122) to work on /home/airflow/.local/lib/python3.8/site-packages/airflow/example_dags/example_setup_teardown_taskflow.py
[2023-11-25T13:42:01.794+0000] {processor.py:829} INFO - Processing file /home/airflow/.local/lib/python3.8/site-packages/airflow/example_dags/example_setup_teardown_taskflow.py for tasks to queue
[2023-11-25T13:42:01.796+0000] {logging_mixin.py:154} INFO - [2023-11-25T13:42:01.795+0000] {dagbag.py:536} INFO - Filling up the DagBag from /home/airflow/.local/lib/python3.8/site-packages/airflow/example_dags/example_setup_teardown_taskflow.py
[2023-11-25T13:42:01.806+0000] {processor.py:839} INFO - DAG(s) dict_keys(['example_setup_teardown_taskflow']) retrieved from /home/airflow/.local/lib/python3.8/site-packages/airflow/example_dags/example_setup_teardown_taskflow.py
[2023-11-25T13:42:01.829+0000] {logging_mixin.py:154} INFO - [2023-11-25T13:42:01.829+0000] {dag.py:2941} INFO - Sync 1 DAGs
[2023-11-25T13:42:01.851+0000] {logging_mixin.py:154} INFO - [2023-11-25T13:42:01.851+0000] {dag.py:3722} INFO - Setting next_dagrun for example_setup_teardown_taskflow to 2023-11-24T13:42:01.851075+00:00, run_after=2023-11-25T13:42:01.851075+00:00
[2023-11-25T13:42:01.867+0000] {processor.py:179} INFO - Processing /home/airflow/.local/lib/python3.8/site-packages/airflow/example_dags/example_setup_teardown_taskflow.py took 0.078 seconds
[2023-11-25T13:42:32.538+0000] {processor.py:157} INFO - Started process (PID=176) to work on /home/airflow/.local/lib/python3.8/site-packages/airflow/example_dags/example_setup_teardown_taskflow.py
[2023-11-25T13:42:32.539+0000] {processor.py:829} INFO - Processing file /home/airflow/.local/lib/python3.8/site-packages/airflow/example_dags/example_setup_teardown_taskflow.py for tasks to queue
[2023-11-25T13:42:32.541+0000] {logging_mixin.py:154} INFO - [2023-11-25T13:42:32.540+0000] {dagbag.py:536} INFO - Filling up the DagBag from /home/airflow/.local/lib/python3.8/site-packages/airflow/example_dags/example_setup_teardown_taskflow.py
[2023-11-25T13:42:32.550+0000] {processor.py:839} INFO - DAG(s) dict_keys(['example_setup_teardown_taskflow']) retrieved from /home/airflow/.local/lib/python3.8/site-packages/airflow/example_dags/example_setup_teardown_taskflow.py
[2023-11-25T13:42:32.571+0000] {logging_mixin.py:154} INFO - [2023-11-25T13:42:32.571+0000] {dag.py:2941} INFO - Sync 1 DAGs
[2023-11-25T13:42:32.593+0000] {logging_mixin.py:154} INFO - [2023-11-25T13:42:32.593+0000] {dag.py:3722} INFO - Setting next_dagrun for example_setup_teardown_taskflow to 2023-11-24T13:42:32.593373+00:00, run_after=2023-11-25T13:42:32.593373+00:00
[2023-11-25T13:42:32.607+0000] {processor.py:179} INFO - Processing /home/airflow/.local/lib/python3.8/site-packages/airflow/example_dags/example_setup_teardown_taskflow.py took 0.073 seconds
[2023-11-25T13:43:03.199+0000] {processor.py:157} INFO - Started process (PID=230) to work on /home/airflow/.local/lib/python3.8/site-packages/airflow/example_dags/example_setup_teardown_taskflow.py
[2023-11-25T13:43:03.200+0000] {processor.py:829} INFO - Processing file /home/airflow/.local/lib/python3.8/site-packages/airflow/example_dags/example_setup_teardown_taskflow.py for tasks to queue
[2023-11-25T13:43:03.202+0000] {logging_mixin.py:154} INFO - [2023-11-25T13:43:03.202+0000] {dagbag.py:536} INFO - Filling up the DagBag from /home/airflow/.local/lib/python3.8/site-packages/airflow/example_dags/example_setup_teardown_taskflow.py
[2023-11-25T13:43:03.211+0000] {processor.py:839} INFO - DAG(s) dict_keys(['example_setup_teardown_taskflow']) retrieved from /home/airflow/.local/lib/python3.8/site-packages/airflow/example_dags/example_setup_teardown_taskflow.py
[2023-11-25T13:43:03.223+0000] {logging_mixin.py:154} INFO - [2023-11-25T13:43:03.223+0000] {dag.py:2941} INFO - Sync 1 DAGs
[2023-11-25T13:43:03.245+0000] {logging_mixin.py:154} INFO - [2023-11-25T13:43:03.244+0000] {dag.py:3722} INFO - Setting next_dagrun for example_setup_teardown_taskflow to 2023-11-24T13:43:03.244643+00:00, run_after=2023-11-25T13:43:03.244643+00:00
[2023-11-25T13:43:03.261+0000] {processor.py:179} INFO - Processing /home/airflow/.local/lib/python3.8/site-packages/airflow/example_dags/example_setup_teardown_taskflow.py took 0.065 seconds
[2023-11-25T13:43:33.874+0000] {processor.py:157} INFO - Started process (PID=284) to work on /home/airflow/.local/lib/python3.8/site-packages/airflow/example_dags/example_setup_teardown_taskflow.py
[2023-11-25T13:43:33.874+0000] {processor.py:829} INFO - Processing file /home/airflow/.local/lib/python3.8/site-packages/airflow/example_dags/example_setup_teardown_taskflow.py for tasks to queue
[2023-11-25T13:43:33.877+0000] {logging_mixin.py:154} INFO - [2023-11-25T13:43:33.877+0000] {dagbag.py:536} INFO - Filling up the DagBag from /home/airflow/.local/lib/python3.8/site-packages/airflow/example_dags/example_setup_teardown_taskflow.py
[2023-11-25T13:43:33.887+0000] {processor.py:839} INFO - DAG(s) dict_keys(['example_setup_teardown_taskflow']) retrieved from /home/airflow/.local/lib/python3.8/site-packages/airflow/example_dags/example_setup_teardown_taskflow.py
[2023-11-25T13:43:33.911+0000] {logging_mixin.py:154} INFO - [2023-11-25T13:43:33.911+0000] {dag.py:2941} INFO - Sync 1 DAGs
[2023-11-25T13:43:33.934+0000] {logging_mixin.py:154} INFO - [2023-11-25T13:43:33.934+0000] {dag.py:3722} INFO - Setting next_dagrun for example_setup_teardown_taskflow to 2023-11-24T13:43:33.934155+00:00, run_after=2023-11-25T13:43:33.934155+00:00
[2023-11-25T13:43:33.950+0000] {processor.py:179} INFO - Processing /home/airflow/.local/lib/python3.8/site-packages/airflow/example_dags/example_setup_teardown_taskflow.py took 0.080 seconds
