[2023-11-25T13:39:29.164+0000] {processor.py:157} INFO - Started process (PID=73) to work on /home/airflow/.local/lib/python3.8/site-packages/airflow/example_dags/example_complex.py
[2023-11-25T13:39:29.165+0000] {processor.py:829} INFO - Processing file /home/airflow/.local/lib/python3.8/site-packages/airflow/example_dags/example_complex.py for tasks to queue
[2023-11-25T13:39:29.167+0000] {logging_mixin.py:154} INFO - [2023-11-25T13:39:29.167+0000] {dagbag.py:536} INFO - Filling up the DagBag from /home/airflow/.local/lib/python3.8/site-packages/airflow/example_dags/example_complex.py
[2023-11-25T13:39:29.183+0000] {processor.py:839} INFO - DAG(s) dict_keys(['example_complex']) retrieved from /home/airflow/.local/lib/python3.8/site-packages/airflow/example_dags/example_complex.py
[2023-11-25T13:39:29.198+0000] {logging_mixin.py:154} INFO - [2023-11-25T13:39:29.197+0000] {dag.py:2941} INFO - Sync 1 DAGs
[2023-11-25T13:39:29.213+0000] {logging_mixin.py:154} INFO - [2023-11-25T13:39:29.213+0000] {dag.py:3722} INFO - Setting next_dagrun for example_complex to None, run_after=None
[2023-11-25T13:39:29.233+0000] {processor.py:179} INFO - Processing /home/airflow/.local/lib/python3.8/site-packages/airflow/example_dags/example_complex.py took 0.071 seconds
[2023-11-25T13:39:59.780+0000] {processor.py:157} INFO - Started process (PID=127) to work on /home/airflow/.local/lib/python3.8/site-packages/airflow/example_dags/example_complex.py
[2023-11-25T13:39:59.781+0000] {processor.py:829} INFO - Processing file /home/airflow/.local/lib/python3.8/site-packages/airflow/example_dags/example_complex.py for tasks to queue
[2023-11-25T13:39:59.783+0000] {logging_mixin.py:154} INFO - [2023-11-25T13:39:59.783+0000] {dagbag.py:536} INFO - Filling up the DagBag from /home/airflow/.local/lib/python3.8/site-packages/airflow/example_dags/example_complex.py
[2023-11-25T13:39:59.800+0000] {processor.py:839} INFO - DAG(s) dict_keys(['example_complex']) retrieved from /home/airflow/.local/lib/python3.8/site-packages/airflow/example_dags/example_complex.py
[2023-11-25T13:39:59.830+0000] {logging_mixin.py:154} INFO - [2023-11-25T13:39:59.830+0000] {dag.py:2941} INFO - Sync 1 DAGs
[2023-11-25T13:39:59.843+0000] {logging_mixin.py:154} INFO - [2023-11-25T13:39:59.843+0000] {dag.py:3722} INFO - Setting next_dagrun for example_complex to None, run_after=None
[2023-11-25T13:39:59.859+0000] {processor.py:179} INFO - Processing /home/airflow/.local/lib/python3.8/site-packages/airflow/example_dags/example_complex.py took 0.082 seconds
[2023-11-25T13:40:30.273+0000] {processor.py:157} INFO - Started process (PID=181) to work on /home/airflow/.local/lib/python3.8/site-packages/airflow/example_dags/example_complex.py
[2023-11-25T13:40:30.274+0000] {processor.py:829} INFO - Processing file /home/airflow/.local/lib/python3.8/site-packages/airflow/example_dags/example_complex.py for tasks to queue
[2023-11-25T13:40:30.276+0000] {logging_mixin.py:154} INFO - [2023-11-25T13:40:30.276+0000] {dagbag.py:536} INFO - Filling up the DagBag from /home/airflow/.local/lib/python3.8/site-packages/airflow/example_dags/example_complex.py
[2023-11-25T13:40:30.287+0000] {processor.py:839} INFO - DAG(s) dict_keys(['example_complex']) retrieved from /home/airflow/.local/lib/python3.8/site-packages/airflow/example_dags/example_complex.py
[2023-11-25T13:40:30.320+0000] {logging_mixin.py:154} INFO - [2023-11-25T13:40:30.320+0000] {dag.py:2941} INFO - Sync 1 DAGs
[2023-11-25T13:40:30.333+0000] {logging_mixin.py:154} INFO - [2023-11-25T13:40:30.333+0000] {dag.py:3722} INFO - Setting next_dagrun for example_complex to None, run_after=None
[2023-11-25T13:40:30.352+0000] {processor.py:179} INFO - Processing /home/airflow/.local/lib/python3.8/site-packages/airflow/example_dags/example_complex.py took 0.082 seconds
[2023-11-25T13:41:31.330+0000] {processor.py:157} INFO - Started process (PID=74) to work on /home/airflow/.local/lib/python3.8/site-packages/airflow/example_dags/example_complex.py
[2023-11-25T13:41:31.331+0000] {processor.py:829} INFO - Processing file /home/airflow/.local/lib/python3.8/site-packages/airflow/example_dags/example_complex.py for tasks to queue
[2023-11-25T13:41:31.333+0000] {logging_mixin.py:154} INFO - [2023-11-25T13:41:31.333+0000] {dagbag.py:536} INFO - Filling up the DagBag from /home/airflow/.local/lib/python3.8/site-packages/airflow/example_dags/example_complex.py
[2023-11-25T13:41:31.347+0000] {processor.py:839} INFO - DAG(s) dict_keys(['example_complex']) retrieved from /home/airflow/.local/lib/python3.8/site-packages/airflow/example_dags/example_complex.py
[2023-11-25T13:41:31.360+0000] {logging_mixin.py:154} INFO - [2023-11-25T13:41:31.360+0000] {dag.py:2941} INFO - Sync 1 DAGs
[2023-11-25T13:41:31.376+0000] {logging_mixin.py:154} INFO - [2023-11-25T13:41:31.375+0000] {dag.py:3722} INFO - Setting next_dagrun for example_complex to None, run_after=None
[2023-11-25T13:41:31.398+0000] {processor.py:179} INFO - Processing /home/airflow/.local/lib/python3.8/site-packages/airflow/example_dags/example_complex.py took 0.071 seconds
[2023-11-25T13:42:02.027+0000] {processor.py:157} INFO - Started process (PID=127) to work on /home/airflow/.local/lib/python3.8/site-packages/airflow/example_dags/example_complex.py
[2023-11-25T13:42:02.027+0000] {processor.py:829} INFO - Processing file /home/airflow/.local/lib/python3.8/site-packages/airflow/example_dags/example_complex.py for tasks to queue
[2023-11-25T13:42:02.030+0000] {logging_mixin.py:154} INFO - [2023-11-25T13:42:02.029+0000] {dagbag.py:536} INFO - Filling up the DagBag from /home/airflow/.local/lib/python3.8/site-packages/airflow/example_dags/example_complex.py
[2023-11-25T13:42:02.042+0000] {processor.py:839} INFO - DAG(s) dict_keys(['example_complex']) retrieved from /home/airflow/.local/lib/python3.8/site-packages/airflow/example_dags/example_complex.py
[2023-11-25T13:42:02.075+0000] {logging_mixin.py:154} INFO - [2023-11-25T13:42:02.075+0000] {dag.py:2941} INFO - Sync 1 DAGs
[2023-11-25T13:42:02.087+0000] {logging_mixin.py:154} INFO - [2023-11-25T13:42:02.087+0000] {dag.py:3722} INFO - Setting next_dagrun for example_complex to None, run_after=None
[2023-11-25T13:42:02.103+0000] {processor.py:179} INFO - Processing /home/airflow/.local/lib/python3.8/site-packages/airflow/example_dags/example_complex.py took 0.080 seconds
[2023-11-25T13:42:32.781+0000] {processor.py:157} INFO - Started process (PID=181) to work on /home/airflow/.local/lib/python3.8/site-packages/airflow/example_dags/example_complex.py
[2023-11-25T13:42:32.782+0000] {processor.py:829} INFO - Processing file /home/airflow/.local/lib/python3.8/site-packages/airflow/example_dags/example_complex.py for tasks to queue
[2023-11-25T13:42:32.784+0000] {logging_mixin.py:154} INFO - [2023-11-25T13:42:32.784+0000] {dagbag.py:536} INFO - Filling up the DagBag from /home/airflow/.local/lib/python3.8/site-packages/airflow/example_dags/example_complex.py
[2023-11-25T13:42:32.795+0000] {processor.py:839} INFO - DAG(s) dict_keys(['example_complex']) retrieved from /home/airflow/.local/lib/python3.8/site-packages/airflow/example_dags/example_complex.py
[2023-11-25T13:42:32.828+0000] {logging_mixin.py:154} INFO - [2023-11-25T13:42:32.828+0000] {dag.py:2941} INFO - Sync 1 DAGs
[2023-11-25T13:42:32.841+0000] {logging_mixin.py:154} INFO - [2023-11-25T13:42:32.840+0000] {dag.py:3722} INFO - Setting next_dagrun for example_complex to None, run_after=None
[2023-11-25T13:42:32.856+0000] {processor.py:179} INFO - Processing /home/airflow/.local/lib/python3.8/site-packages/airflow/example_dags/example_complex.py took 0.078 seconds
[2023-11-25T13:43:03.459+0000] {processor.py:157} INFO - Started process (PID=235) to work on /home/airflow/.local/lib/python3.8/site-packages/airflow/example_dags/example_complex.py
[2023-11-25T13:43:03.460+0000] {processor.py:829} INFO - Processing file /home/airflow/.local/lib/python3.8/site-packages/airflow/example_dags/example_complex.py for tasks to queue
[2023-11-25T13:43:03.463+0000] {logging_mixin.py:154} INFO - [2023-11-25T13:43:03.462+0000] {dagbag.py:536} INFO - Filling up the DagBag from /home/airflow/.local/lib/python3.8/site-packages/airflow/example_dags/example_complex.py
[2023-11-25T13:43:03.476+0000] {processor.py:839} INFO - DAG(s) dict_keys(['example_complex']) retrieved from /home/airflow/.local/lib/python3.8/site-packages/airflow/example_dags/example_complex.py
[2023-11-25T13:43:03.489+0000] {logging_mixin.py:154} INFO - [2023-11-25T13:43:03.489+0000] {dag.py:2941} INFO - Sync 1 DAGs
[2023-11-25T13:43:03.505+0000] {logging_mixin.py:154} INFO - [2023-11-25T13:43:03.504+0000] {dag.py:3722} INFO - Setting next_dagrun for example_complex to None, run_after=None
[2023-11-25T13:43:03.524+0000] {processor.py:179} INFO - Processing /home/airflow/.local/lib/python3.8/site-packages/airflow/example_dags/example_complex.py took 0.068 seconds
[2023-11-25T13:43:34.109+0000] {processor.py:157} INFO - Started process (PID=289) to work on /home/airflow/.local/lib/python3.8/site-packages/airflow/example_dags/example_complex.py
[2023-11-25T13:43:34.110+0000] {processor.py:829} INFO - Processing file /home/airflow/.local/lib/python3.8/site-packages/airflow/example_dags/example_complex.py for tasks to queue
[2023-11-25T13:43:34.112+0000] {logging_mixin.py:154} INFO - [2023-11-25T13:43:34.111+0000] {dagbag.py:536} INFO - Filling up the DagBag from /home/airflow/.local/lib/python3.8/site-packages/airflow/example_dags/example_complex.py
[2023-11-25T13:43:34.123+0000] {processor.py:839} INFO - DAG(s) dict_keys(['example_complex']) retrieved from /home/airflow/.local/lib/python3.8/site-packages/airflow/example_dags/example_complex.py
[2023-11-25T13:43:34.155+0000] {logging_mixin.py:154} INFO - [2023-11-25T13:43:34.155+0000] {dag.py:2941} INFO - Sync 1 DAGs
[2023-11-25T13:43:34.167+0000] {logging_mixin.py:154} INFO - [2023-11-25T13:43:34.167+0000] {dag.py:3722} INFO - Setting next_dagrun for example_complex to None, run_after=None
[2023-11-25T13:43:34.183+0000] {processor.py:179} INFO - Processing /home/airflow/.local/lib/python3.8/site-packages/airflow/example_dags/example_complex.py took 0.077 seconds
