[2023-11-25T13:39:27.732+0000] {processor.py:157} INFO - Started process (PID=49) to work on /home/airflow/.local/lib/python3.8/site-packages/airflow/example_dags/example_branch_python_dop_operator_3.py
[2023-11-25T13:39:27.733+0000] {processor.py:829} INFO - Processing file /home/airflow/.local/lib/python3.8/site-packages/airflow/example_dags/example_branch_python_dop_operator_3.py for tasks to queue
[2023-11-25T13:39:27.735+0000] {logging_mixin.py:154} INFO - [2023-11-25T13:39:27.735+0000] {dagbag.py:536} INFO - Filling up the DagBag from /home/airflow/.local/lib/python3.8/site-packages/airflow/example_dags/example_branch_python_dop_operator_3.py
[2023-11-25T13:39:27.747+0000] {processor.py:839} INFO - DAG(s) dict_keys(['example_branch_dop_operator_v3']) retrieved from /home/airflow/.local/lib/python3.8/site-packages/airflow/example_dags/example_branch_python_dop_operator_3.py
[2023-11-25T13:39:27.761+0000] {logging_mixin.py:154} INFO - [2023-11-25T13:39:27.761+0000] {dag.py:2941} INFO - Sync 1 DAGs
[2023-11-25T13:39:27.810+0000] {logging_mixin.py:154} INFO - [2023-11-25T13:39:27.810+0000] {dag.py:3722} INFO - Setting next_dagrun for example_branch_dop_operator_v3 to 2023-11-25T13:38:00+00:00, run_after=2023-11-25T13:39:00+00:00
[2023-11-25T13:39:27.831+0000] {processor.py:179} INFO - Processing /home/airflow/.local/lib/python3.8/site-packages/airflow/example_dags/example_branch_python_dop_operator_3.py took 0.103 seconds
[2023-11-25T13:39:58.431+0000] {processor.py:157} INFO - Started process (PID=103) to work on /home/airflow/.local/lib/python3.8/site-packages/airflow/example_dags/example_branch_python_dop_operator_3.py
[2023-11-25T13:39:58.432+0000] {processor.py:829} INFO - Processing file /home/airflow/.local/lib/python3.8/site-packages/airflow/example_dags/example_branch_python_dop_operator_3.py for tasks to queue
[2023-11-25T13:39:58.434+0000] {logging_mixin.py:154} INFO - [2023-11-25T13:39:58.434+0000] {dagbag.py:536} INFO - Filling up the DagBag from /home/airflow/.local/lib/python3.8/site-packages/airflow/example_dags/example_branch_python_dop_operator_3.py
[2023-11-25T13:39:58.444+0000] {processor.py:839} INFO - DAG(s) dict_keys(['example_branch_dop_operator_v3']) retrieved from /home/airflow/.local/lib/python3.8/site-packages/airflow/example_dags/example_branch_python_dop_operator_3.py
[2023-11-25T13:39:58.468+0000] {logging_mixin.py:154} INFO - [2023-11-25T13:39:58.468+0000] {dag.py:2941} INFO - Sync 1 DAGs
[2023-11-25T13:39:58.502+0000] {logging_mixin.py:154} INFO - [2023-11-25T13:39:58.502+0000] {dag.py:3722} INFO - Setting next_dagrun for example_branch_dop_operator_v3 to 2023-11-25T13:38:00+00:00, run_after=2023-11-25T13:39:00+00:00
[2023-11-25T13:39:58.521+0000] {processor.py:179} INFO - Processing /home/airflow/.local/lib/python3.8/site-packages/airflow/example_dags/example_branch_python_dop_operator_3.py took 0.093 seconds
[2023-11-25T13:40:28.990+0000] {processor.py:157} INFO - Started process (PID=157) to work on /home/airflow/.local/lib/python3.8/site-packages/airflow/example_dags/example_branch_python_dop_operator_3.py
[2023-11-25T13:40:28.991+0000] {processor.py:829} INFO - Processing file /home/airflow/.local/lib/python3.8/site-packages/airflow/example_dags/example_branch_python_dop_operator_3.py for tasks to queue
[2023-11-25T13:40:28.993+0000] {logging_mixin.py:154} INFO - [2023-11-25T13:40:28.993+0000] {dagbag.py:536} INFO - Filling up the DagBag from /home/airflow/.local/lib/python3.8/site-packages/airflow/example_dags/example_branch_python_dop_operator_3.py
[2023-11-25T13:40:29.002+0000] {processor.py:839} INFO - DAG(s) dict_keys(['example_branch_dop_operator_v3']) retrieved from /home/airflow/.local/lib/python3.8/site-packages/airflow/example_dags/example_branch_python_dop_operator_3.py
[2023-11-25T13:40:29.026+0000] {logging_mixin.py:154} INFO - [2023-11-25T13:40:29.026+0000] {dag.py:2941} INFO - Sync 1 DAGs
[2023-11-25T13:40:29.055+0000] {logging_mixin.py:154} INFO - [2023-11-25T13:40:29.055+0000] {dag.py:3722} INFO - Setting next_dagrun for example_branch_dop_operator_v3 to 2023-11-25T13:39:00+00:00, run_after=2023-11-25T13:40:00+00:00
[2023-11-25T13:40:29.073+0000] {processor.py:179} INFO - Processing /home/airflow/.local/lib/python3.8/site-packages/airflow/example_dags/example_branch_python_dop_operator_3.py took 0.086 seconds
[2023-11-25T13:41:29.912+0000] {processor.py:157} INFO - Started process (PID=50) to work on /home/airflow/.local/lib/python3.8/site-packages/airflow/example_dags/example_branch_python_dop_operator_3.py
[2023-11-25T13:41:29.914+0000] {processor.py:829} INFO - Processing file /home/airflow/.local/lib/python3.8/site-packages/airflow/example_dags/example_branch_python_dop_operator_3.py for tasks to queue
[2023-11-25T13:41:29.917+0000] {logging_mixin.py:154} INFO - [2023-11-25T13:41:29.917+0000] {dagbag.py:536} INFO - Filling up the DagBag from /home/airflow/.local/lib/python3.8/site-packages/airflow/example_dags/example_branch_python_dop_operator_3.py
[2023-11-25T13:41:29.932+0000] {processor.py:839} INFO - DAG(s) dict_keys(['example_branch_dop_operator_v3']) retrieved from /home/airflow/.local/lib/python3.8/site-packages/airflow/example_dags/example_branch_python_dop_operator_3.py
[2023-11-25T13:41:29.947+0000] {logging_mixin.py:154} INFO - [2023-11-25T13:41:29.947+0000] {dag.py:2941} INFO - Sync 1 DAGs
[2023-11-25T13:41:29.990+0000] {logging_mixin.py:154} INFO - [2023-11-25T13:41:29.989+0000] {dag.py:3722} INFO - Setting next_dagrun for example_branch_dop_operator_v3 to 2023-11-25T13:40:00+00:00, run_after=2023-11-25T13:41:00+00:00
[2023-11-25T13:41:30.009+0000] {processor.py:179} INFO - Processing /home/airflow/.local/lib/python3.8/site-packages/airflow/example_dags/example_branch_python_dop_operator_3.py took 0.102 seconds
[2023-11-25T13:42:00.660+0000] {processor.py:157} INFO - Started process (PID=103) to work on /home/airflow/.local/lib/python3.8/site-packages/airflow/example_dags/example_branch_python_dop_operator_3.py
[2023-11-25T13:42:00.661+0000] {processor.py:829} INFO - Processing file /home/airflow/.local/lib/python3.8/site-packages/airflow/example_dags/example_branch_python_dop_operator_3.py for tasks to queue
[2023-11-25T13:42:00.663+0000] {logging_mixin.py:154} INFO - [2023-11-25T13:42:00.663+0000] {dagbag.py:536} INFO - Filling up the DagBag from /home/airflow/.local/lib/python3.8/site-packages/airflow/example_dags/example_branch_python_dop_operator_3.py
[2023-11-25T13:42:00.671+0000] {processor.py:839} INFO - DAG(s) dict_keys(['example_branch_dop_operator_v3']) retrieved from /home/airflow/.local/lib/python3.8/site-packages/airflow/example_dags/example_branch_python_dop_operator_3.py
[2023-11-25T13:42:00.691+0000] {logging_mixin.py:154} INFO - [2023-11-25T13:42:00.691+0000] {dag.py:2941} INFO - Sync 1 DAGs
[2023-11-25T13:42:00.720+0000] {logging_mixin.py:154} INFO - [2023-11-25T13:42:00.720+0000] {dag.py:3722} INFO - Setting next_dagrun for example_branch_dop_operator_v3 to 2023-11-25T13:41:00+00:00, run_after=2023-11-25T13:42:00+00:00
[2023-11-25T13:42:00.737+0000] {processor.py:179} INFO - Processing /home/airflow/.local/lib/python3.8/site-packages/airflow/example_dags/example_branch_python_dop_operator_3.py took 0.080 seconds
[2023-11-25T13:42:31.241+0000] {processor.py:157} INFO - Started process (PID=157) to work on /home/airflow/.local/lib/python3.8/site-packages/airflow/example_dags/example_branch_python_dop_operator_3.py
[2023-11-25T13:42:31.242+0000] {processor.py:829} INFO - Processing file /home/airflow/.local/lib/python3.8/site-packages/airflow/example_dags/example_branch_python_dop_operator_3.py for tasks to queue
[2023-11-25T13:42:31.245+0000] {logging_mixin.py:154} INFO - [2023-11-25T13:42:31.245+0000] {dagbag.py:536} INFO - Filling up the DagBag from /home/airflow/.local/lib/python3.8/site-packages/airflow/example_dags/example_branch_python_dop_operator_3.py
[2023-11-25T13:42:31.256+0000] {processor.py:839} INFO - DAG(s) dict_keys(['example_branch_dop_operator_v3']) retrieved from /home/airflow/.local/lib/python3.8/site-packages/airflow/example_dags/example_branch_python_dop_operator_3.py
[2023-11-25T13:42:31.276+0000] {logging_mixin.py:154} INFO - [2023-11-25T13:42:31.276+0000] {dag.py:2941} INFO - Sync 1 DAGs
[2023-11-25T13:42:31.304+0000] {logging_mixin.py:154} INFO - [2023-11-25T13:42:31.304+0000] {dag.py:3722} INFO - Setting next_dagrun for example_branch_dop_operator_v3 to 2023-11-25T13:41:00+00:00, run_after=2023-11-25T13:42:00+00:00
[2023-11-25T13:42:31.322+0000] {processor.py:179} INFO - Processing /home/airflow/.local/lib/python3.8/site-packages/airflow/example_dags/example_branch_python_dop_operator_3.py took 0.085 seconds
[2023-11-25T13:43:02.282+0000] {processor.py:157} INFO - Started process (PID=211) to work on /home/airflow/.local/lib/python3.8/site-packages/airflow/example_dags/example_branch_python_dop_operator_3.py
[2023-11-25T13:43:02.283+0000] {processor.py:829} INFO - Processing file /home/airflow/.local/lib/python3.8/site-packages/airflow/example_dags/example_branch_python_dop_operator_3.py for tasks to queue
[2023-11-25T13:43:02.286+0000] {logging_mixin.py:154} INFO - [2023-11-25T13:43:02.285+0000] {dagbag.py:536} INFO - Filling up the DagBag from /home/airflow/.local/lib/python3.8/site-packages/airflow/example_dags/example_branch_python_dop_operator_3.py
[2023-11-25T13:43:02.297+0000] {processor.py:839} INFO - DAG(s) dict_keys(['example_branch_dop_operator_v3']) retrieved from /home/airflow/.local/lib/python3.8/site-packages/airflow/example_dags/example_branch_python_dop_operator_3.py
[2023-11-25T13:43:02.309+0000] {logging_mixin.py:154} INFO - [2023-11-25T13:43:02.309+0000] {dag.py:2941} INFO - Sync 1 DAGs
[2023-11-25T13:43:02.341+0000] {logging_mixin.py:154} INFO - [2023-11-25T13:43:02.340+0000] {dag.py:3722} INFO - Setting next_dagrun for example_branch_dop_operator_v3 to 2023-11-25T13:42:00+00:00, run_after=2023-11-25T13:43:00+00:00
[2023-11-25T13:43:02.361+0000] {processor.py:179} INFO - Processing /home/airflow/.local/lib/python3.8/site-packages/airflow/example_dags/example_branch_python_dop_operator_3.py took 0.083 seconds
[2023-11-25T13:43:32.575+0000] {processor.py:157} INFO - Started process (PID=265) to work on /home/airflow/.local/lib/python3.8/site-packages/airflow/example_dags/example_branch_python_dop_operator_3.py
[2023-11-25T13:43:32.576+0000] {processor.py:829} INFO - Processing file /home/airflow/.local/lib/python3.8/site-packages/airflow/example_dags/example_branch_python_dop_operator_3.py for tasks to queue
[2023-11-25T13:43:32.578+0000] {logging_mixin.py:154} INFO - [2023-11-25T13:43:32.578+0000] {dagbag.py:536} INFO - Filling up the DagBag from /home/airflow/.local/lib/python3.8/site-packages/airflow/example_dags/example_branch_python_dop_operator_3.py
[2023-11-25T13:43:32.589+0000] {processor.py:839} INFO - DAG(s) dict_keys(['example_branch_dop_operator_v3']) retrieved from /home/airflow/.local/lib/python3.8/site-packages/airflow/example_dags/example_branch_python_dop_operator_3.py
[2023-11-25T13:43:32.610+0000] {logging_mixin.py:154} INFO - [2023-11-25T13:43:32.610+0000] {dag.py:2941} INFO - Sync 1 DAGs
[2023-11-25T13:43:32.638+0000] {logging_mixin.py:154} INFO - [2023-11-25T13:43:32.638+0000] {dag.py:3722} INFO - Setting next_dagrun for example_branch_dop_operator_v3 to 2023-11-25T13:42:00+00:00, run_after=2023-11-25T13:43:00+00:00
[2023-11-25T13:43:32.656+0000] {processor.py:179} INFO - Processing /home/airflow/.local/lib/python3.8/site-packages/airflow/example_dags/example_branch_python_dop_operator_3.py took 0.084 seconds
