[2023-11-25T13:39:27.864+0000] {processor.py:157} INFO - Started process (PID=51) to work on /home/airflow/.local/lib/python3.8/site-packages/airflow/example_dags/example_latest_only_with_trigger.py
[2023-11-25T13:39:27.865+0000] {processor.py:829} INFO - Processing file /home/airflow/.local/lib/python3.8/site-packages/airflow/example_dags/example_latest_only_with_trigger.py for tasks to queue
[2023-11-25T13:39:27.868+0000] {logging_mixin.py:154} INFO - [2023-11-25T13:39:27.868+0000] {dagbag.py:536} INFO - Filling up the DagBag from /home/airflow/.local/lib/python3.8/site-packages/airflow/example_dags/example_latest_only_with_trigger.py
[2023-11-25T13:39:27.878+0000] {processor.py:839} INFO - DAG(s) dict_keys(['latest_only_with_trigger']) retrieved from /home/airflow/.local/lib/python3.8/site-packages/airflow/example_dags/example_latest_only_with_trigger.py
[2023-11-25T13:39:27.895+0000] {logging_mixin.py:154} INFO - [2023-11-25T13:39:27.895+0000] {dag.py:2941} INFO - Sync 1 DAGs
[2023-11-25T13:39:27.928+0000] {logging_mixin.py:154} INFO - [2023-11-25T13:39:27.928+0000] {dag.py:3722} INFO - Setting next_dagrun for latest_only_with_trigger to 2023-11-25T09:39:27.927713+00:00, run_after=2023-11-25T13:39:27.927713+00:00
[2023-11-25T13:39:27.948+0000] {processor.py:179} INFO - Processing /home/airflow/.local/lib/python3.8/site-packages/airflow/example_dags/example_latest_only_with_trigger.py took 0.089 seconds
[2023-11-25T13:39:58.543+0000] {processor.py:157} INFO - Started process (PID=105) to work on /home/airflow/.local/lib/python3.8/site-packages/airflow/example_dags/example_latest_only_with_trigger.py
[2023-11-25T13:39:58.544+0000] {processor.py:829} INFO - Processing file /home/airflow/.local/lib/python3.8/site-packages/airflow/example_dags/example_latest_only_with_trigger.py for tasks to queue
[2023-11-25T13:39:58.546+0000] {logging_mixin.py:154} INFO - [2023-11-25T13:39:58.545+0000] {dagbag.py:536} INFO - Filling up the DagBag from /home/airflow/.local/lib/python3.8/site-packages/airflow/example_dags/example_latest_only_with_trigger.py
[2023-11-25T13:39:58.551+0000] {processor.py:839} INFO - DAG(s) dict_keys(['latest_only_with_trigger']) retrieved from /home/airflow/.local/lib/python3.8/site-packages/airflow/example_dags/example_latest_only_with_trigger.py
[2023-11-25T13:39:58.572+0000] {logging_mixin.py:154} INFO - [2023-11-25T13:39:58.572+0000] {dag.py:2941} INFO - Sync 1 DAGs
[2023-11-25T13:39:58.594+0000] {logging_mixin.py:154} INFO - [2023-11-25T13:39:58.594+0000] {dag.py:3722} INFO - Setting next_dagrun for latest_only_with_trigger to 2023-11-25T09:39:58.594290+00:00, run_after=2023-11-25T13:39:58.594290+00:00
[2023-11-25T13:39:58.611+0000] {processor.py:179} INFO - Processing /home/airflow/.local/lib/python3.8/site-packages/airflow/example_dags/example_latest_only_with_trigger.py took 0.071 seconds
[2023-11-25T13:40:29.093+0000] {processor.py:157} INFO - Started process (PID=159) to work on /home/airflow/.local/lib/python3.8/site-packages/airflow/example_dags/example_latest_only_with_trigger.py
[2023-11-25T13:40:29.094+0000] {processor.py:829} INFO - Processing file /home/airflow/.local/lib/python3.8/site-packages/airflow/example_dags/example_latest_only_with_trigger.py for tasks to queue
[2023-11-25T13:40:29.096+0000] {logging_mixin.py:154} INFO - [2023-11-25T13:40:29.095+0000] {dagbag.py:536} INFO - Filling up the DagBag from /home/airflow/.local/lib/python3.8/site-packages/airflow/example_dags/example_latest_only_with_trigger.py
[2023-11-25T13:40:29.101+0000] {processor.py:839} INFO - DAG(s) dict_keys(['latest_only_with_trigger']) retrieved from /home/airflow/.local/lib/python3.8/site-packages/airflow/example_dags/example_latest_only_with_trigger.py
[2023-11-25T13:40:29.122+0000] {logging_mixin.py:154} INFO - [2023-11-25T13:40:29.122+0000] {dag.py:2941} INFO - Sync 1 DAGs
[2023-11-25T13:40:29.144+0000] {logging_mixin.py:154} INFO - [2023-11-25T13:40:29.144+0000] {dag.py:3722} INFO - Setting next_dagrun for latest_only_with_trigger to 2023-11-25T09:40:29.144519+00:00, run_after=2023-11-25T13:40:29.144519+00:00
[2023-11-25T13:40:29.162+0000] {processor.py:179} INFO - Processing /home/airflow/.local/lib/python3.8/site-packages/airflow/example_dags/example_latest_only_with_trigger.py took 0.072 seconds
[2023-11-25T13:41:30.032+0000] {processor.py:157} INFO - Started process (PID=52) to work on /home/airflow/.local/lib/python3.8/site-packages/airflow/example_dags/example_latest_only_with_trigger.py
[2023-11-25T13:41:30.033+0000] {processor.py:829} INFO - Processing file /home/airflow/.local/lib/python3.8/site-packages/airflow/example_dags/example_latest_only_with_trigger.py for tasks to queue
[2023-11-25T13:41:30.035+0000] {logging_mixin.py:154} INFO - [2023-11-25T13:41:30.035+0000] {dagbag.py:536} INFO - Filling up the DagBag from /home/airflow/.local/lib/python3.8/site-packages/airflow/example_dags/example_latest_only_with_trigger.py
[2023-11-25T13:41:30.042+0000] {processor.py:839} INFO - DAG(s) dict_keys(['latest_only_with_trigger']) retrieved from /home/airflow/.local/lib/python3.8/site-packages/airflow/example_dags/example_latest_only_with_trigger.py
[2023-11-25T13:41:30.055+0000] {logging_mixin.py:154} INFO - [2023-11-25T13:41:30.055+0000] {dag.py:2941} INFO - Sync 1 DAGs
[2023-11-25T13:41:30.084+0000] {logging_mixin.py:154} INFO - [2023-11-25T13:41:30.083+0000] {dag.py:3722} INFO - Setting next_dagrun for latest_only_with_trigger to 2023-11-25T09:41:30.083609+00:00, run_after=2023-11-25T13:41:30.083609+00:00
[2023-11-25T13:41:30.105+0000] {processor.py:179} INFO - Processing /home/airflow/.local/lib/python3.8/site-packages/airflow/example_dags/example_latest_only_with_trigger.py took 0.076 seconds
[2023-11-25T13:42:00.760+0000] {processor.py:157} INFO - Started process (PID=105) to work on /home/airflow/.local/lib/python3.8/site-packages/airflow/example_dags/example_latest_only_with_trigger.py
[2023-11-25T13:42:00.761+0000] {processor.py:829} INFO - Processing file /home/airflow/.local/lib/python3.8/site-packages/airflow/example_dags/example_latest_only_with_trigger.py for tasks to queue
[2023-11-25T13:42:00.763+0000] {logging_mixin.py:154} INFO - [2023-11-25T13:42:00.762+0000] {dagbag.py:536} INFO - Filling up the DagBag from /home/airflow/.local/lib/python3.8/site-packages/airflow/example_dags/example_latest_only_with_trigger.py
[2023-11-25T13:42:00.769+0000] {processor.py:839} INFO - DAG(s) dict_keys(['latest_only_with_trigger']) retrieved from /home/airflow/.local/lib/python3.8/site-packages/airflow/example_dags/example_latest_only_with_trigger.py
[2023-11-25T13:42:00.790+0000] {logging_mixin.py:154} INFO - [2023-11-25T13:42:00.790+0000] {dag.py:2941} INFO - Sync 1 DAGs
[2023-11-25T13:42:00.815+0000] {logging_mixin.py:154} INFO - [2023-11-25T13:42:00.815+0000] {dag.py:3722} INFO - Setting next_dagrun for latest_only_with_trigger to 2023-11-25T09:42:00.814846+00:00, run_after=2023-11-25T13:42:00.814846+00:00
[2023-11-25T13:42:00.832+0000] {processor.py:179} INFO - Processing /home/airflow/.local/lib/python3.8/site-packages/airflow/example_dags/example_latest_only_with_trigger.py took 0.075 seconds
[2023-11-25T13:42:31.461+0000] {processor.py:157} INFO - Started process (PID=159) to work on /home/airflow/.local/lib/python3.8/site-packages/airflow/example_dags/example_latest_only_with_trigger.py
[2023-11-25T13:42:31.462+0000] {processor.py:829} INFO - Processing file /home/airflow/.local/lib/python3.8/site-packages/airflow/example_dags/example_latest_only_with_trigger.py for tasks to queue
[2023-11-25T13:42:31.464+0000] {logging_mixin.py:154} INFO - [2023-11-25T13:42:31.464+0000] {dagbag.py:536} INFO - Filling up the DagBag from /home/airflow/.local/lib/python3.8/site-packages/airflow/example_dags/example_latest_only_with_trigger.py
[2023-11-25T13:42:31.471+0000] {processor.py:839} INFO - DAG(s) dict_keys(['latest_only_with_trigger']) retrieved from /home/airflow/.local/lib/python3.8/site-packages/airflow/example_dags/example_latest_only_with_trigger.py
[2023-11-25T13:42:31.495+0000] {logging_mixin.py:154} INFO - [2023-11-25T13:42:31.495+0000] {dag.py:2941} INFO - Sync 1 DAGs
[2023-11-25T13:42:31.517+0000] {logging_mixin.py:154} INFO - [2023-11-25T13:42:31.517+0000] {dag.py:3722} INFO - Setting next_dagrun for latest_only_with_trigger to 2023-11-25T09:42:31.517030+00:00, run_after=2023-11-25T13:42:31.517030+00:00
[2023-11-25T13:42:31.535+0000] {processor.py:179} INFO - Processing /home/airflow/.local/lib/python3.8/site-packages/airflow/example_dags/example_latest_only_with_trigger.py took 0.079 seconds
[2023-11-25T13:43:02.471+0000] {processor.py:157} INFO - Started process (PID=213) to work on /home/airflow/.local/lib/python3.8/site-packages/airflow/example_dags/example_latest_only_with_trigger.py
[2023-11-25T13:43:02.472+0000] {processor.py:829} INFO - Processing file /home/airflow/.local/lib/python3.8/site-packages/airflow/example_dags/example_latest_only_with_trigger.py for tasks to queue
[2023-11-25T13:43:02.474+0000] {logging_mixin.py:154} INFO - [2023-11-25T13:43:02.474+0000] {dagbag.py:536} INFO - Filling up the DagBag from /home/airflow/.local/lib/python3.8/site-packages/airflow/example_dags/example_latest_only_with_trigger.py
[2023-11-25T13:43:02.480+0000] {processor.py:839} INFO - DAG(s) dict_keys(['latest_only_with_trigger']) retrieved from /home/airflow/.local/lib/python3.8/site-packages/airflow/example_dags/example_latest_only_with_trigger.py
[2023-11-25T13:43:02.492+0000] {logging_mixin.py:154} INFO - [2023-11-25T13:43:02.492+0000] {dag.py:2941} INFO - Sync 1 DAGs
[2023-11-25T13:43:02.516+0000] {logging_mixin.py:154} INFO - [2023-11-25T13:43:02.515+0000] {dag.py:3722} INFO - Setting next_dagrun for latest_only_with_trigger to 2023-11-25T09:43:02.515568+00:00, run_after=2023-11-25T13:43:02.515568+00:00
[2023-11-25T13:43:02.531+0000] {processor.py:179} INFO - Processing /home/airflow/.local/lib/python3.8/site-packages/airflow/example_dags/example_latest_only_with_trigger.py took 0.064 seconds
[2023-11-25T13:43:32.778+0000] {processor.py:157} INFO - Started process (PID=267) to work on /home/airflow/.local/lib/python3.8/site-packages/airflow/example_dags/example_latest_only_with_trigger.py
[2023-11-25T13:43:32.778+0000] {processor.py:829} INFO - Processing file /home/airflow/.local/lib/python3.8/site-packages/airflow/example_dags/example_latest_only_with_trigger.py for tasks to queue
[2023-11-25T13:43:32.780+0000] {logging_mixin.py:154} INFO - [2023-11-25T13:43:32.780+0000] {dagbag.py:536} INFO - Filling up the DagBag from /home/airflow/.local/lib/python3.8/site-packages/airflow/example_dags/example_latest_only_with_trigger.py
[2023-11-25T13:43:32.786+0000] {processor.py:839} INFO - DAG(s) dict_keys(['latest_only_with_trigger']) retrieved from /home/airflow/.local/lib/python3.8/site-packages/airflow/example_dags/example_latest_only_with_trigger.py
[2023-11-25T13:43:32.808+0000] {logging_mixin.py:154} INFO - [2023-11-25T13:43:32.808+0000] {dag.py:2941} INFO - Sync 1 DAGs
[2023-11-25T13:43:32.829+0000] {logging_mixin.py:154} INFO - [2023-11-25T13:43:32.829+0000] {dag.py:3722} INFO - Setting next_dagrun for latest_only_with_trigger to 2023-11-25T09:43:32.829212+00:00, run_after=2023-11-25T13:43:32.829212+00:00
[2023-11-25T13:43:32.848+0000] {processor.py:179} INFO - Processing /home/airflow/.local/lib/python3.8/site-packages/airflow/example_dags/example_latest_only_with_trigger.py took 0.073 seconds
