[2023-11-25T13:39:27.416+0000] {processor.py:157} INFO - Started process (PID=44) to work on /home/airflow/.local/lib/python3.8/site-packages/airflow/example_dags/example_sla_dag.py
[2023-11-25T13:39:27.417+0000] {processor.py:829} INFO - Processing file /home/airflow/.local/lib/python3.8/site-packages/airflow/example_dags/example_sla_dag.py for tasks to queue
[2023-11-25T13:39:27.419+0000] {logging_mixin.py:154} INFO - [2023-11-25T13:39:27.418+0000] {dagbag.py:536} INFO - Filling up the DagBag from /home/airflow/.local/lib/python3.8/site-packages/airflow/example_dags/example_sla_dag.py
[2023-11-25T13:39:27.428+0000] {processor.py:839} INFO - DAG(s) dict_keys(['example_sla_dag']) retrieved from /home/airflow/.local/lib/python3.8/site-packages/airflow/example_dags/example_sla_dag.py
[2023-11-25T13:39:27.441+0000] {logging_mixin.py:154} INFO - [2023-11-25T13:39:27.440+0000] {dag.py:2941} INFO - Sync 1 DAGs
[2023-11-25T13:39:27.471+0000] {logging_mixin.py:154} INFO - [2023-11-25T13:39:27.471+0000] {dag.py:3722} INFO - Setting next_dagrun for example_sla_dag to 2023-11-25T13:36:00+00:00, run_after=2023-11-25T13:38:00+00:00
[2023-11-25T13:39:27.491+0000] {processor.py:179} INFO - Processing /home/airflow/.local/lib/python3.8/site-packages/airflow/example_dags/example_sla_dag.py took 0.079 seconds
[2023-11-25T13:39:58.096+0000] {processor.py:157} INFO - Started process (PID=98) to work on /home/airflow/.local/lib/python3.8/site-packages/airflow/example_dags/example_sla_dag.py
[2023-11-25T13:39:58.097+0000] {processor.py:829} INFO - Processing file /home/airflow/.local/lib/python3.8/site-packages/airflow/example_dags/example_sla_dag.py for tasks to queue
[2023-11-25T13:39:58.098+0000] {logging_mixin.py:154} INFO - [2023-11-25T13:39:58.098+0000] {dagbag.py:536} INFO - Filling up the DagBag from /home/airflow/.local/lib/python3.8/site-packages/airflow/example_dags/example_sla_dag.py
[2023-11-25T13:39:58.107+0000] {processor.py:839} INFO - DAG(s) dict_keys(['example_sla_dag']) retrieved from /home/airflow/.local/lib/python3.8/site-packages/airflow/example_dags/example_sla_dag.py
[2023-11-25T13:39:58.128+0000] {logging_mixin.py:154} INFO - [2023-11-25T13:39:58.128+0000] {dag.py:2941} INFO - Sync 1 DAGs
[2023-11-25T13:39:58.155+0000] {logging_mixin.py:154} INFO - [2023-11-25T13:39:58.155+0000] {dag.py:3722} INFO - Setting next_dagrun for example_sla_dag to 2023-11-25T13:36:00+00:00, run_after=2023-11-25T13:38:00+00:00
[2023-11-25T13:39:58.172+0000] {processor.py:179} INFO - Processing /home/airflow/.local/lib/python3.8/site-packages/airflow/example_dags/example_sla_dag.py took 0.079 seconds
[2023-11-25T13:40:28.755+0000] {processor.py:157} INFO - Started process (PID=152) to work on /home/airflow/.local/lib/python3.8/site-packages/airflow/example_dags/example_sla_dag.py
[2023-11-25T13:40:28.756+0000] {processor.py:829} INFO - Processing file /home/airflow/.local/lib/python3.8/site-packages/airflow/example_dags/example_sla_dag.py for tasks to queue
[2023-11-25T13:40:28.757+0000] {logging_mixin.py:154} INFO - [2023-11-25T13:40:28.757+0000] {dagbag.py:536} INFO - Filling up the DagBag from /home/airflow/.local/lib/python3.8/site-packages/airflow/example_dags/example_sla_dag.py
[2023-11-25T13:40:28.766+0000] {processor.py:839} INFO - DAG(s) dict_keys(['example_sla_dag']) retrieved from /home/airflow/.local/lib/python3.8/site-packages/airflow/example_dags/example_sla_dag.py
[2023-11-25T13:40:28.785+0000] {logging_mixin.py:154} INFO - [2023-11-25T13:40:28.785+0000] {dag.py:2941} INFO - Sync 1 DAGs
[2023-11-25T13:40:28.811+0000] {logging_mixin.py:154} INFO - [2023-11-25T13:40:28.811+0000] {dag.py:3722} INFO - Setting next_dagrun for example_sla_dag to 2023-11-25T13:38:00+00:00, run_after=2023-11-25T13:40:00+00:00
[2023-11-25T13:40:28.826+0000] {processor.py:179} INFO - Processing /home/airflow/.local/lib/python3.8/site-packages/airflow/example_dags/example_sla_dag.py took 0.074 seconds
[2023-11-25T13:41:29.613+0000] {processor.py:157} INFO - Started process (PID=45) to work on /home/airflow/.local/lib/python3.8/site-packages/airflow/example_dags/example_sla_dag.py
[2023-11-25T13:41:29.617+0000] {processor.py:829} INFO - Processing file /home/airflow/.local/lib/python3.8/site-packages/airflow/example_dags/example_sla_dag.py for tasks to queue
[2023-11-25T13:41:29.627+0000] {logging_mixin.py:154} INFO - [2023-11-25T13:41:29.625+0000] {dagbag.py:536} INFO - Filling up the DagBag from /home/airflow/.local/lib/python3.8/site-packages/airflow/example_dags/example_sla_dag.py
[2023-11-25T13:41:29.676+0000] {processor.py:839} INFO - DAG(s) dict_keys(['example_sla_dag']) retrieved from /home/airflow/.local/lib/python3.8/site-packages/airflow/example_dags/example_sla_dag.py
[2023-11-25T13:41:29.695+0000] {logging_mixin.py:154} INFO - [2023-11-25T13:41:29.695+0000] {dag.py:2941} INFO - Sync 1 DAGs
[2023-11-25T13:41:29.728+0000] {logging_mixin.py:154} INFO - [2023-11-25T13:41:29.728+0000] {dag.py:3722} INFO - Setting next_dagrun for example_sla_dag to 2023-11-25T13:38:00+00:00, run_after=2023-11-25T13:40:00+00:00
[2023-11-25T13:41:29.747+0000] {processor.py:179} INFO - Processing /home/airflow/.local/lib/python3.8/site-packages/airflow/example_dags/example_sla_dag.py took 0.140 seconds
[2023-11-25T13:42:00.356+0000] {processor.py:157} INFO - Started process (PID=98) to work on /home/airflow/.local/lib/python3.8/site-packages/airflow/example_dags/example_sla_dag.py
[2023-11-25T13:42:00.357+0000] {processor.py:829} INFO - Processing file /home/airflow/.local/lib/python3.8/site-packages/airflow/example_dags/example_sla_dag.py for tasks to queue
[2023-11-25T13:42:00.359+0000] {logging_mixin.py:154} INFO - [2023-11-25T13:42:00.359+0000] {dagbag.py:536} INFO - Filling up the DagBag from /home/airflow/.local/lib/python3.8/site-packages/airflow/example_dags/example_sla_dag.py
[2023-11-25T13:42:00.367+0000] {processor.py:839} INFO - DAG(s) dict_keys(['example_sla_dag']) retrieved from /home/airflow/.local/lib/python3.8/site-packages/airflow/example_dags/example_sla_dag.py
[2023-11-25T13:42:00.387+0000] {logging_mixin.py:154} INFO - [2023-11-25T13:42:00.386+0000] {dag.py:2941} INFO - Sync 1 DAGs
[2023-11-25T13:42:00.412+0000] {logging_mixin.py:154} INFO - [2023-11-25T13:42:00.412+0000] {dag.py:3722} INFO - Setting next_dagrun for example_sla_dag to 2023-11-25T13:40:00+00:00, run_after=2023-11-25T13:42:00+00:00
[2023-11-25T13:42:00.428+0000] {processor.py:179} INFO - Processing /home/airflow/.local/lib/python3.8/site-packages/airflow/example_dags/example_sla_dag.py took 0.075 seconds
[2023-11-25T13:42:30.911+0000] {processor.py:157} INFO - Started process (PID=152) to work on /home/airflow/.local/lib/python3.8/site-packages/airflow/example_dags/example_sla_dag.py
[2023-11-25T13:42:30.912+0000] {processor.py:829} INFO - Processing file /home/airflow/.local/lib/python3.8/site-packages/airflow/example_dags/example_sla_dag.py for tasks to queue
[2023-11-25T13:42:30.915+0000] {logging_mixin.py:154} INFO - [2023-11-25T13:42:30.915+0000] {dagbag.py:536} INFO - Filling up the DagBag from /home/airflow/.local/lib/python3.8/site-packages/airflow/example_dags/example_sla_dag.py
[2023-11-25T13:42:30.925+0000] {processor.py:839} INFO - DAG(s) dict_keys(['example_sla_dag']) retrieved from /home/airflow/.local/lib/python3.8/site-packages/airflow/example_dags/example_sla_dag.py
[2023-11-25T13:42:30.947+0000] {logging_mixin.py:154} INFO - [2023-11-25T13:42:30.947+0000] {dag.py:2941} INFO - Sync 1 DAGs
[2023-11-25T13:42:30.974+0000] {logging_mixin.py:154} INFO - [2023-11-25T13:42:30.974+0000] {dag.py:3722} INFO - Setting next_dagrun for example_sla_dag to 2023-11-25T13:40:00+00:00, run_after=2023-11-25T13:42:00+00:00
[2023-11-25T13:42:30.991+0000] {processor.py:179} INFO - Processing /home/airflow/.local/lib/python3.8/site-packages/airflow/example_dags/example_sla_dag.py took 0.084 seconds
[2023-11-25T13:43:01.085+0000] {processor.py:157} INFO - Started process (PID=206) to work on /home/airflow/.local/lib/python3.8/site-packages/airflow/example_dags/example_sla_dag.py
[2023-11-25T13:43:01.085+0000] {processor.py:829} INFO - Processing file /home/airflow/.local/lib/python3.8/site-packages/airflow/example_dags/example_sla_dag.py for tasks to queue
[2023-11-25T13:43:01.087+0000] {logging_mixin.py:154} INFO - [2023-11-25T13:43:01.087+0000] {dagbag.py:536} INFO - Filling up the DagBag from /home/airflow/.local/lib/python3.8/site-packages/airflow/example_dags/example_sla_dag.py
[2023-11-25T13:43:01.095+0000] {processor.py:839} INFO - DAG(s) dict_keys(['example_sla_dag']) retrieved from /home/airflow/.local/lib/python3.8/site-packages/airflow/example_dags/example_sla_dag.py
[2023-11-25T13:43:01.107+0000] {logging_mixin.py:154} INFO - [2023-11-25T13:43:01.106+0000] {dag.py:2941} INFO - Sync 1 DAGs
[2023-11-25T13:43:01.132+0000] {logging_mixin.py:154} INFO - [2023-11-25T13:43:01.132+0000] {dag.py:3722} INFO - Setting next_dagrun for example_sla_dag to 2023-11-25T13:40:00+00:00, run_after=2023-11-25T13:42:00+00:00
[2023-11-25T13:43:01.146+0000] {processor.py:179} INFO - Processing /home/airflow/.local/lib/python3.8/site-packages/airflow/example_dags/example_sla_dag.py took 0.064 seconds
[2023-11-25T13:43:31.366+0000] {processor.py:157} INFO - Started process (PID=260) to work on /home/airflow/.local/lib/python3.8/site-packages/airflow/example_dags/example_sla_dag.py
[2023-11-25T13:43:31.367+0000] {processor.py:829} INFO - Processing file /home/airflow/.local/lib/python3.8/site-packages/airflow/example_dags/example_sla_dag.py for tasks to queue
[2023-11-25T13:43:31.370+0000] {logging_mixin.py:154} INFO - [2023-11-25T13:43:31.369+0000] {dagbag.py:536} INFO - Filling up the DagBag from /home/airflow/.local/lib/python3.8/site-packages/airflow/example_dags/example_sla_dag.py
[2023-11-25T13:43:31.378+0000] {processor.py:839} INFO - DAG(s) dict_keys(['example_sla_dag']) retrieved from /home/airflow/.local/lib/python3.8/site-packages/airflow/example_dags/example_sla_dag.py
[2023-11-25T13:43:31.397+0000] {logging_mixin.py:154} INFO - [2023-11-25T13:43:31.397+0000] {dag.py:2941} INFO - Sync 1 DAGs
[2023-11-25T13:43:31.431+0000] {logging_mixin.py:154} INFO - [2023-11-25T13:43:31.431+0000] {dag.py:3722} INFO - Setting next_dagrun for example_sla_dag to 2023-11-25T13:40:00+00:00, run_after=2023-11-25T13:42:00+00:00
[2023-11-25T13:43:31.447+0000] {processor.py:179} INFO - Processing /home/airflow/.local/lib/python3.8/site-packages/airflow/example_dags/example_sla_dag.py took 0.085 seconds
