[2023-11-25T13:39:27.312+0000] {processor.py:157} INFO - Started process (PID=43) to work on /home/airflow/.local/lib/python3.8/site-packages/airflow/example_dags/example_setup_teardown.py
[2023-11-25T13:39:27.313+0000] {processor.py:829} INFO - Processing file /home/airflow/.local/lib/python3.8/site-packages/airflow/example_dags/example_setup_teardown.py for tasks to queue
[2023-11-25T13:39:27.315+0000] {logging_mixin.py:154} INFO - [2023-11-25T13:39:27.315+0000] {dagbag.py:536} INFO - Filling up the DagBag from /home/airflow/.local/lib/python3.8/site-packages/airflow/example_dags/example_setup_teardown.py
[2023-11-25T13:39:27.324+0000] {processor.py:839} INFO - DAG(s) dict_keys(['example_setup_teardown']) retrieved from /home/airflow/.local/lib/python3.8/site-packages/airflow/example_dags/example_setup_teardown.py
[2023-11-25T13:39:27.337+0000] {logging_mixin.py:154} INFO - [2023-11-25T13:39:27.337+0000] {dag.py:2941} INFO - Sync 1 DAGs
[2023-11-25T13:39:27.369+0000] {logging_mixin.py:154} INFO - [2023-11-25T13:39:27.369+0000] {dag.py:3722} INFO - Setting next_dagrun for example_setup_teardown to 2023-11-24T13:39:27.369065+00:00, run_after=2023-11-25T13:39:27.369065+00:00
[2023-11-25T13:39:27.393+0000] {processor.py:179} INFO - Processing /home/airflow/.local/lib/python3.8/site-packages/airflow/example_dags/example_setup_teardown.py took 0.084 seconds
[2023-11-25T13:39:58.089+0000] {processor.py:157} INFO - Started process (PID=97) to work on /home/airflow/.local/lib/python3.8/site-packages/airflow/example_dags/example_setup_teardown.py
[2023-11-25T13:39:58.090+0000] {processor.py:829} INFO - Processing file /home/airflow/.local/lib/python3.8/site-packages/airflow/example_dags/example_setup_teardown.py for tasks to queue
[2023-11-25T13:39:58.092+0000] {logging_mixin.py:154} INFO - [2023-11-25T13:39:58.092+0000] {dagbag.py:536} INFO - Filling up the DagBag from /home/airflow/.local/lib/python3.8/site-packages/airflow/example_dags/example_setup_teardown.py
[2023-11-25T13:39:58.098+0000] {processor.py:839} INFO - DAG(s) dict_keys(['example_setup_teardown']) retrieved from /home/airflow/.local/lib/python3.8/site-packages/airflow/example_dags/example_setup_teardown.py
[2023-11-25T13:39:58.120+0000] {logging_mixin.py:154} INFO - [2023-11-25T13:39:58.119+0000] {dag.py:2941} INFO - Sync 1 DAGs
[2023-11-25T13:39:58.143+0000] {logging_mixin.py:154} INFO - [2023-11-25T13:39:58.142+0000] {dag.py:3722} INFO - Setting next_dagrun for example_setup_teardown to 2023-11-24T13:39:58.142675+00:00, run_after=2023-11-25T13:39:58.142675+00:00
[2023-11-25T13:39:58.159+0000] {processor.py:179} INFO - Processing /home/airflow/.local/lib/python3.8/site-packages/airflow/example_dags/example_setup_teardown.py took 0.073 seconds
[2023-11-25T13:40:28.685+0000] {processor.py:157} INFO - Started process (PID=151) to work on /home/airflow/.local/lib/python3.8/site-packages/airflow/example_dags/example_setup_teardown.py
[2023-11-25T13:40:28.685+0000] {processor.py:829} INFO - Processing file /home/airflow/.local/lib/python3.8/site-packages/airflow/example_dags/example_setup_teardown.py for tasks to queue
[2023-11-25T13:40:28.688+0000] {logging_mixin.py:154} INFO - [2023-11-25T13:40:28.688+0000] {dagbag.py:536} INFO - Filling up the DagBag from /home/airflow/.local/lib/python3.8/site-packages/airflow/example_dags/example_setup_teardown.py
[2023-11-25T13:40:28.694+0000] {processor.py:839} INFO - DAG(s) dict_keys(['example_setup_teardown']) retrieved from /home/airflow/.local/lib/python3.8/site-packages/airflow/example_dags/example_setup_teardown.py
[2023-11-25T13:40:28.714+0000] {logging_mixin.py:154} INFO - [2023-11-25T13:40:28.714+0000] {dag.py:2941} INFO - Sync 1 DAGs
[2023-11-25T13:40:28.736+0000] {logging_mixin.py:154} INFO - [2023-11-25T13:40:28.735+0000] {dag.py:3722} INFO - Setting next_dagrun for example_setup_teardown to 2023-11-24T13:40:28.735679+00:00, run_after=2023-11-25T13:40:28.735679+00:00
[2023-11-25T13:40:28.751+0000] {processor.py:179} INFO - Processing /home/airflow/.local/lib/python3.8/site-packages/airflow/example_dags/example_setup_teardown.py took 0.070 seconds
[2023-11-25T13:41:29.567+0000] {processor.py:157} INFO - Started process (PID=44) to work on /home/airflow/.local/lib/python3.8/site-packages/airflow/example_dags/example_setup_teardown.py
[2023-11-25T13:41:29.568+0000] {processor.py:829} INFO - Processing file /home/airflow/.local/lib/python3.8/site-packages/airflow/example_dags/example_setup_teardown.py for tasks to queue
[2023-11-25T13:41:29.571+0000] {logging_mixin.py:154} INFO - [2023-11-25T13:41:29.570+0000] {dagbag.py:536} INFO - Filling up the DagBag from /home/airflow/.local/lib/python3.8/site-packages/airflow/example_dags/example_setup_teardown.py
[2023-11-25T13:41:29.579+0000] {processor.py:839} INFO - DAG(s) dict_keys(['example_setup_teardown']) retrieved from /home/airflow/.local/lib/python3.8/site-packages/airflow/example_dags/example_setup_teardown.py
[2023-11-25T13:41:29.594+0000] {logging_mixin.py:154} INFO - [2023-11-25T13:41:29.594+0000] {dag.py:2941} INFO - Sync 1 DAGs
[2023-11-25T13:41:29.635+0000] {logging_mixin.py:154} INFO - [2023-11-25T13:41:29.635+0000] {dag.py:3722} INFO - Setting next_dagrun for example_setup_teardown to 2023-11-24T13:41:29.635038+00:00, run_after=2023-11-25T13:41:29.635038+00:00
[2023-11-25T13:41:29.666+0000] {processor.py:179} INFO - Processing /home/airflow/.local/lib/python3.8/site-packages/airflow/example_dags/example_setup_teardown.py took 0.102 seconds
[2023-11-25T13:42:00.287+0000] {processor.py:157} INFO - Started process (PID=97) to work on /home/airflow/.local/lib/python3.8/site-packages/airflow/example_dags/example_setup_teardown.py
[2023-11-25T13:42:00.288+0000] {processor.py:829} INFO - Processing file /home/airflow/.local/lib/python3.8/site-packages/airflow/example_dags/example_setup_teardown.py for tasks to queue
[2023-11-25T13:42:00.289+0000] {logging_mixin.py:154} INFO - [2023-11-25T13:42:00.289+0000] {dagbag.py:536} INFO - Filling up the DagBag from /home/airflow/.local/lib/python3.8/site-packages/airflow/example_dags/example_setup_teardown.py
[2023-11-25T13:42:00.296+0000] {processor.py:839} INFO - DAG(s) dict_keys(['example_setup_teardown']) retrieved from /home/airflow/.local/lib/python3.8/site-packages/airflow/example_dags/example_setup_teardown.py
[2023-11-25T13:42:00.316+0000] {logging_mixin.py:154} INFO - [2023-11-25T13:42:00.316+0000] {dag.py:2941} INFO - Sync 1 DAGs
[2023-11-25T13:42:00.338+0000] {logging_mixin.py:154} INFO - [2023-11-25T13:42:00.338+0000] {dag.py:3722} INFO - Setting next_dagrun for example_setup_teardown to 2023-11-24T13:42:00.338064+00:00, run_after=2023-11-25T13:42:00.338064+00:00
[2023-11-25T13:42:00.356+0000] {processor.py:179} INFO - Processing /home/airflow/.local/lib/python3.8/site-packages/airflow/example_dags/example_setup_teardown.py took 0.072 seconds
[2023-11-25T13:42:30.822+0000] {processor.py:157} INFO - Started process (PID=151) to work on /home/airflow/.local/lib/python3.8/site-packages/airflow/example_dags/example_setup_teardown.py
[2023-11-25T13:42:30.823+0000] {processor.py:829} INFO - Processing file /home/airflow/.local/lib/python3.8/site-packages/airflow/example_dags/example_setup_teardown.py for tasks to queue
[2023-11-25T13:42:30.825+0000] {logging_mixin.py:154} INFO - [2023-11-25T13:42:30.825+0000] {dagbag.py:536} INFO - Filling up the DagBag from /home/airflow/.local/lib/python3.8/site-packages/airflow/example_dags/example_setup_teardown.py
[2023-11-25T13:42:30.833+0000] {processor.py:839} INFO - DAG(s) dict_keys(['example_setup_teardown']) retrieved from /home/airflow/.local/lib/python3.8/site-packages/airflow/example_dags/example_setup_teardown.py
[2023-11-25T13:42:30.856+0000] {logging_mixin.py:154} INFO - [2023-11-25T13:42:30.855+0000] {dag.py:2941} INFO - Sync 1 DAGs
[2023-11-25T13:42:30.878+0000] {logging_mixin.py:154} INFO - [2023-11-25T13:42:30.878+0000] {dag.py:3722} INFO - Setting next_dagrun for example_setup_teardown to 2023-11-24T13:42:30.878070+00:00, run_after=2023-11-25T13:42:30.878070+00:00
[2023-11-25T13:42:30.896+0000] {processor.py:179} INFO - Processing /home/airflow/.local/lib/python3.8/site-packages/airflow/example_dags/example_setup_teardown.py took 0.078 seconds
[2023-11-25T13:43:01.009+0000] {processor.py:157} INFO - Started process (PID=205) to work on /home/airflow/.local/lib/python3.8/site-packages/airflow/example_dags/example_setup_teardown.py
[2023-11-25T13:43:01.010+0000] {processor.py:829} INFO - Processing file /home/airflow/.local/lib/python3.8/site-packages/airflow/example_dags/example_setup_teardown.py for tasks to queue
[2023-11-25T13:43:01.012+0000] {logging_mixin.py:154} INFO - [2023-11-25T13:43:01.012+0000] {dagbag.py:536} INFO - Filling up the DagBag from /home/airflow/.local/lib/python3.8/site-packages/airflow/example_dags/example_setup_teardown.py
[2023-11-25T13:43:01.018+0000] {processor.py:839} INFO - DAG(s) dict_keys(['example_setup_teardown']) retrieved from /home/airflow/.local/lib/python3.8/site-packages/airflow/example_dags/example_setup_teardown.py
[2023-11-25T13:43:01.030+0000] {logging_mixin.py:154} INFO - [2023-11-25T13:43:01.030+0000] {dag.py:2941} INFO - Sync 1 DAGs
[2023-11-25T13:43:01.051+0000] {logging_mixin.py:154} INFO - [2023-11-25T13:43:01.050+0000] {dag.py:3722} INFO - Setting next_dagrun for example_setup_teardown to 2023-11-24T13:43:01.050618+00:00, run_after=2023-11-25T13:43:01.050618+00:00
[2023-11-25T13:43:01.065+0000] {processor.py:179} INFO - Processing /home/airflow/.local/lib/python3.8/site-packages/airflow/example_dags/example_setup_teardown.py took 0.059 seconds
[2023-11-25T13:43:31.295+0000] {processor.py:157} INFO - Started process (PID=259) to work on /home/airflow/.local/lib/python3.8/site-packages/airflow/example_dags/example_setup_teardown.py
[2023-11-25T13:43:31.295+0000] {processor.py:829} INFO - Processing file /home/airflow/.local/lib/python3.8/site-packages/airflow/example_dags/example_setup_teardown.py for tasks to queue
[2023-11-25T13:43:31.297+0000] {logging_mixin.py:154} INFO - [2023-11-25T13:43:31.297+0000] {dagbag.py:536} INFO - Filling up the DagBag from /home/airflow/.local/lib/python3.8/site-packages/airflow/example_dags/example_setup_teardown.py
[2023-11-25T13:43:31.303+0000] {processor.py:839} INFO - DAG(s) dict_keys(['example_setup_teardown']) retrieved from /home/airflow/.local/lib/python3.8/site-packages/airflow/example_dags/example_setup_teardown.py
[2023-11-25T13:43:31.324+0000] {logging_mixin.py:154} INFO - [2023-11-25T13:43:31.324+0000] {dag.py:2941} INFO - Sync 1 DAGs
[2023-11-25T13:43:31.345+0000] {logging_mixin.py:154} INFO - [2023-11-25T13:43:31.345+0000] {dag.py:3722} INFO - Setting next_dagrun for example_setup_teardown to 2023-11-24T13:43:31.345154+00:00, run_after=2023-11-25T13:43:31.345154+00:00
[2023-11-25T13:43:31.368+0000] {processor.py:179} INFO - Processing /home/airflow/.local/lib/python3.8/site-packages/airflow/example_dags/example_setup_teardown.py took 0.077 seconds
