[2023-11-25T13:39:26.877+0000] {processor.py:157} INFO - Started process (PID=37) to work on /home/airflow/.local/lib/python3.8/site-packages/airflow/example_dags/example_subdag_operator.py
[2023-11-25T13:39:26.877+0000] {processor.py:829} INFO - Processing file /home/airflow/.local/lib/python3.8/site-packages/airflow/example_dags/example_subdag_operator.py for tasks to queue
[2023-11-25T13:39:26.879+0000] {logging_mixin.py:154} INFO - [2023-11-25T13:39:26.879+0000] {dagbag.py:536} INFO - Filling up the DagBag from /home/airflow/.local/lib/python3.8/site-packages/airflow/example_dags/example_subdag_operator.py
[2023-11-25T13:39:26.908+0000] {processor.py:839} INFO - DAG(s) dict_keys(['example_subdag_operator.section-1', 'example_subdag_operator.section-2', 'example_subdag_operator']) retrieved from /home/airflow/.local/lib/python3.8/site-packages/airflow/example_dags/example_subdag_operator.py
[2023-11-25T13:39:26.912+0000] {logging_mixin.py:154} INFO - [2023-11-25T13:39:26.912+0000] {dag.py:2941} INFO - Sync 3 DAGs
[2023-11-25T13:39:26.947+0000] {logging_mixin.py:154} INFO - [2023-11-25T13:39:26.947+0000] {dag.py:3722} INFO - Setting next_dagrun for example_subdag_operator to 2022-01-01T00:00:00+00:00, run_after=2022-01-01T00:00:00+00:00
[2023-11-25T13:39:26.952+0000] {logging_mixin.py:154} INFO - [2023-11-25T13:39:26.952+0000] {dag.py:3722} INFO - Setting next_dagrun for example_subdag_operator.section-1 to None, run_after=None
[2023-11-25T13:39:26.953+0000] {logging_mixin.py:154} INFO - [2023-11-25T13:39:26.953+0000] {dag.py:3722} INFO - Setting next_dagrun for example_subdag_operator.section-2 to None, run_after=None
[2023-11-25T13:39:26.963+0000] {logging_mixin.py:154} INFO - [2023-11-25T13:39:26.963+0000] {dag.py:2941} INFO - Sync 2 DAGs
[2023-11-25T13:39:26.970+0000] {logging_mixin.py:154} INFO - [2023-11-25T13:39:26.970+0000] {dag.py:3722} INFO - Setting next_dagrun for example_subdag_operator.section-1 to None, run_after=None
[2023-11-25T13:39:26.970+0000] {logging_mixin.py:154} INFO - [2023-11-25T13:39:26.970+0000] {dag.py:3722} INFO - Setting next_dagrun for example_subdag_operator.section-2 to None, run_after=None
[2023-11-25T13:39:26.987+0000] {processor.py:179} INFO - Processing /home/airflow/.local/lib/python3.8/site-packages/airflow/example_dags/example_subdag_operator.py took 0.113 seconds
[2023-11-25T13:39:57.689+0000] {processor.py:157} INFO - Started process (PID=91) to work on /home/airflow/.local/lib/python3.8/site-packages/airflow/example_dags/example_subdag_operator.py
[2023-11-25T13:39:57.690+0000] {processor.py:829} INFO - Processing file /home/airflow/.local/lib/python3.8/site-packages/airflow/example_dags/example_subdag_operator.py for tasks to queue
[2023-11-25T13:39:57.692+0000] {logging_mixin.py:154} INFO - [2023-11-25T13:39:57.692+0000] {dagbag.py:536} INFO - Filling up the DagBag from /home/airflow/.local/lib/python3.8/site-packages/airflow/example_dags/example_subdag_operator.py
[2023-11-25T13:39:57.719+0000] {processor.py:839} INFO - DAG(s) dict_keys(['example_subdag_operator.section-1', 'example_subdag_operator.section-2', 'example_subdag_operator']) retrieved from /home/airflow/.local/lib/python3.8/site-packages/airflow/example_dags/example_subdag_operator.py
[2023-11-25T13:39:57.735+0000] {logging_mixin.py:154} INFO - [2023-11-25T13:39:57.735+0000] {dag.py:2941} INFO - Sync 3 DAGs
[2023-11-25T13:39:57.756+0000] {logging_mixin.py:154} INFO - [2023-11-25T13:39:57.756+0000] {dag.py:3722} INFO - Setting next_dagrun for example_subdag_operator to 2022-01-01T00:00:00+00:00, run_after=2022-01-01T00:00:00+00:00
[2023-11-25T13:39:57.759+0000] {logging_mixin.py:154} INFO - [2023-11-25T13:39:57.759+0000] {dag.py:3722} INFO - Setting next_dagrun for example_subdag_operator.section-1 to None, run_after=None
[2023-11-25T13:39:57.760+0000] {logging_mixin.py:154} INFO - [2023-11-25T13:39:57.760+0000] {dag.py:3722} INFO - Setting next_dagrun for example_subdag_operator.section-2 to None, run_after=None
[2023-11-25T13:39:57.768+0000] {logging_mixin.py:154} INFO - [2023-11-25T13:39:57.767+0000] {dag.py:2941} INFO - Sync 2 DAGs
[2023-11-25T13:39:57.773+0000] {logging_mixin.py:154} INFO - [2023-11-25T13:39:57.773+0000] {dag.py:3722} INFO - Setting next_dagrun for example_subdag_operator.section-1 to None, run_after=None
[2023-11-25T13:39:57.773+0000] {logging_mixin.py:154} INFO - [2023-11-25T13:39:57.773+0000] {dag.py:3722} INFO - Setting next_dagrun for example_subdag_operator.section-2 to None, run_after=None
[2023-11-25T13:39:57.782+0000] {processor.py:179} INFO - Processing /home/airflow/.local/lib/python3.8/site-packages/airflow/example_dags/example_subdag_operator.py took 0.096 seconds
[2023-11-25T13:40:28.372+0000] {processor.py:157} INFO - Started process (PID=145) to work on /home/airflow/.local/lib/python3.8/site-packages/airflow/example_dags/example_subdag_operator.py
[2023-11-25T13:40:28.373+0000] {processor.py:829} INFO - Processing file /home/airflow/.local/lib/python3.8/site-packages/airflow/example_dags/example_subdag_operator.py for tasks to queue
[2023-11-25T13:40:28.375+0000] {logging_mixin.py:154} INFO - [2023-11-25T13:40:28.375+0000] {dagbag.py:536} INFO - Filling up the DagBag from /home/airflow/.local/lib/python3.8/site-packages/airflow/example_dags/example_subdag_operator.py
[2023-11-25T13:40:28.403+0000] {processor.py:839} INFO - DAG(s) dict_keys(['example_subdag_operator.section-1', 'example_subdag_operator.section-2', 'example_subdag_operator']) retrieved from /home/airflow/.local/lib/python3.8/site-packages/airflow/example_dags/example_subdag_operator.py
[2023-11-25T13:40:28.420+0000] {logging_mixin.py:154} INFO - [2023-11-25T13:40:28.420+0000] {dag.py:2941} INFO - Sync 3 DAGs
[2023-11-25T13:40:28.442+0000] {logging_mixin.py:154} INFO - [2023-11-25T13:40:28.441+0000] {dag.py:3722} INFO - Setting next_dagrun for example_subdag_operator to 2022-01-01T00:00:00+00:00, run_after=2022-01-01T00:00:00+00:00
[2023-11-25T13:40:28.445+0000] {logging_mixin.py:154} INFO - [2023-11-25T13:40:28.445+0000] {dag.py:3722} INFO - Setting next_dagrun for example_subdag_operator.section-1 to None, run_after=None
[2023-11-25T13:40:28.446+0000] {logging_mixin.py:154} INFO - [2023-11-25T13:40:28.446+0000] {dag.py:3722} INFO - Setting next_dagrun for example_subdag_operator.section-2 to None, run_after=None
[2023-11-25T13:40:28.452+0000] {logging_mixin.py:154} INFO - [2023-11-25T13:40:28.452+0000] {dag.py:2941} INFO - Sync 2 DAGs
[2023-11-25T13:40:28.457+0000] {logging_mixin.py:154} INFO - [2023-11-25T13:40:28.457+0000] {dag.py:3722} INFO - Setting next_dagrun for example_subdag_operator.section-1 to None, run_after=None
[2023-11-25T13:40:28.457+0000] {logging_mixin.py:154} INFO - [2023-11-25T13:40:28.457+0000] {dag.py:3722} INFO - Setting next_dagrun for example_subdag_operator.section-2 to None, run_after=None
[2023-11-25T13:40:28.466+0000] {processor.py:179} INFO - Processing /home/airflow/.local/lib/python3.8/site-packages/airflow/example_dags/example_subdag_operator.py took 0.097 seconds
[2023-11-25T13:41:29.243+0000] {processor.py:157} INFO - Started process (PID=38) to work on /home/airflow/.local/lib/python3.8/site-packages/airflow/example_dags/example_subdag_operator.py
[2023-11-25T13:41:29.244+0000] {processor.py:829} INFO - Processing file /home/airflow/.local/lib/python3.8/site-packages/airflow/example_dags/example_subdag_operator.py for tasks to queue
[2023-11-25T13:41:29.246+0000] {logging_mixin.py:154} INFO - [2023-11-25T13:41:29.246+0000] {dagbag.py:536} INFO - Filling up the DagBag from /home/airflow/.local/lib/python3.8/site-packages/airflow/example_dags/example_subdag_operator.py
[2023-11-25T13:41:29.270+0000] {processor.py:839} INFO - DAG(s) dict_keys(['example_subdag_operator.section-1', 'example_subdag_operator.section-2', 'example_subdag_operator']) retrieved from /home/airflow/.local/lib/python3.8/site-packages/airflow/example_dags/example_subdag_operator.py
[2023-11-25T13:41:29.272+0000] {logging_mixin.py:154} INFO - [2023-11-25T13:41:29.272+0000] {dag.py:2941} INFO - Sync 3 DAGs
[2023-11-25T13:41:29.295+0000] {logging_mixin.py:154} INFO - [2023-11-25T13:41:29.295+0000] {dag.py:3722} INFO - Setting next_dagrun for example_subdag_operator to 2022-01-01T00:00:00+00:00, run_after=2022-01-01T00:00:00+00:00
[2023-11-25T13:41:29.299+0000] {logging_mixin.py:154} INFO - [2023-11-25T13:41:29.298+0000] {dag.py:3722} INFO - Setting next_dagrun for example_subdag_operator.section-1 to None, run_after=None
[2023-11-25T13:41:29.300+0000] {logging_mixin.py:154} INFO - [2023-11-25T13:41:29.300+0000] {dag.py:3722} INFO - Setting next_dagrun for example_subdag_operator.section-2 to None, run_after=None
[2023-11-25T13:41:29.306+0000] {logging_mixin.py:154} INFO - [2023-11-25T13:41:29.306+0000] {dag.py:2941} INFO - Sync 2 DAGs
[2023-11-25T13:41:29.311+0000] {logging_mixin.py:154} INFO - [2023-11-25T13:41:29.311+0000] {dag.py:3722} INFO - Setting next_dagrun for example_subdag_operator.section-1 to None, run_after=None
[2023-11-25T13:41:29.312+0000] {logging_mixin.py:154} INFO - [2023-11-25T13:41:29.312+0000] {dag.py:3722} INFO - Setting next_dagrun for example_subdag_operator.section-2 to None, run_after=None
[2023-11-25T13:41:29.323+0000] {processor.py:179} INFO - Processing /home/airflow/.local/lib/python3.8/site-packages/airflow/example_dags/example_subdag_operator.py took 0.084 seconds
[2023-11-25T13:41:59.993+0000] {processor.py:157} INFO - Started process (PID=91) to work on /home/airflow/.local/lib/python3.8/site-packages/airflow/example_dags/example_subdag_operator.py
[2023-11-25T13:41:59.994+0000] {processor.py:829} INFO - Processing file /home/airflow/.local/lib/python3.8/site-packages/airflow/example_dags/example_subdag_operator.py for tasks to queue
[2023-11-25T13:41:59.996+0000] {logging_mixin.py:154} INFO - [2023-11-25T13:41:59.996+0000] {dagbag.py:536} INFO - Filling up the DagBag from /home/airflow/.local/lib/python3.8/site-packages/airflow/example_dags/example_subdag_operator.py
[2023-11-25T13:42:00.022+0000] {processor.py:839} INFO - DAG(s) dict_keys(['example_subdag_operator.section-1', 'example_subdag_operator.section-2', 'example_subdag_operator']) retrieved from /home/airflow/.local/lib/python3.8/site-packages/airflow/example_dags/example_subdag_operator.py
[2023-11-25T13:42:00.038+0000] {logging_mixin.py:154} INFO - [2023-11-25T13:42:00.038+0000] {dag.py:2941} INFO - Sync 3 DAGs
[2023-11-25T13:42:00.059+0000] {logging_mixin.py:154} INFO - [2023-11-25T13:42:00.058+0000] {dag.py:3722} INFO - Setting next_dagrun for example_subdag_operator to 2022-01-01T00:00:00+00:00, run_after=2022-01-01T00:00:00+00:00
[2023-11-25T13:42:00.062+0000] {logging_mixin.py:154} INFO - [2023-11-25T13:42:00.062+0000] {dag.py:3722} INFO - Setting next_dagrun for example_subdag_operator.section-1 to None, run_after=None
[2023-11-25T13:42:00.063+0000] {logging_mixin.py:154} INFO - [2023-11-25T13:42:00.063+0000] {dag.py:3722} INFO - Setting next_dagrun for example_subdag_operator.section-2 to None, run_after=None
[2023-11-25T13:42:00.070+0000] {logging_mixin.py:154} INFO - [2023-11-25T13:42:00.070+0000] {dag.py:2941} INFO - Sync 2 DAGs
[2023-11-25T13:42:00.075+0000] {logging_mixin.py:154} INFO - [2023-11-25T13:42:00.075+0000] {dag.py:3722} INFO - Setting next_dagrun for example_subdag_operator.section-1 to None, run_after=None
[2023-11-25T13:42:00.075+0000] {logging_mixin.py:154} INFO - [2023-11-25T13:42:00.075+0000] {dag.py:3722} INFO - Setting next_dagrun for example_subdag_operator.section-2 to None, run_after=None
[2023-11-25T13:42:00.084+0000] {processor.py:179} INFO - Processing /home/airflow/.local/lib/python3.8/site-packages/airflow/example_dags/example_subdag_operator.py took 0.095 seconds
[2023-11-25T13:42:30.540+0000] {processor.py:157} INFO - Started process (PID=145) to work on /home/airflow/.local/lib/python3.8/site-packages/airflow/example_dags/example_subdag_operator.py
[2023-11-25T13:42:30.540+0000] {processor.py:829} INFO - Processing file /home/airflow/.local/lib/python3.8/site-packages/airflow/example_dags/example_subdag_operator.py for tasks to queue
[2023-11-25T13:42:30.542+0000] {logging_mixin.py:154} INFO - [2023-11-25T13:42:30.542+0000] {dagbag.py:536} INFO - Filling up the DagBag from /home/airflow/.local/lib/python3.8/site-packages/airflow/example_dags/example_subdag_operator.py
[2023-11-25T13:42:30.571+0000] {processor.py:839} INFO - DAG(s) dict_keys(['example_subdag_operator.section-1', 'example_subdag_operator.section-2', 'example_subdag_operator']) retrieved from /home/airflow/.local/lib/python3.8/site-packages/airflow/example_dags/example_subdag_operator.py
[2023-11-25T13:42:30.587+0000] {logging_mixin.py:154} INFO - [2023-11-25T13:42:30.587+0000] {dag.py:2941} INFO - Sync 3 DAGs
[2023-11-25T13:42:30.608+0000] {logging_mixin.py:154} INFO - [2023-11-25T13:42:30.607+0000] {dag.py:3722} INFO - Setting next_dagrun for example_subdag_operator to 2022-01-01T00:00:00+00:00, run_after=2022-01-01T00:00:00+00:00
[2023-11-25T13:42:30.611+0000] {logging_mixin.py:154} INFO - [2023-11-25T13:42:30.610+0000] {dag.py:3722} INFO - Setting next_dagrun for example_subdag_operator.section-1 to None, run_after=None
[2023-11-25T13:42:30.612+0000] {logging_mixin.py:154} INFO - [2023-11-25T13:42:30.611+0000] {dag.py:3722} INFO - Setting next_dagrun for example_subdag_operator.section-2 to None, run_after=None
[2023-11-25T13:42:30.618+0000] {logging_mixin.py:154} INFO - [2023-11-25T13:42:30.617+0000] {dag.py:2941} INFO - Sync 2 DAGs
[2023-11-25T13:42:30.622+0000] {logging_mixin.py:154} INFO - [2023-11-25T13:42:30.622+0000] {dag.py:3722} INFO - Setting next_dagrun for example_subdag_operator.section-1 to None, run_after=None
[2023-11-25T13:42:30.623+0000] {logging_mixin.py:154} INFO - [2023-11-25T13:42:30.622+0000] {dag.py:3722} INFO - Setting next_dagrun for example_subdag_operator.section-2 to None, run_after=None
[2023-11-25T13:42:30.633+0000] {processor.py:179} INFO - Processing /home/airflow/.local/lib/python3.8/site-packages/airflow/example_dags/example_subdag_operator.py took 0.097 seconds
[2023-11-25T13:43:00.677+0000] {processor.py:157} INFO - Started process (PID=199) to work on /home/airflow/.local/lib/python3.8/site-packages/airflow/example_dags/example_subdag_operator.py
[2023-11-25T13:43:00.678+0000] {processor.py:829} INFO - Processing file /home/airflow/.local/lib/python3.8/site-packages/airflow/example_dags/example_subdag_operator.py for tasks to queue
[2023-11-25T13:43:00.680+0000] {logging_mixin.py:154} INFO - [2023-11-25T13:43:00.680+0000] {dagbag.py:536} INFO - Filling up the DagBag from /home/airflow/.local/lib/python3.8/site-packages/airflow/example_dags/example_subdag_operator.py
[2023-11-25T13:43:00.704+0000] {processor.py:839} INFO - DAG(s) dict_keys(['example_subdag_operator.section-1', 'example_subdag_operator.section-2', 'example_subdag_operator']) retrieved from /home/airflow/.local/lib/python3.8/site-packages/airflow/example_dags/example_subdag_operator.py
[2023-11-25T13:43:00.707+0000] {logging_mixin.py:154} INFO - [2023-11-25T13:43:00.707+0000] {dag.py:2941} INFO - Sync 3 DAGs
[2023-11-25T13:43:00.733+0000] {logging_mixin.py:154} INFO - [2023-11-25T13:43:00.732+0000] {dag.py:3722} INFO - Setting next_dagrun for example_subdag_operator to 2022-01-01T00:00:00+00:00, run_after=2022-01-01T00:00:00+00:00
[2023-11-25T13:43:00.736+0000] {logging_mixin.py:154} INFO - [2023-11-25T13:43:00.736+0000] {dag.py:3722} INFO - Setting next_dagrun for example_subdag_operator.section-1 to None, run_after=None
[2023-11-25T13:43:00.737+0000] {logging_mixin.py:154} INFO - [2023-11-25T13:43:00.737+0000] {dag.py:3722} INFO - Setting next_dagrun for example_subdag_operator.section-2 to None, run_after=None
[2023-11-25T13:43:00.744+0000] {logging_mixin.py:154} INFO - [2023-11-25T13:43:00.744+0000] {dag.py:2941} INFO - Sync 2 DAGs
[2023-11-25T13:43:00.749+0000] {logging_mixin.py:154} INFO - [2023-11-25T13:43:00.749+0000] {dag.py:3722} INFO - Setting next_dagrun for example_subdag_operator.section-1 to None, run_after=None
[2023-11-25T13:43:00.749+0000] {logging_mixin.py:154} INFO - [2023-11-25T13:43:00.749+0000] {dag.py:3722} INFO - Setting next_dagrun for example_subdag_operator.section-2 to None, run_after=None
[2023-11-25T13:43:00.758+0000] {processor.py:179} INFO - Processing /home/airflow/.local/lib/python3.8/site-packages/airflow/example_dags/example_subdag_operator.py took 0.084 seconds
[2023-11-25T13:43:30.990+0000] {processor.py:157} INFO - Started process (PID=253) to work on /home/airflow/.local/lib/python3.8/site-packages/airflow/example_dags/example_subdag_operator.py
[2023-11-25T13:43:30.991+0000] {processor.py:829} INFO - Processing file /home/airflow/.local/lib/python3.8/site-packages/airflow/example_dags/example_subdag_operator.py for tasks to queue
[2023-11-25T13:43:30.993+0000] {logging_mixin.py:154} INFO - [2023-11-25T13:43:30.993+0000] {dagbag.py:536} INFO - Filling up the DagBag from /home/airflow/.local/lib/python3.8/site-packages/airflow/example_dags/example_subdag_operator.py
[2023-11-25T13:43:31.019+0000] {processor.py:839} INFO - DAG(s) dict_keys(['example_subdag_operator.section-1', 'example_subdag_operator.section-2', 'example_subdag_operator']) retrieved from /home/airflow/.local/lib/python3.8/site-packages/airflow/example_dags/example_subdag_operator.py
[2023-11-25T13:43:31.035+0000] {logging_mixin.py:154} INFO - [2023-11-25T13:43:31.035+0000] {dag.py:2941} INFO - Sync 3 DAGs
[2023-11-25T13:43:31.057+0000] {logging_mixin.py:154} INFO - [2023-11-25T13:43:31.056+0000] {dag.py:3722} INFO - Setting next_dagrun for example_subdag_operator to 2022-01-01T00:00:00+00:00, run_after=2022-01-01T00:00:00+00:00
[2023-11-25T13:43:31.060+0000] {logging_mixin.py:154} INFO - [2023-11-25T13:43:31.060+0000] {dag.py:3722} INFO - Setting next_dagrun for example_subdag_operator.section-1 to None, run_after=None
[2023-11-25T13:43:31.061+0000] {logging_mixin.py:154} INFO - [2023-11-25T13:43:31.061+0000] {dag.py:3722} INFO - Setting next_dagrun for example_subdag_operator.section-2 to None, run_after=None
[2023-11-25T13:43:31.067+0000] {logging_mixin.py:154} INFO - [2023-11-25T13:43:31.067+0000] {dag.py:2941} INFO - Sync 2 DAGs
[2023-11-25T13:43:31.071+0000] {logging_mixin.py:154} INFO - [2023-11-25T13:43:31.071+0000] {dag.py:3722} INFO - Setting next_dagrun for example_subdag_operator.section-1 to None, run_after=None
[2023-11-25T13:43:31.072+0000] {logging_mixin.py:154} INFO - [2023-11-25T13:43:31.071+0000] {dag.py:3722} INFO - Setting next_dagrun for example_subdag_operator.section-2 to None, run_after=None
[2023-11-25T13:43:31.081+0000] {processor.py:179} INFO - Processing /home/airflow/.local/lib/python3.8/site-packages/airflow/example_dags/example_subdag_operator.py took 0.093 seconds
