[2023-11-25T13:39:28.952+0000] {processor.py:157} INFO - Started process (PID=69) to work on /home/airflow/.local/lib/python3.8/site-packages/airflow/example_dags/example_short_circuit_operator.py
[2023-11-25T13:39:28.953+0000] {processor.py:829} INFO - Processing file /home/airflow/.local/lib/python3.8/site-packages/airflow/example_dags/example_short_circuit_operator.py for tasks to queue
[2023-11-25T13:39:28.955+0000] {logging_mixin.py:154} INFO - [2023-11-25T13:39:28.954+0000] {dagbag.py:536} INFO - Filling up the DagBag from /home/airflow/.local/lib/python3.8/site-packages/airflow/example_dags/example_short_circuit_operator.py
[2023-11-25T13:39:28.963+0000] {processor.py:839} INFO - DAG(s) dict_keys(['example_short_circuit_operator']) retrieved from /home/airflow/.local/lib/python3.8/site-packages/airflow/example_dags/example_short_circuit_operator.py
[2023-11-25T13:39:28.977+0000] {logging_mixin.py:154} INFO - [2023-11-25T13:39:28.977+0000] {dag.py:2941} INFO - Sync 1 DAGs
[2023-11-25T13:39:29.003+0000] {logging_mixin.py:154} INFO - [2023-11-25T13:39:29.003+0000] {dag.py:3722} INFO - Setting next_dagrun for example_short_circuit_operator to 2023-11-24T13:39:29.002974+00:00, run_after=2023-11-25T13:39:29.002974+00:00
[2023-11-25T13:39:29.027+0000] {processor.py:179} INFO - Processing /home/airflow/.local/lib/python3.8/site-packages/airflow/example_dags/example_short_circuit_operator.py took 0.078 seconds
[2023-11-25T13:39:59.566+0000] {processor.py:157} INFO - Started process (PID=123) to work on /home/airflow/.local/lib/python3.8/site-packages/airflow/example_dags/example_short_circuit_operator.py
[2023-11-25T13:39:59.567+0000] {processor.py:829} INFO - Processing file /home/airflow/.local/lib/python3.8/site-packages/airflow/example_dags/example_short_circuit_operator.py for tasks to queue
[2023-11-25T13:39:59.570+0000] {logging_mixin.py:154} INFO - [2023-11-25T13:39:59.570+0000] {dagbag.py:536} INFO - Filling up the DagBag from /home/airflow/.local/lib/python3.8/site-packages/airflow/example_dags/example_short_circuit_operator.py
[2023-11-25T13:39:59.578+0000] {processor.py:839} INFO - DAG(s) dict_keys(['example_short_circuit_operator']) retrieved from /home/airflow/.local/lib/python3.8/site-packages/airflow/example_dags/example_short_circuit_operator.py
[2023-11-25T13:39:59.604+0000] {logging_mixin.py:154} INFO - [2023-11-25T13:39:59.603+0000] {dag.py:2941} INFO - Sync 1 DAGs
[2023-11-25T13:39:59.626+0000] {logging_mixin.py:154} INFO - [2023-11-25T13:39:59.625+0000] {dag.py:3722} INFO - Setting next_dagrun for example_short_circuit_operator to 2023-11-24T13:39:59.625683+00:00, run_after=2023-11-25T13:39:59.625683+00:00
[2023-11-25T13:39:59.642+0000] {processor.py:179} INFO - Processing /home/airflow/.local/lib/python3.8/site-packages/airflow/example_dags/example_short_circuit_operator.py took 0.079 seconds
[2023-11-25T13:40:30.060+0000] {processor.py:157} INFO - Started process (PID=177) to work on /home/airflow/.local/lib/python3.8/site-packages/airflow/example_dags/example_short_circuit_operator.py
[2023-11-25T13:40:30.060+0000] {processor.py:829} INFO - Processing file /home/airflow/.local/lib/python3.8/site-packages/airflow/example_dags/example_short_circuit_operator.py for tasks to queue
[2023-11-25T13:40:30.063+0000] {logging_mixin.py:154} INFO - [2023-11-25T13:40:30.063+0000] {dagbag.py:536} INFO - Filling up the DagBag from /home/airflow/.local/lib/python3.8/site-packages/airflow/example_dags/example_short_circuit_operator.py
[2023-11-25T13:40:30.071+0000] {processor.py:839} INFO - DAG(s) dict_keys(['example_short_circuit_operator']) retrieved from /home/airflow/.local/lib/python3.8/site-packages/airflow/example_dags/example_short_circuit_operator.py
[2023-11-25T13:40:30.097+0000] {logging_mixin.py:154} INFO - [2023-11-25T13:40:30.097+0000] {dag.py:2941} INFO - Sync 1 DAGs
[2023-11-25T13:40:30.121+0000] {logging_mixin.py:154} INFO - [2023-11-25T13:40:30.121+0000] {dag.py:3722} INFO - Setting next_dagrun for example_short_circuit_operator to 2023-11-24T13:40:30.121479+00:00, run_after=2023-11-25T13:40:30.121479+00:00
[2023-11-25T13:40:30.139+0000] {processor.py:179} INFO - Processing /home/airflow/.local/lib/python3.8/site-packages/airflow/example_dags/example_short_circuit_operator.py took 0.083 seconds
[2023-11-25T13:41:31.105+0000] {processor.py:157} INFO - Started process (PID=70) to work on /home/airflow/.local/lib/python3.8/site-packages/airflow/example_dags/example_short_circuit_operator.py
[2023-11-25T13:41:31.105+0000] {processor.py:829} INFO - Processing file /home/airflow/.local/lib/python3.8/site-packages/airflow/example_dags/example_short_circuit_operator.py for tasks to queue
[2023-11-25T13:41:31.107+0000] {logging_mixin.py:154} INFO - [2023-11-25T13:41:31.107+0000] {dagbag.py:536} INFO - Filling up the DagBag from /home/airflow/.local/lib/python3.8/site-packages/airflow/example_dags/example_short_circuit_operator.py
[2023-11-25T13:41:31.116+0000] {processor.py:839} INFO - DAG(s) dict_keys(['example_short_circuit_operator']) retrieved from /home/airflow/.local/lib/python3.8/site-packages/airflow/example_dags/example_short_circuit_operator.py
[2023-11-25T13:41:31.132+0000] {logging_mixin.py:154} INFO - [2023-11-25T13:41:31.132+0000] {dag.py:2941} INFO - Sync 1 DAGs
[2023-11-25T13:41:31.168+0000] {logging_mixin.py:154} INFO - [2023-11-25T13:41:31.167+0000] {dag.py:3722} INFO - Setting next_dagrun for example_short_circuit_operator to 2023-11-24T13:41:31.167543+00:00, run_after=2023-11-25T13:41:31.167543+00:00
[2023-11-25T13:41:31.195+0000] {processor.py:179} INFO - Processing /home/airflow/.local/lib/python3.8/site-packages/airflow/example_dags/example_short_circuit_operator.py took 0.094 seconds
[2023-11-25T13:42:01.817+0000] {processor.py:157} INFO - Started process (PID=123) to work on /home/airflow/.local/lib/python3.8/site-packages/airflow/example_dags/example_short_circuit_operator.py
[2023-11-25T13:42:01.818+0000] {processor.py:829} INFO - Processing file /home/airflow/.local/lib/python3.8/site-packages/airflow/example_dags/example_short_circuit_operator.py for tasks to queue
[2023-11-25T13:42:01.820+0000] {logging_mixin.py:154} INFO - [2023-11-25T13:42:01.820+0000] {dagbag.py:536} INFO - Filling up the DagBag from /home/airflow/.local/lib/python3.8/site-packages/airflow/example_dags/example_short_circuit_operator.py
[2023-11-25T13:42:01.828+0000] {processor.py:839} INFO - DAG(s) dict_keys(['example_short_circuit_operator']) retrieved from /home/airflow/.local/lib/python3.8/site-packages/airflow/example_dags/example_short_circuit_operator.py
[2023-11-25T13:42:01.853+0000] {logging_mixin.py:154} INFO - [2023-11-25T13:42:01.852+0000] {dag.py:2941} INFO - Sync 1 DAGs
[2023-11-25T13:42:01.876+0000] {logging_mixin.py:154} INFO - [2023-11-25T13:42:01.875+0000] {dag.py:3722} INFO - Setting next_dagrun for example_short_circuit_operator to 2023-11-24T13:42:01.875634+00:00, run_after=2023-11-25T13:42:01.875634+00:00
[2023-11-25T13:42:01.894+0000] {processor.py:179} INFO - Processing /home/airflow/.local/lib/python3.8/site-packages/airflow/example_dags/example_short_circuit_operator.py took 0.080 seconds
[2023-11-25T13:42:32.566+0000] {processor.py:157} INFO - Started process (PID=177) to work on /home/airflow/.local/lib/python3.8/site-packages/airflow/example_dags/example_short_circuit_operator.py
[2023-11-25T13:42:32.567+0000] {processor.py:829} INFO - Processing file /home/airflow/.local/lib/python3.8/site-packages/airflow/example_dags/example_short_circuit_operator.py for tasks to queue
[2023-11-25T13:42:32.569+0000] {logging_mixin.py:154} INFO - [2023-11-25T13:42:32.568+0000] {dagbag.py:536} INFO - Filling up the DagBag from /home/airflow/.local/lib/python3.8/site-packages/airflow/example_dags/example_short_circuit_operator.py
[2023-11-25T13:42:32.576+0000] {processor.py:839} INFO - DAG(s) dict_keys(['example_short_circuit_operator']) retrieved from /home/airflow/.local/lib/python3.8/site-packages/airflow/example_dags/example_short_circuit_operator.py
[2023-11-25T13:42:32.599+0000] {logging_mixin.py:154} INFO - [2023-11-25T13:42:32.598+0000] {dag.py:2941} INFO - Sync 1 DAGs
[2023-11-25T13:42:32.622+0000] {logging_mixin.py:154} INFO - [2023-11-25T13:42:32.622+0000] {dag.py:3722} INFO - Setting next_dagrun for example_short_circuit_operator to 2023-11-24T13:42:32.622178+00:00, run_after=2023-11-25T13:42:32.622178+00:00
[2023-11-25T13:42:32.640+0000] {processor.py:179} INFO - Processing /home/airflow/.local/lib/python3.8/site-packages/airflow/example_dags/example_short_circuit_operator.py took 0.077 seconds
[2023-11-25T13:43:03.267+0000] {processor.py:157} INFO - Started process (PID=231) to work on /home/airflow/.local/lib/python3.8/site-packages/airflow/example_dags/example_short_circuit_operator.py
[2023-11-25T13:43:03.268+0000] {processor.py:829} INFO - Processing file /home/airflow/.local/lib/python3.8/site-packages/airflow/example_dags/example_short_circuit_operator.py for tasks to queue
[2023-11-25T13:43:03.270+0000] {logging_mixin.py:154} INFO - [2023-11-25T13:43:03.270+0000] {dagbag.py:536} INFO - Filling up the DagBag from /home/airflow/.local/lib/python3.8/site-packages/airflow/example_dags/example_short_circuit_operator.py
[2023-11-25T13:43:03.277+0000] {processor.py:839} INFO - DAG(s) dict_keys(['example_short_circuit_operator']) retrieved from /home/airflow/.local/lib/python3.8/site-packages/airflow/example_dags/example_short_circuit_operator.py
[2023-11-25T13:43:03.289+0000] {logging_mixin.py:154} INFO - [2023-11-25T13:43:03.288+0000] {dag.py:2941} INFO - Sync 1 DAGs
[2023-11-25T13:43:03.311+0000] {logging_mixin.py:154} INFO - [2023-11-25T13:43:03.311+0000] {dag.py:3722} INFO - Setting next_dagrun for example_short_circuit_operator to 2023-11-24T13:43:03.310777+00:00, run_after=2023-11-25T13:43:03.310777+00:00
[2023-11-25T13:43:03.326+0000] {processor.py:179} INFO - Processing /home/airflow/.local/lib/python3.8/site-packages/airflow/example_dags/example_short_circuit_operator.py took 0.062 seconds
[2023-11-25T13:43:33.898+0000] {processor.py:157} INFO - Started process (PID=285) to work on /home/airflow/.local/lib/python3.8/site-packages/airflow/example_dags/example_short_circuit_operator.py
[2023-11-25T13:43:33.899+0000] {processor.py:829} INFO - Processing file /home/airflow/.local/lib/python3.8/site-packages/airflow/example_dags/example_short_circuit_operator.py for tasks to queue
[2023-11-25T13:43:33.902+0000] {logging_mixin.py:154} INFO - [2023-11-25T13:43:33.902+0000] {dagbag.py:536} INFO - Filling up the DagBag from /home/airflow/.local/lib/python3.8/site-packages/airflow/example_dags/example_short_circuit_operator.py
[2023-11-25T13:43:33.910+0000] {processor.py:839} INFO - DAG(s) dict_keys(['example_short_circuit_operator']) retrieved from /home/airflow/.local/lib/python3.8/site-packages/airflow/example_dags/example_short_circuit_operator.py
[2023-11-25T13:43:33.934+0000] {logging_mixin.py:154} INFO - [2023-11-25T13:43:33.934+0000] {dag.py:2941} INFO - Sync 1 DAGs
[2023-11-25T13:43:33.956+0000] {logging_mixin.py:154} INFO - [2023-11-25T13:43:33.956+0000] {dag.py:3722} INFO - Setting next_dagrun for example_short_circuit_operator to 2023-11-24T13:43:33.956297+00:00, run_after=2023-11-25T13:43:33.956297+00:00
[2023-11-25T13:43:33.974+0000] {processor.py:179} INFO - Processing /home/airflow/.local/lib/python3.8/site-packages/airflow/example_dags/example_short_circuit_operator.py took 0.079 seconds
