[2023-11-25T13:39:28.687+0000] {processor.py:157} INFO - Started process (PID=65) to work on /home/airflow/.local/lib/python3.8/site-packages/airflow/example_dags/example_branch_labels.py
[2023-11-25T13:39:28.688+0000] {processor.py:829} INFO - Processing file /home/airflow/.local/lib/python3.8/site-packages/airflow/example_dags/example_branch_labels.py for tasks to queue
[2023-11-25T13:39:28.690+0000] {logging_mixin.py:154} INFO - [2023-11-25T13:39:28.690+0000] {dagbag.py:536} INFO - Filling up the DagBag from /home/airflow/.local/lib/python3.8/site-packages/airflow/example_dags/example_branch_labels.py
[2023-11-25T13:39:28.699+0000] {processor.py:839} INFO - DAG(s) dict_keys(['example_branch_labels']) retrieved from /home/airflow/.local/lib/python3.8/site-packages/airflow/example_dags/example_branch_labels.py
[2023-11-25T13:39:28.712+0000] {logging_mixin.py:154} INFO - [2023-11-25T13:39:28.711+0000] {dag.py:2941} INFO - Sync 1 DAGs
[2023-11-25T13:39:28.739+0000] {logging_mixin.py:154} INFO - [2023-11-25T13:39:28.739+0000] {dag.py:3722} INFO - Setting next_dagrun for example_branch_labels to 2023-11-24T00:00:00+00:00, run_after=2023-11-25T00:00:00+00:00
[2023-11-25T13:39:28.759+0000] {processor.py:179} INFO - Processing /home/airflow/.local/lib/python3.8/site-packages/airflow/example_dags/example_branch_labels.py took 0.076 seconds
[2023-11-25T13:39:59.223+0000] {processor.py:157} INFO - Started process (PID=119) to work on /home/airflow/.local/lib/python3.8/site-packages/airflow/example_dags/example_branch_labels.py
[2023-11-25T13:39:59.224+0000] {processor.py:829} INFO - Processing file /home/airflow/.local/lib/python3.8/site-packages/airflow/example_dags/example_branch_labels.py for tasks to queue
[2023-11-25T13:39:59.226+0000] {logging_mixin.py:154} INFO - [2023-11-25T13:39:59.225+0000] {dagbag.py:536} INFO - Filling up the DagBag from /home/airflow/.local/lib/python3.8/site-packages/airflow/example_dags/example_branch_labels.py
[2023-11-25T13:39:59.233+0000] {processor.py:839} INFO - DAG(s) dict_keys(['example_branch_labels']) retrieved from /home/airflow/.local/lib/python3.8/site-packages/airflow/example_dags/example_branch_labels.py
[2023-11-25T13:39:59.254+0000] {logging_mixin.py:154} INFO - [2023-11-25T13:39:59.254+0000] {dag.py:2941} INFO - Sync 1 DAGs
[2023-11-25T13:39:59.278+0000] {logging_mixin.py:154} INFO - [2023-11-25T13:39:59.278+0000] {dag.py:3722} INFO - Setting next_dagrun for example_branch_labels to 2023-11-24T00:00:00+00:00, run_after=2023-11-25T00:00:00+00:00
[2023-11-25T13:39:59.293+0000] {processor.py:179} INFO - Processing /home/airflow/.local/lib/python3.8/site-packages/airflow/example_dags/example_branch_labels.py took 0.074 seconds
[2023-11-25T13:40:29.766+0000] {processor.py:157} INFO - Started process (PID=173) to work on /home/airflow/.local/lib/python3.8/site-packages/airflow/example_dags/example_branch_labels.py
[2023-11-25T13:40:29.766+0000] {processor.py:829} INFO - Processing file /home/airflow/.local/lib/python3.8/site-packages/airflow/example_dags/example_branch_labels.py for tasks to queue
[2023-11-25T13:40:29.768+0000] {logging_mixin.py:154} INFO - [2023-11-25T13:40:29.768+0000] {dagbag.py:536} INFO - Filling up the DagBag from /home/airflow/.local/lib/python3.8/site-packages/airflow/example_dags/example_branch_labels.py
[2023-11-25T13:40:29.776+0000] {processor.py:839} INFO - DAG(s) dict_keys(['example_branch_labels']) retrieved from /home/airflow/.local/lib/python3.8/site-packages/airflow/example_dags/example_branch_labels.py
[2023-11-25T13:40:29.796+0000] {logging_mixin.py:154} INFO - [2023-11-25T13:40:29.796+0000] {dag.py:2941} INFO - Sync 1 DAGs
[2023-11-25T13:40:29.821+0000] {logging_mixin.py:154} INFO - [2023-11-25T13:40:29.821+0000] {dag.py:3722} INFO - Setting next_dagrun for example_branch_labels to 2023-11-24T00:00:00+00:00, run_after=2023-11-25T00:00:00+00:00
[2023-11-25T13:40:29.838+0000] {processor.py:179} INFO - Processing /home/airflow/.local/lib/python3.8/site-packages/airflow/example_dags/example_branch_labels.py took 0.076 seconds
[2023-11-25T13:41:30.833+0000] {processor.py:157} INFO - Started process (PID=66) to work on /home/airflow/.local/lib/python3.8/site-packages/airflow/example_dags/example_branch_labels.py
[2023-11-25T13:41:30.834+0000] {processor.py:829} INFO - Processing file /home/airflow/.local/lib/python3.8/site-packages/airflow/example_dags/example_branch_labels.py for tasks to queue
[2023-11-25T13:41:30.836+0000] {logging_mixin.py:154} INFO - [2023-11-25T13:41:30.836+0000] {dagbag.py:536} INFO - Filling up the DagBag from /home/airflow/.local/lib/python3.8/site-packages/airflow/example_dags/example_branch_labels.py
[2023-11-25T13:41:30.845+0000] {processor.py:839} INFO - DAG(s) dict_keys(['example_branch_labels']) retrieved from /home/airflow/.local/lib/python3.8/site-packages/airflow/example_dags/example_branch_labels.py
[2023-11-25T13:41:30.859+0000] {logging_mixin.py:154} INFO - [2023-11-25T13:41:30.859+0000] {dag.py:2941} INFO - Sync 1 DAGs
[2023-11-25T13:41:30.887+0000] {logging_mixin.py:154} INFO - [2023-11-25T13:41:30.887+0000] {dag.py:3722} INFO - Setting next_dagrun for example_branch_labels to 2023-11-24T00:00:00+00:00, run_after=2023-11-25T00:00:00+00:00
[2023-11-25T13:41:30.908+0000] {processor.py:179} INFO - Processing /home/airflow/.local/lib/python3.8/site-packages/airflow/example_dags/example_branch_labels.py took 0.078 seconds
[2023-11-25T13:42:01.475+0000] {processor.py:157} INFO - Started process (PID=119) to work on /home/airflow/.local/lib/python3.8/site-packages/airflow/example_dags/example_branch_labels.py
[2023-11-25T13:42:01.475+0000] {processor.py:829} INFO - Processing file /home/airflow/.local/lib/python3.8/site-packages/airflow/example_dags/example_branch_labels.py for tasks to queue
[2023-11-25T13:42:01.477+0000] {logging_mixin.py:154} INFO - [2023-11-25T13:42:01.477+0000] {dagbag.py:536} INFO - Filling up the DagBag from /home/airflow/.local/lib/python3.8/site-packages/airflow/example_dags/example_branch_labels.py
[2023-11-25T13:42:01.485+0000] {processor.py:839} INFO - DAG(s) dict_keys(['example_branch_labels']) retrieved from /home/airflow/.local/lib/python3.8/site-packages/airflow/example_dags/example_branch_labels.py
[2023-11-25T13:42:01.505+0000] {logging_mixin.py:154} INFO - [2023-11-25T13:42:01.505+0000] {dag.py:2941} INFO - Sync 1 DAGs
[2023-11-25T13:42:01.529+0000] {logging_mixin.py:154} INFO - [2023-11-25T13:42:01.529+0000] {dag.py:3722} INFO - Setting next_dagrun for example_branch_labels to 2023-11-24T00:00:00+00:00, run_after=2023-11-25T00:00:00+00:00
[2023-11-25T13:42:01.545+0000] {processor.py:179} INFO - Processing /home/airflow/.local/lib/python3.8/site-packages/airflow/example_dags/example_branch_labels.py took 0.074 seconds
[2023-11-25T13:42:32.102+0000] {processor.py:157} INFO - Started process (PID=172) to work on /home/airflow/.local/lib/python3.8/site-packages/airflow/example_dags/example_branch_labels.py
[2023-11-25T13:42:32.103+0000] {processor.py:829} INFO - Processing file /home/airflow/.local/lib/python3.8/site-packages/airflow/example_dags/example_branch_labels.py for tasks to queue
[2023-11-25T13:42:32.105+0000] {logging_mixin.py:154} INFO - [2023-11-25T13:42:32.104+0000] {dagbag.py:536} INFO - Filling up the DagBag from /home/airflow/.local/lib/python3.8/site-packages/airflow/example_dags/example_branch_labels.py
[2023-11-25T13:42:32.112+0000] {processor.py:839} INFO - DAG(s) dict_keys(['example_branch_labels']) retrieved from /home/airflow/.local/lib/python3.8/site-packages/airflow/example_dags/example_branch_labels.py
[2023-11-25T13:42:32.134+0000] {logging_mixin.py:154} INFO - [2023-11-25T13:42:32.134+0000] {dag.py:2941} INFO - Sync 1 DAGs
[2023-11-25T13:42:32.157+0000] {logging_mixin.py:154} INFO - [2023-11-25T13:42:32.157+0000] {dag.py:3722} INFO - Setting next_dagrun for example_branch_labels to 2023-11-24T00:00:00+00:00, run_after=2023-11-25T00:00:00+00:00
[2023-11-25T13:42:32.173+0000] {processor.py:179} INFO - Processing /home/airflow/.local/lib/python3.8/site-packages/airflow/example_dags/example_branch_labels.py took 0.074 seconds
[2023-11-25T13:43:03.003+0000] {processor.py:157} INFO - Started process (PID=226) to work on /home/airflow/.local/lib/python3.8/site-packages/airflow/example_dags/example_branch_labels.py
[2023-11-25T13:43:03.003+0000] {processor.py:829} INFO - Processing file /home/airflow/.local/lib/python3.8/site-packages/airflow/example_dags/example_branch_labels.py for tasks to queue
[2023-11-25T13:43:03.006+0000] {logging_mixin.py:154} INFO - [2023-11-25T13:43:03.006+0000] {dagbag.py:536} INFO - Filling up the DagBag from /home/airflow/.local/lib/python3.8/site-packages/airflow/example_dags/example_branch_labels.py
[2023-11-25T13:43:03.014+0000] {processor.py:839} INFO - DAG(s) dict_keys(['example_branch_labels']) retrieved from /home/airflow/.local/lib/python3.8/site-packages/airflow/example_dags/example_branch_labels.py
[2023-11-25T13:43:03.027+0000] {logging_mixin.py:154} INFO - [2023-11-25T13:43:03.027+0000] {dag.py:2941} INFO - Sync 1 DAGs
[2023-11-25T13:43:03.051+0000] {logging_mixin.py:154} INFO - [2023-11-25T13:43:03.051+0000] {dag.py:3722} INFO - Setting next_dagrun for example_branch_labels to 2023-11-24T00:00:00+00:00, run_after=2023-11-25T00:00:00+00:00
[2023-11-25T13:43:03.067+0000] {processor.py:179} INFO - Processing /home/airflow/.local/lib/python3.8/site-packages/airflow/example_dags/example_branch_labels.py took 0.068 seconds
[2023-11-25T13:43:33.569+0000] {processor.py:157} INFO - Started process (PID=281) to work on /home/airflow/.local/lib/python3.8/site-packages/airflow/example_dags/example_branch_labels.py
[2023-11-25T13:43:33.570+0000] {processor.py:829} INFO - Processing file /home/airflow/.local/lib/python3.8/site-packages/airflow/example_dags/example_branch_labels.py for tasks to queue
[2023-11-25T13:43:33.571+0000] {logging_mixin.py:154} INFO - [2023-11-25T13:43:33.571+0000] {dagbag.py:536} INFO - Filling up the DagBag from /home/airflow/.local/lib/python3.8/site-packages/airflow/example_dags/example_branch_labels.py
[2023-11-25T13:43:33.579+0000] {processor.py:839} INFO - DAG(s) dict_keys(['example_branch_labels']) retrieved from /home/airflow/.local/lib/python3.8/site-packages/airflow/example_dags/example_branch_labels.py
[2023-11-25T13:43:33.600+0000] {logging_mixin.py:154} INFO - [2023-11-25T13:43:33.600+0000] {dag.py:2941} INFO - Sync 1 DAGs
[2023-11-25T13:43:33.624+0000] {logging_mixin.py:154} INFO - [2023-11-25T13:43:33.624+0000] {dag.py:3722} INFO - Setting next_dagrun for example_branch_labels to 2023-11-24T00:00:00+00:00, run_after=2023-11-25T00:00:00+00:00
[2023-11-25T13:43:33.640+0000] {processor.py:179} INFO - Processing /home/airflow/.local/lib/python3.8/site-packages/airflow/example_dags/example_branch_labels.py took 0.074 seconds
