[2023-11-25T13:39:28.853+0000] {processor.py:157} INFO - Started process (PID=67) to work on /home/airflow/.local/lib/python3.8/site-packages/airflow/example_dags/example_nested_branch_dag.py
[2023-11-25T13:39:28.854+0000] {processor.py:829} INFO - Processing file /home/airflow/.local/lib/python3.8/site-packages/airflow/example_dags/example_nested_branch_dag.py for tasks to queue
[2023-11-25T13:39:28.856+0000] {logging_mixin.py:154} INFO - [2023-11-25T13:39:28.856+0000] {dagbag.py:536} INFO - Filling up the DagBag from /home/airflow/.local/lib/python3.8/site-packages/airflow/example_dags/example_nested_branch_dag.py
[2023-11-25T13:39:28.867+0000] {processor.py:839} INFO - DAG(s) dict_keys(['example_nested_branch_dag']) retrieved from /home/airflow/.local/lib/python3.8/site-packages/airflow/example_dags/example_nested_branch_dag.py
[2023-11-25T13:39:28.882+0000] {logging_mixin.py:154} INFO - [2023-11-25T13:39:28.882+0000] {dag.py:2941} INFO - Sync 1 DAGs
[2023-11-25T13:39:28.910+0000] {logging_mixin.py:154} INFO - [2023-11-25T13:39:28.909+0000] {dag.py:3722} INFO - Setting next_dagrun for example_nested_branch_dag to 2023-11-24T00:00:00+00:00, run_after=2023-11-25T00:00:00+00:00
[2023-11-25T13:39:28.928+0000] {processor.py:179} INFO - Processing /home/airflow/.local/lib/python3.8/site-packages/airflow/example_dags/example_nested_branch_dag.py took 0.079 seconds
[2023-11-25T13:39:59.448+0000] {processor.py:157} INFO - Started process (PID=121) to work on /home/airflow/.local/lib/python3.8/site-packages/airflow/example_dags/example_nested_branch_dag.py
[2023-11-25T13:39:59.449+0000] {processor.py:829} INFO - Processing file /home/airflow/.local/lib/python3.8/site-packages/airflow/example_dags/example_nested_branch_dag.py for tasks to queue
[2023-11-25T13:39:59.451+0000] {logging_mixin.py:154} INFO - [2023-11-25T13:39:59.451+0000] {dagbag.py:536} INFO - Filling up the DagBag from /home/airflow/.local/lib/python3.8/site-packages/airflow/example_dags/example_nested_branch_dag.py
[2023-11-25T13:39:59.461+0000] {processor.py:839} INFO - DAG(s) dict_keys(['example_nested_branch_dag']) retrieved from /home/airflow/.local/lib/python3.8/site-packages/airflow/example_dags/example_nested_branch_dag.py
[2023-11-25T13:39:59.483+0000] {logging_mixin.py:154} INFO - [2023-11-25T13:39:59.483+0000] {dag.py:2941} INFO - Sync 1 DAGs
[2023-11-25T13:39:59.507+0000] {logging_mixin.py:154} INFO - [2023-11-25T13:39:59.507+0000] {dag.py:3722} INFO - Setting next_dagrun for example_nested_branch_dag to 2023-11-24T00:00:00+00:00, run_after=2023-11-25T00:00:00+00:00
[2023-11-25T13:39:59.525+0000] {processor.py:179} INFO - Processing /home/airflow/.local/lib/python3.8/site-packages/airflow/example_dags/example_nested_branch_dag.py took 0.080 seconds
[2023-11-25T13:40:29.963+0000] {processor.py:157} INFO - Started process (PID=175) to work on /home/airflow/.local/lib/python3.8/site-packages/airflow/example_dags/example_nested_branch_dag.py
[2023-11-25T13:40:29.963+0000] {processor.py:829} INFO - Processing file /home/airflow/.local/lib/python3.8/site-packages/airflow/example_dags/example_nested_branch_dag.py for tasks to queue
[2023-11-25T13:40:29.965+0000] {logging_mixin.py:154} INFO - [2023-11-25T13:40:29.965+0000] {dagbag.py:536} INFO - Filling up the DagBag from /home/airflow/.local/lib/python3.8/site-packages/airflow/example_dags/example_nested_branch_dag.py
[2023-11-25T13:40:29.975+0000] {processor.py:839} INFO - DAG(s) dict_keys(['example_nested_branch_dag']) retrieved from /home/airflow/.local/lib/python3.8/site-packages/airflow/example_dags/example_nested_branch_dag.py
[2023-11-25T13:40:29.997+0000] {logging_mixin.py:154} INFO - [2023-11-25T13:40:29.997+0000] {dag.py:2941} INFO - Sync 1 DAGs
[2023-11-25T13:40:30.021+0000] {logging_mixin.py:154} INFO - [2023-11-25T13:40:30.021+0000] {dag.py:3722} INFO - Setting next_dagrun for example_nested_branch_dag to 2023-11-24T00:00:00+00:00, run_after=2023-11-25T00:00:00+00:00
[2023-11-25T13:40:30.037+0000] {processor.py:179} INFO - Processing /home/airflow/.local/lib/python3.8/site-packages/airflow/example_dags/example_nested_branch_dag.py took 0.078 seconds
[2023-11-25T13:41:30.990+0000] {processor.py:157} INFO - Started process (PID=68) to work on /home/airflow/.local/lib/python3.8/site-packages/airflow/example_dags/example_nested_branch_dag.py
[2023-11-25T13:41:30.991+0000] {processor.py:829} INFO - Processing file /home/airflow/.local/lib/python3.8/site-packages/airflow/example_dags/example_nested_branch_dag.py for tasks to queue
[2023-11-25T13:41:30.993+0000] {logging_mixin.py:154} INFO - [2023-11-25T13:41:30.993+0000] {dagbag.py:536} INFO - Filling up the DagBag from /home/airflow/.local/lib/python3.8/site-packages/airflow/example_dags/example_nested_branch_dag.py
[2023-11-25T13:41:31.005+0000] {processor.py:839} INFO - DAG(s) dict_keys(['example_nested_branch_dag']) retrieved from /home/airflow/.local/lib/python3.8/site-packages/airflow/example_dags/example_nested_branch_dag.py
[2023-11-25T13:41:31.020+0000] {logging_mixin.py:154} INFO - [2023-11-25T13:41:31.020+0000] {dag.py:2941} INFO - Sync 1 DAGs
[2023-11-25T13:41:31.055+0000] {logging_mixin.py:154} INFO - [2023-11-25T13:41:31.055+0000] {dag.py:3722} INFO - Setting next_dagrun for example_nested_branch_dag to 2023-11-24T00:00:00+00:00, run_after=2023-11-25T00:00:00+00:00
[2023-11-25T13:41:31.079+0000] {processor.py:179} INFO - Processing /home/airflow/.local/lib/python3.8/site-packages/airflow/example_dags/example_nested_branch_dag.py took 0.093 seconds
[2023-11-25T13:42:01.693+0000] {processor.py:157} INFO - Started process (PID=121) to work on /home/airflow/.local/lib/python3.8/site-packages/airflow/example_dags/example_nested_branch_dag.py
[2023-11-25T13:42:01.694+0000] {processor.py:829} INFO - Processing file /home/airflow/.local/lib/python3.8/site-packages/airflow/example_dags/example_nested_branch_dag.py for tasks to queue
[2023-11-25T13:42:01.696+0000] {logging_mixin.py:154} INFO - [2023-11-25T13:42:01.696+0000] {dagbag.py:536} INFO - Filling up the DagBag from /home/airflow/.local/lib/python3.8/site-packages/airflow/example_dags/example_nested_branch_dag.py
[2023-11-25T13:42:01.706+0000] {processor.py:839} INFO - DAG(s) dict_keys(['example_nested_branch_dag']) retrieved from /home/airflow/.local/lib/python3.8/site-packages/airflow/example_dags/example_nested_branch_dag.py
[2023-11-25T13:42:01.728+0000] {logging_mixin.py:154} INFO - [2023-11-25T13:42:01.728+0000] {dag.py:2941} INFO - Sync 1 DAGs
[2023-11-25T13:42:01.753+0000] {logging_mixin.py:154} INFO - [2023-11-25T13:42:01.752+0000] {dag.py:3722} INFO - Setting next_dagrun for example_nested_branch_dag to 2023-11-24T00:00:00+00:00, run_after=2023-11-25T00:00:00+00:00
[2023-11-25T13:42:01.770+0000] {processor.py:179} INFO - Processing /home/airflow/.local/lib/python3.8/site-packages/airflow/example_dags/example_nested_branch_dag.py took 0.080 seconds
[2023-11-25T13:42:32.438+0000] {processor.py:157} INFO - Started process (PID=175) to work on /home/airflow/.local/lib/python3.8/site-packages/airflow/example_dags/example_nested_branch_dag.py
[2023-11-25T13:42:32.439+0000] {processor.py:829} INFO - Processing file /home/airflow/.local/lib/python3.8/site-packages/airflow/example_dags/example_nested_branch_dag.py for tasks to queue
[2023-11-25T13:42:32.441+0000] {logging_mixin.py:154} INFO - [2023-11-25T13:42:32.441+0000] {dagbag.py:536} INFO - Filling up the DagBag from /home/airflow/.local/lib/python3.8/site-packages/airflow/example_dags/example_nested_branch_dag.py
[2023-11-25T13:42:32.453+0000] {processor.py:839} INFO - DAG(s) dict_keys(['example_nested_branch_dag']) retrieved from /home/airflow/.local/lib/python3.8/site-packages/airflow/example_dags/example_nested_branch_dag.py
[2023-11-25T13:42:32.477+0000] {logging_mixin.py:154} INFO - [2023-11-25T13:42:32.476+0000] {dag.py:2941} INFO - Sync 1 DAGs
[2023-11-25T13:42:32.501+0000] {logging_mixin.py:154} INFO - [2023-11-25T13:42:32.501+0000] {dag.py:3722} INFO - Setting next_dagrun for example_nested_branch_dag to 2023-11-24T00:00:00+00:00, run_after=2023-11-25T00:00:00+00:00
[2023-11-25T13:42:32.518+0000] {processor.py:179} INFO - Processing /home/airflow/.local/lib/python3.8/site-packages/airflow/example_dags/example_nested_branch_dag.py took 0.084 seconds
[2023-11-25T13:43:03.183+0000] {processor.py:157} INFO - Started process (PID=229) to work on /home/airflow/.local/lib/python3.8/site-packages/airflow/example_dags/example_nested_branch_dag.py
[2023-11-25T13:43:03.184+0000] {processor.py:829} INFO - Processing file /home/airflow/.local/lib/python3.8/site-packages/airflow/example_dags/example_nested_branch_dag.py for tasks to queue
[2023-11-25T13:43:03.186+0000] {logging_mixin.py:154} INFO - [2023-11-25T13:43:03.186+0000] {dagbag.py:536} INFO - Filling up the DagBag from /home/airflow/.local/lib/python3.8/site-packages/airflow/example_dags/example_nested_branch_dag.py
[2023-11-25T13:43:03.197+0000] {processor.py:839} INFO - DAG(s) dict_keys(['example_nested_branch_dag']) retrieved from /home/airflow/.local/lib/python3.8/site-packages/airflow/example_dags/example_nested_branch_dag.py
[2023-11-25T13:43:03.208+0000] {logging_mixin.py:154} INFO - [2023-11-25T13:43:03.208+0000] {dag.py:2941} INFO - Sync 1 DAGs
[2023-11-25T13:43:03.232+0000] {logging_mixin.py:154} INFO - [2023-11-25T13:43:03.231+0000] {dag.py:3722} INFO - Setting next_dagrun for example_nested_branch_dag to 2023-11-24T00:00:00+00:00, run_after=2023-11-25T00:00:00+00:00
[2023-11-25T13:43:03.247+0000] {processor.py:179} INFO - Processing /home/airflow/.local/lib/python3.8/site-packages/airflow/example_dags/example_nested_branch_dag.py took 0.067 seconds
[2023-11-25T13:43:33.800+0000] {processor.py:157} INFO - Started process (PID=283) to work on /home/airflow/.local/lib/python3.8/site-packages/airflow/example_dags/example_nested_branch_dag.py
[2023-11-25T13:43:33.801+0000] {processor.py:829} INFO - Processing file /home/airflow/.local/lib/python3.8/site-packages/airflow/example_dags/example_nested_branch_dag.py for tasks to queue
[2023-11-25T13:43:33.803+0000] {logging_mixin.py:154} INFO - [2023-11-25T13:43:33.803+0000] {dagbag.py:536} INFO - Filling up the DagBag from /home/airflow/.local/lib/python3.8/site-packages/airflow/example_dags/example_nested_branch_dag.py
[2023-11-25T13:43:33.812+0000] {processor.py:839} INFO - DAG(s) dict_keys(['example_nested_branch_dag']) retrieved from /home/airflow/.local/lib/python3.8/site-packages/airflow/example_dags/example_nested_branch_dag.py
[2023-11-25T13:43:33.834+0000] {logging_mixin.py:154} INFO - [2023-11-25T13:43:33.834+0000] {dag.py:2941} INFO - Sync 1 DAGs
[2023-11-25T13:43:33.857+0000] {logging_mixin.py:154} INFO - [2023-11-25T13:43:33.857+0000] {dag.py:3722} INFO - Setting next_dagrun for example_nested_branch_dag to 2023-11-24T00:00:00+00:00, run_after=2023-11-25T00:00:00+00:00
[2023-11-25T13:43:33.874+0000] {processor.py:179} INFO - Processing /home/airflow/.local/lib/python3.8/site-packages/airflow/example_dags/example_nested_branch_dag.py took 0.076 seconds
