[2023-11-25T13:39:27.231+0000] {processor.py:157} INFO - Started process (PID=42) to work on /home/airflow/.local/lib/python3.8/site-packages/airflow/example_dags/example_xcomargs.py
[2023-11-25T13:39:27.232+0000] {processor.py:829} INFO - Processing file /home/airflow/.local/lib/python3.8/site-packages/airflow/example_dags/example_xcomargs.py for tasks to queue
[2023-11-25T13:39:27.234+0000] {logging_mixin.py:154} INFO - [2023-11-25T13:39:27.234+0000] {dagbag.py:536} INFO - Filling up the DagBag from /home/airflow/.local/lib/python3.8/site-packages/airflow/example_dags/example_xcomargs.py
[2023-11-25T13:39:27.243+0000] {processor.py:839} INFO - DAG(s) dict_keys(['example_xcom_args', 'example_xcom_args_with_operators']) retrieved from /home/airflow/.local/lib/python3.8/site-packages/airflow/example_dags/example_xcomargs.py
[2023-11-25T13:39:27.257+0000] {logging_mixin.py:154} INFO - [2023-11-25T13:39:27.257+0000] {dag.py:2941} INFO - Sync 2 DAGs
[2023-11-25T13:39:27.272+0000] {logging_mixin.py:154} INFO - [2023-11-25T13:39:27.271+0000] {dag.py:3722} INFO - Setting next_dagrun for example_xcom_args to None, run_after=None
[2023-11-25T13:39:27.275+0000] {logging_mixin.py:154} INFO - [2023-11-25T13:39:27.275+0000] {dag.py:3722} INFO - Setting next_dagrun for example_xcom_args_with_operators to None, run_after=None
[2023-11-25T13:39:27.291+0000] {processor.py:179} INFO - Processing /home/airflow/.local/lib/python3.8/site-packages/airflow/example_dags/example_xcomargs.py took 0.063 seconds
[2023-11-25T13:39:57.995+0000] {processor.py:157} INFO - Started process (PID=96) to work on /home/airflow/.local/lib/python3.8/site-packages/airflow/example_dags/example_xcomargs.py
[2023-11-25T13:39:57.996+0000] {processor.py:829} INFO - Processing file /home/airflow/.local/lib/python3.8/site-packages/airflow/example_dags/example_xcomargs.py for tasks to queue
[2023-11-25T13:39:57.998+0000] {logging_mixin.py:154} INFO - [2023-11-25T13:39:57.998+0000] {dagbag.py:536} INFO - Filling up the DagBag from /home/airflow/.local/lib/python3.8/site-packages/airflow/example_dags/example_xcomargs.py
[2023-11-25T13:39:58.007+0000] {processor.py:839} INFO - DAG(s) dict_keys(['example_xcom_args_with_operators', 'example_xcom_args']) retrieved from /home/airflow/.local/lib/python3.8/site-packages/airflow/example_dags/example_xcomargs.py
[2023-11-25T13:39:58.032+0000] {logging_mixin.py:154} INFO - [2023-11-25T13:39:58.032+0000] {dag.py:2941} INFO - Sync 2 DAGs
[2023-11-25T13:39:58.045+0000] {logging_mixin.py:154} INFO - [2023-11-25T13:39:58.045+0000] {dag.py:3722} INFO - Setting next_dagrun for example_xcom_args to None, run_after=None
[2023-11-25T13:39:58.048+0000] {logging_mixin.py:154} INFO - [2023-11-25T13:39:58.048+0000] {dag.py:3722} INFO - Setting next_dagrun for example_xcom_args_with_operators to None, run_after=None
[2023-11-25T13:39:58.067+0000] {processor.py:179} INFO - Processing /home/airflow/.local/lib/python3.8/site-packages/airflow/example_dags/example_xcomargs.py took 0.076 seconds
[2023-11-25T13:40:28.672+0000] {processor.py:157} INFO - Started process (PID=150) to work on /home/airflow/.local/lib/python3.8/site-packages/airflow/example_dags/example_xcomargs.py
[2023-11-25T13:40:28.673+0000] {processor.py:829} INFO - Processing file /home/airflow/.local/lib/python3.8/site-packages/airflow/example_dags/example_xcomargs.py for tasks to queue
[2023-11-25T13:40:28.675+0000] {logging_mixin.py:154} INFO - [2023-11-25T13:40:28.675+0000] {dagbag.py:536} INFO - Filling up the DagBag from /home/airflow/.local/lib/python3.8/site-packages/airflow/example_dags/example_xcomargs.py
[2023-11-25T13:40:28.683+0000] {processor.py:839} INFO - DAG(s) dict_keys(['example_xcom_args', 'example_xcom_args_with_operators']) retrieved from /home/airflow/.local/lib/python3.8/site-packages/airflow/example_dags/example_xcomargs.py
[2023-11-25T13:40:28.706+0000] {logging_mixin.py:154} INFO - [2023-11-25T13:40:28.706+0000] {dag.py:2941} INFO - Sync 2 DAGs
[2023-11-25T13:40:28.718+0000] {logging_mixin.py:154} INFO - [2023-11-25T13:40:28.718+0000] {dag.py:3722} INFO - Setting next_dagrun for example_xcom_args to None, run_after=None
[2023-11-25T13:40:28.721+0000] {logging_mixin.py:154} INFO - [2023-11-25T13:40:28.721+0000] {dag.py:3722} INFO - Setting next_dagrun for example_xcom_args_with_operators to None, run_after=None
[2023-11-25T13:40:28.735+0000] {processor.py:179} INFO - Processing /home/airflow/.local/lib/python3.8/site-packages/airflow/example_dags/example_xcomargs.py took 0.066 seconds
[2023-11-25T13:41:29.530+0000] {processor.py:157} INFO - Started process (PID=43) to work on /home/airflow/.local/lib/python3.8/site-packages/airflow/example_dags/example_xcomargs.py
[2023-11-25T13:41:29.531+0000] {processor.py:829} INFO - Processing file /home/airflow/.local/lib/python3.8/site-packages/airflow/example_dags/example_xcomargs.py for tasks to queue
[2023-11-25T13:41:29.533+0000] {logging_mixin.py:154} INFO - [2023-11-25T13:41:29.533+0000] {dagbag.py:536} INFO - Filling up the DagBag from /home/airflow/.local/lib/python3.8/site-packages/airflow/example_dags/example_xcomargs.py
[2023-11-25T13:41:29.542+0000] {processor.py:839} INFO - DAG(s) dict_keys(['example_xcom_args_with_operators', 'example_xcom_args']) retrieved from /home/airflow/.local/lib/python3.8/site-packages/airflow/example_dags/example_xcomargs.py
[2023-11-25T13:41:29.555+0000] {logging_mixin.py:154} INFO - [2023-11-25T13:41:29.555+0000] {dag.py:2941} INFO - Sync 2 DAGs
[2023-11-25T13:41:29.569+0000] {logging_mixin.py:154} INFO - [2023-11-25T13:41:29.569+0000] {dag.py:3722} INFO - Setting next_dagrun for example_xcom_args to None, run_after=None
[2023-11-25T13:41:29.573+0000] {logging_mixin.py:154} INFO - [2023-11-25T13:41:29.572+0000] {dag.py:3722} INFO - Setting next_dagrun for example_xcom_args_with_operators to None, run_after=None
[2023-11-25T13:41:29.588+0000] {processor.py:179} INFO - Processing /home/airflow/.local/lib/python3.8/site-packages/airflow/example_dags/example_xcomargs.py took 0.061 seconds
[2023-11-25T13:42:00.272+0000] {processor.py:157} INFO - Started process (PID=96) to work on /home/airflow/.local/lib/python3.8/site-packages/airflow/example_dags/example_xcomargs.py
[2023-11-25T13:42:00.273+0000] {processor.py:829} INFO - Processing file /home/airflow/.local/lib/python3.8/site-packages/airflow/example_dags/example_xcomargs.py for tasks to queue
[2023-11-25T13:42:00.275+0000] {logging_mixin.py:154} INFO - [2023-11-25T13:42:00.275+0000] {dagbag.py:536} INFO - Filling up the DagBag from /home/airflow/.local/lib/python3.8/site-packages/airflow/example_dags/example_xcomargs.py
[2023-11-25T13:42:00.282+0000] {processor.py:839} INFO - DAG(s) dict_keys(['example_xcom_args', 'example_xcom_args_with_operators']) retrieved from /home/airflow/.local/lib/python3.8/site-packages/airflow/example_dags/example_xcomargs.py
[2023-11-25T13:42:00.305+0000] {logging_mixin.py:154} INFO - [2023-11-25T13:42:00.305+0000] {dag.py:2941} INFO - Sync 2 DAGs
[2023-11-25T13:42:00.318+0000] {logging_mixin.py:154} INFO - [2023-11-25T13:42:00.318+0000] {dag.py:3722} INFO - Setting next_dagrun for example_xcom_args to None, run_after=None
[2023-11-25T13:42:00.321+0000] {logging_mixin.py:154} INFO - [2023-11-25T13:42:00.321+0000] {dag.py:3722} INFO - Setting next_dagrun for example_xcom_args_with_operators to None, run_after=None
[2023-11-25T13:42:00.336+0000] {processor.py:179} INFO - Processing /home/airflow/.local/lib/python3.8/site-packages/airflow/example_dags/example_xcomargs.py took 0.067 seconds
[2023-11-25T13:42:30.814+0000] {processor.py:157} INFO - Started process (PID=150) to work on /home/airflow/.local/lib/python3.8/site-packages/airflow/example_dags/example_xcomargs.py
[2023-11-25T13:42:30.815+0000] {processor.py:829} INFO - Processing file /home/airflow/.local/lib/python3.8/site-packages/airflow/example_dags/example_xcomargs.py for tasks to queue
[2023-11-25T13:42:30.818+0000] {logging_mixin.py:154} INFO - [2023-11-25T13:42:30.818+0000] {dagbag.py:536} INFO - Filling up the DagBag from /home/airflow/.local/lib/python3.8/site-packages/airflow/example_dags/example_xcomargs.py
[2023-11-25T13:42:30.827+0000] {processor.py:839} INFO - DAG(s) dict_keys(['example_xcom_args', 'example_xcom_args_with_operators']) retrieved from /home/airflow/.local/lib/python3.8/site-packages/airflow/example_dags/example_xcomargs.py
[2023-11-25T13:42:30.854+0000] {logging_mixin.py:154} INFO - [2023-11-25T13:42:30.854+0000] {dag.py:2941} INFO - Sync 2 DAGs
[2023-11-25T13:42:30.868+0000] {logging_mixin.py:154} INFO - [2023-11-25T13:42:30.868+0000] {dag.py:3722} INFO - Setting next_dagrun for example_xcom_args to None, run_after=None
[2023-11-25T13:42:30.871+0000] {logging_mixin.py:154} INFO - [2023-11-25T13:42:30.871+0000] {dag.py:3722} INFO - Setting next_dagrun for example_xcom_args_with_operators to None, run_after=None
[2023-11-25T13:42:30.888+0000] {processor.py:179} INFO - Processing /home/airflow/.local/lib/python3.8/site-packages/airflow/example_dags/example_xcomargs.py took 0.078 seconds
[2023-11-25T13:43:00.935+0000] {processor.py:157} INFO - Started process (PID=204) to work on /home/airflow/.local/lib/python3.8/site-packages/airflow/example_dags/example_xcomargs.py
[2023-11-25T13:43:00.936+0000] {processor.py:829} INFO - Processing file /home/airflow/.local/lib/python3.8/site-packages/airflow/example_dags/example_xcomargs.py for tasks to queue
[2023-11-25T13:43:00.937+0000] {logging_mixin.py:154} INFO - [2023-11-25T13:43:00.937+0000] {dagbag.py:536} INFO - Filling up the DagBag from /home/airflow/.local/lib/python3.8/site-packages/airflow/example_dags/example_xcomargs.py
[2023-11-25T13:43:00.945+0000] {processor.py:839} INFO - DAG(s) dict_keys(['example_xcom_args', 'example_xcom_args_with_operators']) retrieved from /home/airflow/.local/lib/python3.8/site-packages/airflow/example_dags/example_xcomargs.py
[2023-11-25T13:43:00.958+0000] {logging_mixin.py:154} INFO - [2023-11-25T13:43:00.958+0000] {dag.py:2941} INFO - Sync 2 DAGs
[2023-11-25T13:43:00.977+0000] {logging_mixin.py:154} INFO - [2023-11-25T13:43:00.976+0000] {dag.py:3722} INFO - Setting next_dagrun for example_xcom_args to None, run_after=None
[2023-11-25T13:43:00.980+0000] {logging_mixin.py:154} INFO - [2023-11-25T13:43:00.980+0000] {dag.py:3722} INFO - Setting next_dagrun for example_xcom_args_with_operators to None, run_after=None
[2023-11-25T13:43:00.994+0000] {processor.py:179} INFO - Processing /home/airflow/.local/lib/python3.8/site-packages/airflow/example_dags/example_xcomargs.py took 0.063 seconds
[2023-11-25T13:43:31.280+0000] {processor.py:157} INFO - Started process (PID=258) to work on /home/airflow/.local/lib/python3.8/site-packages/airflow/example_dags/example_xcomargs.py
[2023-11-25T13:43:31.280+0000] {processor.py:829} INFO - Processing file /home/airflow/.local/lib/python3.8/site-packages/airflow/example_dags/example_xcomargs.py for tasks to queue
[2023-11-25T13:43:31.282+0000] {logging_mixin.py:154} INFO - [2023-11-25T13:43:31.282+0000] {dagbag.py:536} INFO - Filling up the DagBag from /home/airflow/.local/lib/python3.8/site-packages/airflow/example_dags/example_xcomargs.py
[2023-11-25T13:43:31.290+0000] {processor.py:839} INFO - DAG(s) dict_keys(['example_xcom_args', 'example_xcom_args_with_operators']) retrieved from /home/airflow/.local/lib/python3.8/site-packages/airflow/example_dags/example_xcomargs.py
[2023-11-25T13:43:31.313+0000] {logging_mixin.py:154} INFO - [2023-11-25T13:43:31.313+0000] {dag.py:2941} INFO - Sync 2 DAGs
[2023-11-25T13:43:31.326+0000] {logging_mixin.py:154} INFO - [2023-11-25T13:43:31.326+0000] {dag.py:3722} INFO - Setting next_dagrun for example_xcom_args to None, run_after=None
[2023-11-25T13:43:31.329+0000] {logging_mixin.py:154} INFO - [2023-11-25T13:43:31.329+0000] {dag.py:3722} INFO - Setting next_dagrun for example_xcom_args_with_operators to None, run_after=None
[2023-11-25T13:43:31.343+0000] {processor.py:179} INFO - Processing /home/airflow/.local/lib/python3.8/site-packages/airflow/example_dags/example_xcomargs.py took 0.066 seconds
