[2023-11-25T13:39:29.295+0000] {processor.py:157} INFO - Started process (PID=76) to work on /home/airflow/.local/lib/python3.8/site-packages/airflow/example_dags/tutorial_dag.py
[2023-11-25T13:39:29.296+0000] {processor.py:829} INFO - Processing file /home/airflow/.local/lib/python3.8/site-packages/airflow/example_dags/tutorial_dag.py for tasks to queue
[2023-11-25T13:39:29.298+0000] {logging_mixin.py:154} INFO - [2023-11-25T13:39:29.297+0000] {dagbag.py:536} INFO - Filling up the DagBag from /home/airflow/.local/lib/python3.8/site-packages/airflow/example_dags/tutorial_dag.py
[2023-11-25T13:39:29.305+0000] {processor.py:839} INFO - DAG(s) dict_keys(['tutorial_dag']) retrieved from /home/airflow/.local/lib/python3.8/site-packages/airflow/example_dags/tutorial_dag.py
[2023-11-25T13:39:29.318+0000] {logging_mixin.py:154} INFO - [2023-11-25T13:39:29.317+0000] {dag.py:2941} INFO - Sync 1 DAGs
[2023-11-25T13:39:29.332+0000] {logging_mixin.py:154} INFO - [2023-11-25T13:39:29.332+0000] {dag.py:3722} INFO - Setting next_dagrun for tutorial_dag to None, run_after=None
[2023-11-25T13:39:29.352+0000] {processor.py:179} INFO - Processing /home/airflow/.local/lib/python3.8/site-packages/airflow/example_dags/tutorial_dag.py took 0.060 seconds
[2023-11-25T13:39:59.914+0000] {processor.py:157} INFO - Started process (PID=130) to work on /home/airflow/.local/lib/python3.8/site-packages/airflow/example_dags/tutorial_dag.py
[2023-11-25T13:39:59.915+0000] {processor.py:829} INFO - Processing file /home/airflow/.local/lib/python3.8/site-packages/airflow/example_dags/tutorial_dag.py for tasks to queue
[2023-11-25T13:39:59.917+0000] {logging_mixin.py:154} INFO - [2023-11-25T13:39:59.917+0000] {dagbag.py:536} INFO - Filling up the DagBag from /home/airflow/.local/lib/python3.8/site-packages/airflow/example_dags/tutorial_dag.py
[2023-11-25T13:39:59.923+0000] {processor.py:839} INFO - DAG(s) dict_keys(['tutorial_dag']) retrieved from /home/airflow/.local/lib/python3.8/site-packages/airflow/example_dags/tutorial_dag.py
[2023-11-25T13:39:59.943+0000] {logging_mixin.py:154} INFO - [2023-11-25T13:39:59.943+0000] {dag.py:2941} INFO - Sync 1 DAGs
[2023-11-25T13:39:59.956+0000] {logging_mixin.py:154} INFO - [2023-11-25T13:39:59.956+0000] {dag.py:3722} INFO - Setting next_dagrun for tutorial_dag to None, run_after=None
[2023-11-25T13:39:59.976+0000] {processor.py:179} INFO - Processing /home/airflow/.local/lib/python3.8/site-packages/airflow/example_dags/tutorial_dag.py took 0.065 seconds
[2023-11-25T13:40:30.473+0000] {processor.py:157} INFO - Started process (PID=184) to work on /home/airflow/.local/lib/python3.8/site-packages/airflow/example_dags/tutorial_dag.py
[2023-11-25T13:40:30.474+0000] {processor.py:829} INFO - Processing file /home/airflow/.local/lib/python3.8/site-packages/airflow/example_dags/tutorial_dag.py for tasks to queue
[2023-11-25T13:40:30.477+0000] {logging_mixin.py:154} INFO - [2023-11-25T13:40:30.476+0000] {dagbag.py:536} INFO - Filling up the DagBag from /home/airflow/.local/lib/python3.8/site-packages/airflow/example_dags/tutorial_dag.py
[2023-11-25T13:40:30.483+0000] {processor.py:839} INFO - DAG(s) dict_keys(['tutorial_dag']) retrieved from /home/airflow/.local/lib/python3.8/site-packages/airflow/example_dags/tutorial_dag.py
[2023-11-25T13:40:30.504+0000] {logging_mixin.py:154} INFO - [2023-11-25T13:40:30.504+0000] {dag.py:2941} INFO - Sync 1 DAGs
[2023-11-25T13:40:30.516+0000] {logging_mixin.py:154} INFO - [2023-11-25T13:40:30.516+0000] {dag.py:3722} INFO - Setting next_dagrun for tutorial_dag to None, run_after=None
[2023-11-25T13:40:30.533+0000] {processor.py:179} INFO - Processing /home/airflow/.local/lib/python3.8/site-packages/airflow/example_dags/tutorial_dag.py took 0.063 seconds
[2023-11-25T13:41:31.490+0000] {processor.py:157} INFO - Started process (PID=77) to work on /home/airflow/.local/lib/python3.8/site-packages/airflow/example_dags/tutorial_dag.py
[2023-11-25T13:41:31.491+0000] {processor.py:829} INFO - Processing file /home/airflow/.local/lib/python3.8/site-packages/airflow/example_dags/tutorial_dag.py for tasks to queue
[2023-11-25T13:41:31.494+0000] {logging_mixin.py:154} INFO - [2023-11-25T13:41:31.494+0000] {dagbag.py:536} INFO - Filling up the DagBag from /home/airflow/.local/lib/python3.8/site-packages/airflow/example_dags/tutorial_dag.py
[2023-11-25T13:41:31.503+0000] {processor.py:839} INFO - DAG(s) dict_keys(['tutorial_dag']) retrieved from /home/airflow/.local/lib/python3.8/site-packages/airflow/example_dags/tutorial_dag.py
[2023-11-25T13:41:31.518+0000] {logging_mixin.py:154} INFO - [2023-11-25T13:41:31.518+0000] {dag.py:2941} INFO - Sync 1 DAGs
[2023-11-25T13:41:31.539+0000] {logging_mixin.py:154} INFO - [2023-11-25T13:41:31.539+0000] {dag.py:3722} INFO - Setting next_dagrun for tutorial_dag to None, run_after=None
[2023-11-25T13:41:31.564+0000] {processor.py:179} INFO - Processing /home/airflow/.local/lib/python3.8/site-packages/airflow/example_dags/tutorial_dag.py took 0.077 seconds
[2023-11-25T13:42:02.153+0000] {processor.py:157} INFO - Started process (PID=130) to work on /home/airflow/.local/lib/python3.8/site-packages/airflow/example_dags/tutorial_dag.py
[2023-11-25T13:42:02.154+0000] {processor.py:829} INFO - Processing file /home/airflow/.local/lib/python3.8/site-packages/airflow/example_dags/tutorial_dag.py for tasks to queue
[2023-11-25T13:42:02.156+0000] {logging_mixin.py:154} INFO - [2023-11-25T13:42:02.156+0000] {dagbag.py:536} INFO - Filling up the DagBag from /home/airflow/.local/lib/python3.8/site-packages/airflow/example_dags/tutorial_dag.py
[2023-11-25T13:42:02.161+0000] {processor.py:839} INFO - DAG(s) dict_keys(['tutorial_dag']) retrieved from /home/airflow/.local/lib/python3.8/site-packages/airflow/example_dags/tutorial_dag.py
[2023-11-25T13:42:02.180+0000] {logging_mixin.py:154} INFO - [2023-11-25T13:42:02.180+0000] {dag.py:2941} INFO - Sync 1 DAGs
[2023-11-25T13:42:02.193+0000] {logging_mixin.py:154} INFO - [2023-11-25T13:42:02.193+0000] {dag.py:3722} INFO - Setting next_dagrun for tutorial_dag to None, run_after=None
[2023-11-25T13:42:02.210+0000] {processor.py:179} INFO - Processing /home/airflow/.local/lib/python3.8/site-packages/airflow/example_dags/tutorial_dag.py took 0.060 seconds
[2023-11-25T13:42:32.900+0000] {processor.py:157} INFO - Started process (PID=184) to work on /home/airflow/.local/lib/python3.8/site-packages/airflow/example_dags/tutorial_dag.py
[2023-11-25T13:42:32.901+0000] {processor.py:829} INFO - Processing file /home/airflow/.local/lib/python3.8/site-packages/airflow/example_dags/tutorial_dag.py for tasks to queue
[2023-11-25T13:42:32.903+0000] {logging_mixin.py:154} INFO - [2023-11-25T13:42:32.902+0000] {dagbag.py:536} INFO - Filling up the DagBag from /home/airflow/.local/lib/python3.8/site-packages/airflow/example_dags/tutorial_dag.py
[2023-11-25T13:42:32.907+0000] {processor.py:839} INFO - DAG(s) dict_keys(['tutorial_dag']) retrieved from /home/airflow/.local/lib/python3.8/site-packages/airflow/example_dags/tutorial_dag.py
[2023-11-25T13:42:32.927+0000] {logging_mixin.py:154} INFO - [2023-11-25T13:42:32.927+0000] {dag.py:2941} INFO - Sync 1 DAGs
[2023-11-25T13:42:32.940+0000] {logging_mixin.py:154} INFO - [2023-11-25T13:42:32.940+0000] {dag.py:3722} INFO - Setting next_dagrun for tutorial_dag to None, run_after=None
[2023-11-25T13:42:32.956+0000] {processor.py:179} INFO - Processing /home/airflow/.local/lib/python3.8/site-packages/airflow/example_dags/tutorial_dag.py took 0.060 seconds
[2023-11-25T13:43:03.612+0000] {processor.py:157} INFO - Started process (PID=238) to work on /home/airflow/.local/lib/python3.8/site-packages/airflow/example_dags/tutorial_dag.py
[2023-11-25T13:43:03.612+0000] {processor.py:829} INFO - Processing file /home/airflow/.local/lib/python3.8/site-packages/airflow/example_dags/tutorial_dag.py for tasks to queue
[2023-11-25T13:43:03.614+0000] {logging_mixin.py:154} INFO - [2023-11-25T13:43:03.614+0000] {dagbag.py:536} INFO - Filling up the DagBag from /home/airflow/.local/lib/python3.8/site-packages/airflow/example_dags/tutorial_dag.py
[2023-11-25T13:43:03.619+0000] {processor.py:839} INFO - DAG(s) dict_keys(['tutorial_dag']) retrieved from /home/airflow/.local/lib/python3.8/site-packages/airflow/example_dags/tutorial_dag.py
[2023-11-25T13:43:03.630+0000] {logging_mixin.py:154} INFO - [2023-11-25T13:43:03.630+0000] {dag.py:2941} INFO - Sync 1 DAGs
[2023-11-25T13:43:03.644+0000] {logging_mixin.py:154} INFO - [2023-11-25T13:43:03.643+0000] {dag.py:3722} INFO - Setting next_dagrun for tutorial_dag to None, run_after=None
[2023-11-25T13:43:03.660+0000] {processor.py:179} INFO - Processing /home/airflow/.local/lib/python3.8/site-packages/airflow/example_dags/tutorial_dag.py took 0.052 seconds
[2023-11-25T13:43:34.238+0000] {processor.py:157} INFO - Started process (PID=292) to work on /home/airflow/.local/lib/python3.8/site-packages/airflow/example_dags/tutorial_dag.py
[2023-11-25T13:43:34.239+0000] {processor.py:829} INFO - Processing file /home/airflow/.local/lib/python3.8/site-packages/airflow/example_dags/tutorial_dag.py for tasks to queue
[2023-11-25T13:43:34.242+0000] {logging_mixin.py:154} INFO - [2023-11-25T13:43:34.242+0000] {dagbag.py:536} INFO - Filling up the DagBag from /home/airflow/.local/lib/python3.8/site-packages/airflow/example_dags/tutorial_dag.py
[2023-11-25T13:43:34.250+0000] {processor.py:839} INFO - DAG(s) dict_keys(['tutorial_dag']) retrieved from /home/airflow/.local/lib/python3.8/site-packages/airflow/example_dags/tutorial_dag.py
[2023-11-25T13:43:34.270+0000] {logging_mixin.py:154} INFO - [2023-11-25T13:43:34.270+0000] {dag.py:2941} INFO - Sync 1 DAGs
[2023-11-25T13:43:34.282+0000] {logging_mixin.py:154} INFO - [2023-11-25T13:43:34.282+0000] {dag.py:3722} INFO - Setting next_dagrun for tutorial_dag to None, run_after=None
[2023-11-25T13:43:34.299+0000] {processor.py:179} INFO - Processing /home/airflow/.local/lib/python3.8/site-packages/airflow/example_dags/tutorial_dag.py took 0.064 seconds
