[2023-11-25T13:39:29.258+0000] {processor.py:157} INFO - Started process (PID=75) to work on /home/airflow/.local/lib/python3.8/site-packages/airflow/example_dags/tutorial.py
[2023-11-25T13:39:29.259+0000] {processor.py:829} INFO - Processing file /home/airflow/.local/lib/python3.8/site-packages/airflow/example_dags/tutorial.py for tasks to queue
[2023-11-25T13:39:29.262+0000] {logging_mixin.py:154} INFO - [2023-11-25T13:39:29.261+0000] {dagbag.py:536} INFO - Filling up the DagBag from /home/airflow/.local/lib/python3.8/site-packages/airflow/example_dags/tutorial.py
[2023-11-25T13:39:29.273+0000] {processor.py:839} INFO - DAG(s) dict_keys(['tutorial']) retrieved from /home/airflow/.local/lib/python3.8/site-packages/airflow/example_dags/tutorial.py
[2023-11-25T13:39:29.288+0000] {logging_mixin.py:154} INFO - [2023-11-25T13:39:29.288+0000] {dag.py:2941} INFO - Sync 1 DAGs
[2023-11-25T13:39:29.326+0000] {logging_mixin.py:154} INFO - [2023-11-25T13:39:29.326+0000] {dag.py:3722} INFO - Setting next_dagrun for tutorial to 2023-11-24T13:39:29.325648+00:00, run_after=2023-11-25T13:39:29.325648+00:00
[2023-11-25T13:39:29.353+0000] {processor.py:179} INFO - Processing /home/airflow/.local/lib/python3.8/site-packages/airflow/example_dags/tutorial.py took 0.100 seconds
[2023-11-25T13:39:59.879+0000] {processor.py:157} INFO - Started process (PID=129) to work on /home/airflow/.local/lib/python3.8/site-packages/airflow/example_dags/tutorial.py
[2023-11-25T13:39:59.880+0000] {processor.py:829} INFO - Processing file /home/airflow/.local/lib/python3.8/site-packages/airflow/example_dags/tutorial.py for tasks to queue
[2023-11-25T13:39:59.882+0000] {logging_mixin.py:154} INFO - [2023-11-25T13:39:59.882+0000] {dagbag.py:536} INFO - Filling up the DagBag from /home/airflow/.local/lib/python3.8/site-packages/airflow/example_dags/tutorial.py
[2023-11-25T13:39:59.888+0000] {processor.py:839} INFO - DAG(s) dict_keys(['tutorial']) retrieved from /home/airflow/.local/lib/python3.8/site-packages/airflow/example_dags/tutorial.py
[2023-11-25T13:39:59.910+0000] {logging_mixin.py:154} INFO - [2023-11-25T13:39:59.910+0000] {dag.py:2941} INFO - Sync 1 DAGs
[2023-11-25T13:39:59.933+0000] {logging_mixin.py:154} INFO - [2023-11-25T13:39:59.933+0000] {dag.py:3722} INFO - Setting next_dagrun for tutorial to 2023-11-24T13:39:59.933222+00:00, run_after=2023-11-25T13:39:59.933222+00:00
[2023-11-25T13:39:59.950+0000] {processor.py:179} INFO - Processing /home/airflow/.local/lib/python3.8/site-packages/airflow/example_dags/tutorial.py took 0.074 seconds
[2023-11-25T13:40:30.388+0000] {processor.py:157} INFO - Started process (PID=183) to work on /home/airflow/.local/lib/python3.8/site-packages/airflow/example_dags/tutorial.py
[2023-11-25T13:40:30.389+0000] {processor.py:829} INFO - Processing file /home/airflow/.local/lib/python3.8/site-packages/airflow/example_dags/tutorial.py for tasks to queue
[2023-11-25T13:40:30.392+0000] {logging_mixin.py:154} INFO - [2023-11-25T13:40:30.391+0000] {dagbag.py:536} INFO - Filling up the DagBag from /home/airflow/.local/lib/python3.8/site-packages/airflow/example_dags/tutorial.py
[2023-11-25T13:40:30.400+0000] {processor.py:839} INFO - DAG(s) dict_keys(['tutorial']) retrieved from /home/airflow/.local/lib/python3.8/site-packages/airflow/example_dags/tutorial.py
[2023-11-25T13:40:30.421+0000] {logging_mixin.py:154} INFO - [2023-11-25T13:40:30.421+0000] {dag.py:2941} INFO - Sync 1 DAGs
[2023-11-25T13:40:30.442+0000] {logging_mixin.py:154} INFO - [2023-11-25T13:40:30.442+0000] {dag.py:3722} INFO - Setting next_dagrun for tutorial to 2023-11-24T13:40:30.442277+00:00, run_after=2023-11-25T13:40:30.442277+00:00
[2023-11-25T13:40:30.460+0000] {processor.py:179} INFO - Processing /home/airflow/.local/lib/python3.8/site-packages/airflow/example_dags/tutorial.py took 0.075 seconds
[2023-11-25T13:41:31.419+0000] {processor.py:157} INFO - Started process (PID=76) to work on /home/airflow/.local/lib/python3.8/site-packages/airflow/example_dags/tutorial.py
[2023-11-25T13:41:31.420+0000] {processor.py:829} INFO - Processing file /home/airflow/.local/lib/python3.8/site-packages/airflow/example_dags/tutorial.py for tasks to queue
[2023-11-25T13:41:31.422+0000] {logging_mixin.py:154} INFO - [2023-11-25T13:41:31.422+0000] {dagbag.py:536} INFO - Filling up the DagBag from /home/airflow/.local/lib/python3.8/site-packages/airflow/example_dags/tutorial.py
[2023-11-25T13:41:31.429+0000] {processor.py:839} INFO - DAG(s) dict_keys(['tutorial']) retrieved from /home/airflow/.local/lib/python3.8/site-packages/airflow/example_dags/tutorial.py
[2023-11-25T13:41:31.441+0000] {logging_mixin.py:154} INFO - [2023-11-25T13:41:31.441+0000] {dag.py:2941} INFO - Sync 1 DAGs
[2023-11-25T13:41:31.466+0000] {logging_mixin.py:154} INFO - [2023-11-25T13:41:31.465+0000] {dag.py:3722} INFO - Setting next_dagrun for tutorial to 2023-11-24T13:41:31.465505+00:00, run_after=2023-11-25T13:41:31.465505+00:00
[2023-11-25T13:41:31.484+0000] {processor.py:179} INFO - Processing /home/airflow/.local/lib/python3.8/site-packages/airflow/example_dags/tutorial.py took 0.069 seconds
[2023-11-25T13:42:02.123+0000] {processor.py:157} INFO - Started process (PID=129) to work on /home/airflow/.local/lib/python3.8/site-packages/airflow/example_dags/tutorial.py
[2023-11-25T13:42:02.124+0000] {processor.py:829} INFO - Processing file /home/airflow/.local/lib/python3.8/site-packages/airflow/example_dags/tutorial.py for tasks to queue
[2023-11-25T13:42:02.126+0000] {logging_mixin.py:154} INFO - [2023-11-25T13:42:02.126+0000] {dagbag.py:536} INFO - Filling up the DagBag from /home/airflow/.local/lib/python3.8/site-packages/airflow/example_dags/tutorial.py
[2023-11-25T13:42:02.131+0000] {processor.py:839} INFO - DAG(s) dict_keys(['tutorial']) retrieved from /home/airflow/.local/lib/python3.8/site-packages/airflow/example_dags/tutorial.py
[2023-11-25T13:42:02.152+0000] {logging_mixin.py:154} INFO - [2023-11-25T13:42:02.152+0000] {dag.py:2941} INFO - Sync 1 DAGs
[2023-11-25T13:42:02.174+0000] {logging_mixin.py:154} INFO - [2023-11-25T13:42:02.174+0000] {dag.py:3722} INFO - Setting next_dagrun for tutorial to 2023-11-24T13:42:02.173821+00:00, run_after=2023-11-25T13:42:02.173821+00:00
[2023-11-25T13:42:02.189+0000] {processor.py:179} INFO - Processing /home/airflow/.local/lib/python3.8/site-packages/airflow/example_dags/tutorial.py took 0.070 seconds
[2023-11-25T13:42:32.877+0000] {processor.py:157} INFO - Started process (PID=183) to work on /home/airflow/.local/lib/python3.8/site-packages/airflow/example_dags/tutorial.py
[2023-11-25T13:42:32.878+0000] {processor.py:829} INFO - Processing file /home/airflow/.local/lib/python3.8/site-packages/airflow/example_dags/tutorial.py for tasks to queue
[2023-11-25T13:42:32.880+0000] {logging_mixin.py:154} INFO - [2023-11-25T13:42:32.880+0000] {dagbag.py:536} INFO - Filling up the DagBag from /home/airflow/.local/lib/python3.8/site-packages/airflow/example_dags/tutorial.py
[2023-11-25T13:42:32.886+0000] {processor.py:839} INFO - DAG(s) dict_keys(['tutorial']) retrieved from /home/airflow/.local/lib/python3.8/site-packages/airflow/example_dags/tutorial.py
[2023-11-25T13:42:32.907+0000] {logging_mixin.py:154} INFO - [2023-11-25T13:42:32.907+0000] {dag.py:2941} INFO - Sync 1 DAGs
[2023-11-25T13:42:32.929+0000] {logging_mixin.py:154} INFO - [2023-11-25T13:42:32.929+0000] {dag.py:3722} INFO - Setting next_dagrun for tutorial to 2023-11-24T13:42:32.928982+00:00, run_after=2023-11-25T13:42:32.928982+00:00
[2023-11-25T13:42:32.944+0000] {processor.py:179} INFO - Processing /home/airflow/.local/lib/python3.8/site-packages/airflow/example_dags/tutorial.py took 0.070 seconds
[2023-11-25T13:43:03.546+0000] {processor.py:157} INFO - Started process (PID=237) to work on /home/airflow/.local/lib/python3.8/site-packages/airflow/example_dags/tutorial.py
[2023-11-25T13:43:03.547+0000] {processor.py:829} INFO - Processing file /home/airflow/.local/lib/python3.8/site-packages/airflow/example_dags/tutorial.py for tasks to queue
[2023-11-25T13:43:03.549+0000] {logging_mixin.py:154} INFO - [2023-11-25T13:43:03.549+0000] {dagbag.py:536} INFO - Filling up the DagBag from /home/airflow/.local/lib/python3.8/site-packages/airflow/example_dags/tutorial.py
[2023-11-25T13:43:03.555+0000] {processor.py:839} INFO - DAG(s) dict_keys(['tutorial']) retrieved from /home/airflow/.local/lib/python3.8/site-packages/airflow/example_dags/tutorial.py
[2023-11-25T13:43:03.567+0000] {logging_mixin.py:154} INFO - [2023-11-25T13:43:03.567+0000] {dag.py:2941} INFO - Sync 1 DAGs
[2023-11-25T13:43:03.590+0000] {logging_mixin.py:154} INFO - [2023-11-25T13:43:03.589+0000] {dag.py:3722} INFO - Setting next_dagrun for tutorial to 2023-11-24T13:43:03.589669+00:00, run_after=2023-11-25T13:43:03.589669+00:00
[2023-11-25T13:43:03.607+0000] {processor.py:179} INFO - Processing /home/airflow/.local/lib/python3.8/site-packages/airflow/example_dags/tutorial.py took 0.064 seconds
[2023-11-25T13:43:34.204+0000] {processor.py:157} INFO - Started process (PID=291) to work on /home/airflow/.local/lib/python3.8/site-packages/airflow/example_dags/tutorial.py
[2023-11-25T13:43:34.204+0000] {processor.py:829} INFO - Processing file /home/airflow/.local/lib/python3.8/site-packages/airflow/example_dags/tutorial.py for tasks to queue
[2023-11-25T13:43:34.206+0000] {logging_mixin.py:154} INFO - [2023-11-25T13:43:34.206+0000] {dagbag.py:536} INFO - Filling up the DagBag from /home/airflow/.local/lib/python3.8/site-packages/airflow/example_dags/tutorial.py
[2023-11-25T13:43:34.212+0000] {processor.py:839} INFO - DAG(s) dict_keys(['tutorial']) retrieved from /home/airflow/.local/lib/python3.8/site-packages/airflow/example_dags/tutorial.py
[2023-11-25T13:43:34.234+0000] {logging_mixin.py:154} INFO - [2023-11-25T13:43:34.233+0000] {dag.py:2941} INFO - Sync 1 DAGs
[2023-11-25T13:43:34.261+0000] {logging_mixin.py:154} INFO - [2023-11-25T13:43:34.261+0000] {dag.py:3722} INFO - Setting next_dagrun for tutorial to 2023-11-24T13:43:34.261266+00:00, run_after=2023-11-25T13:43:34.261266+00:00
[2023-11-25T13:43:34.277+0000] {processor.py:179} INFO - Processing /home/airflow/.local/lib/python3.8/site-packages/airflow/example_dags/tutorial.py took 0.077 seconds
